<?xml version="1.0" encoding="UTF-8"?>
<testsuites name="Test Suite For Smoke Run" time="613" tests="2" failures="3" errors="1">
   <testsuite name="Test Suite For Smoke Run" tests="2" failures="3" errors="1" time="613" timestamp="2018-09-19 19:55:51" hostname="Braseela - DESKTOP-IC62SMV" id="Test Suites/Test Suite For Smoke Run">
      <properties>
         <property name="deviceName" value=""/>
         <property name="devicePlatform" value=""/>
         <property name="logFolder" value="D:\\Repo\\InApp-QA-Automation\\Mpulse_Automation\\Reports\\Test Suite For Smoke Run\\20180919_195545"/>
         <property name="logFiles" value="D:\\Repo\\InApp-QA-Automation\\Mpulse_Automation\\Reports\\Test Suite For Smoke Run\\20180919_195545\\execution0.log"/>
         <property name="attachments" value="D:\\Repo\\InApp-QA-Automation\\Mpulse_Automation\\Reports\\Test Suite For Smoke Run\\20180919_195545\\1537367297946.png, D:\\Repo\\InApp-QA-Automation\\Mpulse_Automation\\Reports\\Test Suite For Smoke Run\\20180919_195545\\1537367335446.png, D:\\Repo\\InApp-QA-Automation\\Mpulse_Automation\\Reports\\Test Suite For Smoke Run\\20180919_195545\\1537367461286.png, D:\\Repo\\InApp-QA-Automation\\Mpulse_Automation\\Reports\\Test Suite For Smoke Run\\20180919_195545\\1537367520772.png, D:\\Repo\\InApp-QA-Automation\\Mpulse_Automation\\Reports\\Test Suite For Smoke Run\\20180919_195545\\1537367558481.png, D:\\Repo\\InApp-QA-Automation\\Mpulse_Automation\\Reports\\Test Suite For Smoke Run\\20180919_195545\\1537367702477.png, D:\\Repo\\InApp-QA-Automation\\Mpulse_Automation\\Reports\\Test Suite For Smoke Run\\20180919_195545\\1537367742183.png, D:\\Repo\\InApp-QA-Automation\\Mpulse_Automation\\Reports\\Test Suite For Smoke Run\\20180919_195545\\1537367745658.png, D:\\Repo\\InApp-QA-Automation\\Mpulse_Automation\\Reports\\Test Suite For Smoke Run\\20180919_195545\\1537367764305.png"/>
         <property name="hostName" value="Braseela - DESKTOP-IC62SMV"/>
         <property name="os" value="Windows 10 64bit"/>
         <property name="katalonVersion" value="5.4.1.1"/>
         <property name="browser" value="Chrome 69.0.3497.100"/>
         <property name="hostAddress" value="192.168.4.18"/>
         <property name="sessionId" value="5a409e240308398f4abba16dcab6cb36"/>
         <property name="seleniumVersion" value="3.7.1"/>
         <property name="proxyInformation" value="ProxyInformation{proxyOption=NO_PROXY, proxyServerType=HTTP, password=, proxyServerAddress=, proxyServerPort=0}"/>
         <property name="platform" value="Windows 10"/>
      </properties>
      <testcase name="Test Cases/SANT-TC-024_Search_Value EQU-SEM-007" classname="Test Cases/SANT-TC-024_Search_Value EQU-SEM-007" status="PASSED">
         <system-out><![CDATA[2018-09-19 19:55:52 - [TEST_CASE][PASSED] - Test Cases/SANT-TC-024_Search_Value EQU-SEM-007: Test Cases/SANT-TC-024_Search_Value EQU-SEM-007

2018-09-19 19:55:52 - [TEST_STEP][PASSED] - Statement - env = com.kms.katalon.core.testdata.TestDataFactory.findTestData(Environment).getValue(2, 1): Test data is internal data, reading internal data

2018-09-19 19:55:53 - [TEST_STEP][PASSED] - Statement - userName = com.kms.katalon.core.testdata.TestDataFactory.findTestData(Login/Login_fields).getValue(1, 1): Test data is internal data, reading internal data

2018-09-19 19:55:53 - [TEST_STEP][PASSED] - Statement - password = com.kms.katalon.core.testdata.TestDataFactory.findTestData(Login/Login_fields).getValue(2, 1): Test data is internal data, reading internal data

2018-09-19 19:55:53 - [TEST_STEP][PASSED] - Statement - dbName = com.kms.katalon.core.testdata.TestDataFactory.findTestData(Login/Login_fields).getValue(3, 1): Test data is internal data, reading internal data

2018-09-19 19:55:53 - [TEST_STEP][PASSED] - commonUtils.Common.navigateToURL: commonUtils.Common.navigateToURL is PASSED

2018-09-19 19:55:58 - [MESSAGE][PASSED] - Browser is opened with url: ''

2018-09-19 19:55:59 - [MESSAGE][PASSED] - Current window maximized

2018-09-19 19:56:06 - [MESSAGE][PASSED] - Navigate to 'https://mpulse8.com/#/' successfully

2018-09-19 19:56:06 - [MESSAGE][PASSED] - commonUtils.Common.navigateToURL is PASSED

2018-09-19 19:56:06 - [TEST_STEP][PASSED] - commonUtils.Common.login: commonUtils.Common.login is PASSED

2018-09-19 19:56:07 - [MESSAGE][PASSED] - Object 'Object Repository/loginPage/username' is clickable

2018-09-19 19:56:07 - [MESSAGE][PASSED] - Text 'abhi' is set on object 'Object Repository/loginPage/username'

2018-09-19 19:56:08 - [MESSAGE][PASSED] - Text '123456' is set on object 'Object Repository/loginPage/password'

2018-09-19 19:56:08 - [MESSAGE][PASSED] - Keys 'mpulse8_inapp' sent to object: 'Object Repository/loginPage/database_name'

2018-09-19 19:56:08 - [MESSAGE][PASSED] - Object: 'Object Repository/loginPage/Login_btn' is clicked on

2018-09-19 19:56:08 - [MESSAGE][PASSED] - commonUtils.Common.login is PASSED

2018-09-19 19:56:08 - [TEST_STEP][PASSED] - search.MA_General.searchMA: search.MA_General.searchMA is PASSED

2018-09-19 19:56:19 - [MESSAGE][WARNING] - Web element with id: 'Object Repository/search/MA_click' located by 'By.xpath: //a[contains(text(),"Maintenance Advisor")]' not found

2018-09-19 19:56:19 - [MESSAGE][PASSED] - Object: 'Object Repository/search/MA_click' is clicked on

2018-09-19 19:56:20 - [MESSAGE][PASSED] - Angular is ready.

2018-09-19 19:56:20 - [MESSAGE][PASSED] - Text 'EQU-SEM-007' is set on object 'Object Repository/search/search_text_box'

2018-09-19 19:56:30 - [MESSAGE][PASSED] - Delayed 10 second(s)

2018-09-19 19:56:30 - [MESSAGE][PASSED] - Object: 'Object Repository/search/search_click' is clicked on

2018-09-19 19:56:30 - [MESSAGE][PASSED] - Wait for page load successfully

2018-09-19 19:56:31 - [MESSAGE][PASSED] - Object 'Object Repository/search/search_results' is present

2018-09-19 19:56:31 - [MESSAGE][PASSED] - Object 'Object Repository/search/search_results' is present

2018-09-19 19:56:32 - [MESSAGE][PASSED] - Object 'Object Repository/search/search_desc' is present

2018-09-19 19:56:32 - [MESSAGE][PASSED] - search.MA_General.searchMA is PASSED

2018-09-19 19:56:32 - [TEST_STEP][PASSED] - commonUtils.Common.logoutAndCloseBrowser: commonUtils.Common.logoutAndCloseBrowser is PASSED

2018-09-19 19:56:37 - [MESSAGE][PASSED] - Delayed 5 second(s)

2018-09-19 19:56:37 - [MESSAGE][PASSED] - Object: 'Object Repository/homePage/settings' is clicked on

2018-09-19 19:56:38 - [MESSAGE][PASSED] - Object: 'Object Repository/workOrder/WORecords' is clicked on

2018-09-19 19:56:38 - [MESSAGE][PASSED] - Object 'Object Repository/loginPage/username' is present

2018-09-19 19:56:38 - [MESSAGE][PASSED] - Browser is closed

2018-09-19 19:56:38 - [MESSAGE][PASSED] - commonUtils.Common.logoutAndCloseBrowser is PASSED]]></system-out>
         <system-err><![CDATA[]]></system-err>
      </testcase>
      <testcase name="Test Cases/SANT-TC-024_Search_Value EQU-SEM-1.1" classname="Test Cases/SANT-TC-024_Search_Value EQU-SEM-1.1" status="PASSED">
         <system-out><![CDATA[2018-09-19 19:56:38 - [TEST_CASE][PASSED] - Test Cases/SANT-TC-024_Search_Value EQU-SEM-1.1: Test Cases/SANT-TC-024_Search_Value EQU-SEM-1.1

2018-09-19 19:56:39 - [TEST_STEP][PASSED] - Statement - env = com.kms.katalon.core.testdata.TestDataFactory.findTestData(Environment).getValue(2, 1): Test data is internal data, reading internal data

2018-09-19 19:56:39 - [TEST_STEP][PASSED] - Statement - userName = com.kms.katalon.core.testdata.TestDataFactory.findTestData(Login/Login_fields).getValue(1, 1): Test data is internal data, reading internal data

2018-09-19 19:56:39 - [TEST_STEP][PASSED] - Statement - password = com.kms.katalon.core.testdata.TestDataFactory.findTestData(Login/Login_fields).getValue(2, 1): Test data is internal data, reading internal data

2018-09-19 19:56:39 - [TEST_STEP][PASSED] - Statement - dbName = com.kms.katalon.core.testdata.TestDataFactory.findTestData(Login/Login_fields).getValue(3, 1): Test data is internal data, reading internal data

2018-09-19 19:56:39 - [TEST_STEP][PASSED] - commonUtils.Common.navigateToURL: commonUtils.Common.navigateToURL is PASSED

2018-09-19 19:56:41 - [MESSAGE][PASSED] - Browser is opened with url: ''

2018-09-19 19:56:42 - [MESSAGE][PASSED] - Current window maximized

2018-09-19 19:56:49 - [MESSAGE][PASSED] - Navigate to 'https://mpulse8.com/#/' successfully

2018-09-19 19:56:49 - [MESSAGE][PASSED] - commonUtils.Common.navigateToURL is PASSED

2018-09-19 19:56:49 - [TEST_STEP][PASSED] - commonUtils.Common.login: commonUtils.Common.login is PASSED

2018-09-19 19:56:49 - [MESSAGE][PASSED] - Object 'Object Repository/loginPage/username' is clickable

2018-09-19 19:56:49 - [MESSAGE][PASSED] - Text 'abhi' is set on object 'Object Repository/loginPage/username'

2018-09-19 19:56:50 - [MESSAGE][PASSED] - Text '123456' is set on object 'Object Repository/loginPage/password'

2018-09-19 19:56:50 - [MESSAGE][PASSED] - Keys 'mpulse8_inapp' sent to object: 'Object Repository/loginPage/database_name'

2018-09-19 19:56:50 - [MESSAGE][PASSED] - Object: 'Object Repository/loginPage/Login_btn' is clicked on

2018-09-19 19:56:50 - [MESSAGE][PASSED] - commonUtils.Common.login is PASSED

2018-09-19 19:56:50 - [TEST_STEP][PASSED] - search.MA_General.searchMA: search.MA_General.searchMA is PASSED

2018-09-19 19:57:01 - [MESSAGE][WARNING] - Web element with id: 'Object Repository/search/MA_click' located by 'By.xpath: //a[contains(text(),"Maintenance Advisor")]' not found

2018-09-19 19:57:07 - [MESSAGE][PASSED] - Object: 'Object Repository/search/MA_click' is clicked on

2018-09-19 19:57:07 - [MESSAGE][PASSED] - Angular is ready.

2018-09-19 19:57:07 - [MESSAGE][PASSED] - Text 'EQU-SEM-1.1' is set on object 'Object Repository/search/search_text_box'

2018-09-19 19:57:17 - [MESSAGE][PASSED] - Delayed 10 second(s)

2018-09-19 19:57:17 - [MESSAGE][PASSED] - Object: 'Object Repository/search/search_click' is clicked on

2018-09-19 19:57:17 - [MESSAGE][PASSED] - Wait for page load successfully

2018-09-19 19:57:20 - [MESSAGE][PASSED] - Object 'Object Repository/search/search_results' is present

2018-09-19 19:57:20 - [MESSAGE][PASSED] - Object 'Object Repository/search/search_results' is present

2018-09-19 19:57:21 - [MESSAGE][PASSED] - Object 'Object Repository/search/search_desc' is present

2018-09-19 19:57:21 - [MESSAGE][PASSED] - search.MA_General.searchMA is PASSED

2018-09-19 19:57:21 - [TEST_STEP][PASSED] - commonUtils.Common.logoutAndCloseBrowser: commonUtils.Common.logoutAndCloseBrowser is PASSED

2018-09-19 19:57:26 - [MESSAGE][PASSED] - Delayed 5 second(s)

2018-09-19 19:57:26 - [MESSAGE][PASSED] - Object: 'Object Repository/homePage/settings' is clicked on

2018-09-19 19:57:26 - [MESSAGE][PASSED] - Object: 'Object Repository/workOrder/WORecords' is clicked on

2018-09-19 19:57:26 - [MESSAGE][PASSED] - Object 'Object Repository/loginPage/username' is present

2018-09-19 19:57:27 - [MESSAGE][PASSED] - Browser is closed

2018-09-19 19:57:27 - [MESSAGE][PASSED] - commonUtils.Common.logoutAndCloseBrowser is PASSED]]></system-out>
         <system-err><![CDATA[]]></system-err>
      </testcase>
      <testcase name="Test Cases/SANT-TC-015_Search WO_Record MR to WKO - Old" classname="Test Cases/SANT-TC-015_Search WO_Record MR to WKO - Old" status="ERROR">
         <error type="ERROR" message="Test Cases/SANT-TC-015_Search WO_Record MR to WKO - Old FAILED because (of) java.lang.ClassNotFoundException: maintenance_Records.MR_SearchwithOld"/>
         <system-out><![CDATA[2018-09-19 19:57:27 - [TEST_CASE][ERROR] - Test Cases/SANT-TC-015_Search WO_Record MR to WKO - Old: Test Cases/SANT-TC-015_Search WO_Record MR to WKO - Old FAILED because (of) java.lang.ClassNotFoundException: maintenance_Records.MR_SearchwithOld

2018-09-19 19:57:27 - [TEST_STEP][PASSED] - Statement - env = com.kms.katalon.core.testdata.TestDataFactory.findTestData(Environment).getValue(2, 1): Test data is internal data, reading internal data

2018-09-19 19:57:27 - [TEST_STEP][PASSED] - Statement - userName = com.kms.katalon.core.testdata.TestDataFactory.findTestData(Login/Login_fields).getValue(1, 1): Test data is internal data, reading internal data

2018-09-19 19:57:27 - [TEST_STEP][PASSED] - Statement - password = com.kms.katalon.core.testdata.TestDataFactory.findTestData(Login/Login_fields).getValue(2, 1): Test data is internal data, reading internal data

2018-09-19 19:57:27 - [TEST_STEP][PASSED] - Statement - dbName = com.kms.katalon.core.testdata.TestDataFactory.findTestData(Login/Login_fields).getValue(3, 1): Test data is internal data, reading internal data

2018-09-19 19:57:27 - [TEST_STEP][PASSED] - commonUtils.Common.navigateToURL: commonUtils.Common.navigateToURL is PASSED

2018-09-19 19:57:29 - [MESSAGE][PASSED] - Browser is opened with url: ''

2018-09-19 19:57:31 - [MESSAGE][PASSED] - Current window maximized

2018-09-19 19:57:38 - [MESSAGE][PASSED] - Navigate to 'https://mpulse8.com/#/' successfully

2018-09-19 19:57:38 - [MESSAGE][PASSED] - commonUtils.Common.navigateToURL is PASSED

2018-09-19 19:57:38 - [TEST_STEP][PASSED] - commonUtils.Common.login: commonUtils.Common.login is PASSED

2018-09-19 19:57:38 - [MESSAGE][PASSED] - Object 'Object Repository/loginPage/username' is clickable

2018-09-19 19:57:38 - [MESSAGE][PASSED] - Text 'abhi' is set on object 'Object Repository/loginPage/username'

2018-09-19 19:57:39 - [MESSAGE][PASSED] - Text '123456' is set on object 'Object Repository/loginPage/password'

2018-09-19 19:57:39 - [MESSAGE][PASSED] - Keys 'mpulse8_inapp' sent to object: 'Object Repository/loginPage/database_name'

2018-09-19 19:57:39 - [MESSAGE][PASSED] - Object: 'Object Repository/loginPage/Login_btn' is clicked on

2018-09-19 19:57:39 - [MESSAGE][PASSED] - commonUtils.Common.login is PASSED

2018-09-19 19:57:39 - [TEST_STEP][ERROR] - maintenance_Records.MR_SearchwithOld.MRDescSearch: maintenance_Records.MR_SearchwithOld

2018-09-19 19:57:39 - [MESSAGE][ERROR] - maintenance_Records.MR_SearchwithOld]]></system-out>
         <system-err><![CDATA[2018-09-19 19:57:27 - [TEST_CASE][ERROR] - Test Cases/SANT-TC-015_Search WO_Record MR to WKO - Old: Test Cases/SANT-TC-015_Search WO_Record MR to WKO - Old FAILED because (of) java.lang.ClassNotFoundException: maintenance_Records.MR_SearchwithOld]]></system-err>
      </testcase>
      <testcase name="Test Cases/SANT-TC-014_Search WO_Record MR to WKO" classname="Test Cases/SANT-TC-014_Search WO_Record MR to WKO" status="FAILED">
         <failure type="FAILED" message="Unable to get attribute (Root cause: java.lang.IllegalArgumentException: Object is null)"/>
         <system-out><![CDATA[2018-09-19 19:57:39 - [TEST_CASE][FAILED] - Test Cases/SANT-TC-014_Search WO_Record MR to WKO: Test Cases/SANT-TC-014_Search WO_Record MR to WKO FAILED because (of) Unable to get attribute (Root cause: java.lang.IllegalArgumentException: Object is null)

2018-09-19 19:57:40 - [TEST_STEP][PASSED] - Statement - woDescription = com.kms.katalon.core.testdata.TestDataFactory.findTestData(maintenanceRecords/MR).getValue(1, 1): Test data is internal data, reading internal data

2018-09-19 19:57:40 - [TEST_STEP][PASSED] - Statement - assetName = com.kms.katalon.core.testdata.TestDataFactory.findTestData(maintenanceRecords/MR).getValue(2, 1): Test data is internal data, reading internal data

2018-09-19 19:57:40 - [TEST_STEP][PASSED] - Statement - inventoryName = com.kms.katalon.core.testdata.TestDataFactory.findTestData(maintenanceRecords/MR).getValue(3, 1): Test data is internal data, reading internal data

2018-09-19 19:57:40 - [TEST_STEP][PASSED] - Statement - woDes = woDescription + "_" + java.lang.System.currentTimeMillis(): null

2018-09-19 19:57:40 - [TEST_STEP][PASSED] - maintenance_Records.MR_Creation_FormLayout.MRCreation: maintenance_Records.MR_Creation_FormLayout.MRCreation is PASSED

2018-09-19 19:57:40 - [MESSAGE][WARNING] - A browser is already opened. Closing browser and opening a new one

2018-09-19 19:57:43 - [MESSAGE][PASSED] - Browser is opened with url: ''

2018-09-19 19:57:44 - [MESSAGE][PASSED] - Current window maximized

2018-09-19 19:57:52 - [MESSAGE][PASSED] - Navigate to 'https://mpulse8.com/#/' successfully

2018-09-19 19:57:52 - [MESSAGE][PASSED] - Object 'Object Repository/loginPage/username' is clickable

2018-09-19 19:57:52 - [MESSAGE][PASSED] - Text 'abhi' is set on object 'Object Repository/loginPage/username'

2018-09-19 19:57:52 - [MESSAGE][PASSED] - Text '123456' is set on object 'Object Repository/loginPage/password'

2018-09-19 19:57:53 - [MESSAGE][PASSED] - Keys 'mpulse8_inapp' sent to object: 'Object Repository/loginPage/database_name'

2018-09-19 19:57:53 - [MESSAGE][PASSED] - Object: 'Object Repository/loginPage/Login_btn' is clicked on

2018-09-19 19:57:53 - [MESSAGE][PASSED] - Wait for page load successfully

2018-09-19 19:58:10 - [MESSAGE][PASSED] - Object: 'Object Repository/workOrder/workOrders' is clicked on

2018-09-19 19:58:10 - [MESSAGE][PASSED] - Object: 'Object Repository/workOrder/WORecords' is clicked on

2018-09-19 19:58:13 - [MESSAGE][PASSED] - Delayed 3 second(s)

2018-09-19 19:58:18 - [MESSAGE][FAILED] - Unable to click on object 'Object Repository/workOrder/cancel' (Root cause: org.openqa.selenium.ElementNotVisibleException: element not visible
  (Session info: chrome=69.0.3497.100)
  (Driver info: chromedriver=2.35.528161 (5b82f2d2aae0ca24b877009200ced9065a772e73),platform=Windows NT 10.0.16299 x86_64) (WARNING: The server did not provide any stacktrace information)
Command duration or timeout: 0 milliseconds
Build info: version: '3.7.1', revision: '8a0099a', time: '2017-11-06T21:07:36.161Z'
System info: host: 'DESKTOP-IC62SMV', ip: '192.168.4.18', os.name: 'Windows 10', os.arch: 'amd64', os.version: '10.0', java.version: '1.8.0_102'
Driver info: com.kms.katalon.selenium.driver.CChromeDriver
Capabilities {acceptInsecureCerts: false, acceptSslCerts: false, applicationCacheEnabled: false, browserConnectionEnabled: false, browserName: chrome, chrome: {chromedriverVersion: 2.35.528161 (5b82f2d2aae0ca..., userDataDir: C:\Users\Braseela\AppData\L...}, cssSelectorsEnabled: true, databaseEnabled: false, handlesAlerts: true, hasTouchScreen: false, javascriptEnabled: true, locationContextEnabled: true, mobileEmulationEnabled: false, nativeEvents: true, networkConnectionEnabled: false, pageLoadStrategy: normal, platform: XP, platformName: XP, rotatable: false, setWindowRect: true, takesHeapSnapshot: true, takesScreenshot: true, unexpectedAlertBehaviour: , unhandledPromptBehavior: , version: 69.0.3497.100, webStorageEnabled: true}
Session ID: 3868aeff845efad01efc8bd09bfb1987)
[[ATTACHMENT|D:\\Repo\\InApp-QA-Automation\\Mpulse_Automation\\Reports\\Test Suite For Smoke Run\\20180919_195545\\1537367297946.png]]

2018-09-19 19:58:18 - [MESSAGE][PASSED] - Wait for page load successfully

2018-09-19 19:58:21 - [MESSAGE][PASSED] - Delayed 3 second(s)

2018-09-19 19:58:24 - [MESSAGE][WARNING] - Web element with id: 'Object Repository/workOrder/expandAndMinimize' located by 'By.xpath: //a[@title='Show']' not found

2018-09-19 19:58:55 - [MESSAGE][FAILED] - Unable to click on object 'Object Repository/workOrder/expandAndMinimize' (Root cause: com.kms.katalon.core.webui.exception.WebElementNotFoundException: Web element with id: 'Object Repository/workOrder/expandAndMinimize' located by 'By.xpath: //a[@title='Show']' not found)
[[ATTACHMENT|D:\\Repo\\InApp-QA-Automation\\Mpulse_Automation\\Reports\\Test Suite For Smoke Run\\20180919_195545\\1537367335446.png]]

2018-09-19 19:58:55 - [MESSAGE][PASSED] - Wait for page load successfully

2018-09-19 19:58:58 - [MESSAGE][PASSED] - Delayed 3 second(s)

2018-09-19 19:58:58 - [MESSAGE][PASSED] - Object 'Object Repository/workOrder/hideListLayout' is clickable

2018-09-19 19:58:59 - [MESSAGE][PASSED] - Object: 'Object Repository/workOrder/hideListLayout' is clicked on

2018-09-19 19:59:02 - [MESSAGE][PASSED] - Delayed 3 second(s)

2018-09-19 19:59:02 - [MESSAGE][PASSED] - Wait for page load successfully

2018-09-19 19:59:02 - [MESSAGE][PASSED] - Angular is ready.

2018-09-19 19:59:02 - [MESSAGE][PASSED] - Object 'Object Repository/workOrder/addAndEdit' is clickable

2018-09-19 19:59:02 - [MESSAGE][PASSED] - Object: 'Object Repository/workOrder/addAndEdit' is clicked on

2018-09-19 19:59:02 - [MESSAGE][PASSED] - Wait for page load successfully

2018-09-19 19:59:04 - [MESSAGE][PASSED] - Angular is ready.

2018-09-19 19:59:04 - [MESSAGE][PASSED] - Object 'Object Repository/workOrder/workOrderTabs' is clickable

2018-09-19 19:59:04 - [MESSAGE][PASSED] - Object: 'Object Repository/workOrder/workOrderTabs' is clicked on

2018-09-19 19:59:04 - [MESSAGE][PASSED] - Wait for page load successfully

2018-09-19 19:59:06 - [MESSAGE][PASSED] - Keys 'MR Sanity Test__1537367260209' sent to object: 'Object Repository/workOrder/description'

2018-09-19 19:59:09 - [MESSAGE][PASSED] - Delayed 3 second(s)

2018-09-19 19:59:09 - [MESSAGE][PASSED] - Object: 'Object Repository/workOrder/woTypeAndGroup' is clicked on

2018-09-19 19:59:12 - [MESSAGE][PASSED] - Delayed 3 second(s)

2018-09-19 19:59:13 - [MESSAGE][PASSED] - Object: 'Object Repository/workOrder/groupAndType' is clicked on

2018-09-19 19:59:16 - [MESSAGE][PASSED] - Delayed 3 second(s)

2018-09-19 19:59:16 - [MESSAGE][PASSED] - Object: 'Object Repository/workOrder/woTypeAndGroup' is clicked on

2018-09-19 19:59:19 - [MESSAGE][PASSED] - Delayed 3 second(s)

2018-09-19 19:59:19 - [MESSAGE][PASSED] - Object: 'Object Repository/workOrder/groupAndType' is clicked on

2018-09-19 19:59:34 - [MESSAGE][PASSED] - Delayed 15 second(s)

2018-09-19 19:59:35 - [MESSAGE][PASSED] - Object: 'Object Repository/maintenanceRecords/specific_asset_drop' is clicked on

2018-09-19 19:59:36 - [MESSAGE][PASSED] - Text 'EQU-194-2018 (Test Sanity Asset)' is set on object 'Object Repository/maintenanceRecords/specific_asset_drop'

2018-09-19 19:59:39 - [MESSAGE][PASSED] - Delayed 3 second(s)

2018-09-19 19:59:39 - [MESSAGE][PASSED] - Object: 'Object Repository/workOrder/groupAndType' is clicked on

2018-09-19 19:59:44 - [MESSAGE][PASSED] - Delayed 5 second(s)

2018-09-19 19:59:47 - [MESSAGE][PASSED] - Delayed 3 second(s)

2018-09-19 19:59:48 - [MESSAGE][PASSED] - Object: 'Object Repository/workOrder/woTypeAndGroup' is clicked on

2018-09-19 19:59:51 - [MESSAGE][PASSED] - Delayed 3 second(s)

2018-09-19 19:59:51 - [MESSAGE][PASSED] - Object: 'Object Repository/workOrder/groupAndType' is clicked on

2018-09-19 19:59:54 - [MESSAGE][PASSED] - Delayed 3 second(s)

2018-09-19 19:59:57 - [MESSAGE][PASSED] - Delayed 3 second(s)

2018-09-19 19:59:57 - [MESSAGE][PASSED] - Object: 'Object Repository/workOrder/woTypeAndGroup' is clicked on

2018-09-19 20:00:00 - [MESSAGE][PASSED] - Delayed 3 second(s)

2018-09-19 20:00:01 - [MESSAGE][PASSED] - Object: 'Object Repository/workOrder/groupAndType' is clicked on

2018-09-19 20:00:04 - [MESSAGE][PASSED] - Delayed 3 second(s)

2018-09-19 20:00:07 - [MESSAGE][PASSED] - Delayed 3 second(s)

2018-09-19 20:00:07 - [MESSAGE][PASSED] - Object: 'Object Repository/workOrder/woTypeAndGroup' is clicked on

2018-09-19 20:00:10 - [MESSAGE][PASSED] - Delayed 3 second(s)

2018-09-19 20:00:10 - [MESSAGE][PASSED] - Object: 'Object Repository/workOrder/groupAndType' is clicked on

2018-09-19 20:00:11 - [MESSAGE][PASSED] - Object 'Object Repository/workOrder/workOrderTabs' is clickable

2018-09-19 20:00:12 - [MESSAGE][PASSED] - Object: 'Object Repository/workOrder/workOrderTabs' is clicked on

2018-09-19 20:00:13 - [MESSAGE][PASSED] - Object 'Object Repository/maintenanceRecords/link_Inventory' is clickable

2018-09-19 20:00:14 - [MESSAGE][PASSED] - Object: 'Object Repository/maintenanceRecords/link_Inventory' is clicked on

2018-09-19 20:00:14 - [MESSAGE][PASSED] - Wait for page load successfully

2018-09-19 20:00:20 - [MESSAGE][PASSED] - Delayed 6 second(s)

2018-09-19 20:00:20 - [MESSAGE][PASSED] - Keys 'PRT-144' sent to object: 'Object Repository/workOrder/infoLink_Search'

2018-09-19 20:00:26 - [MESSAGE][PASSED] - Delayed 6 second(s)

2018-09-19 20:00:27 - [MESSAGE][PASSED] - Object: 'Object Repository/workOrder/taskAndAssetID' is clicked on

2018-09-19 20:00:27 - [MESSAGE][PASSED] - Object: 'Object Repository/maintenanceRecords/Link_Inv' is clicked on

2018-09-19 20:00:27 - [MESSAGE][PASSED] - Object 'Object Repository/workOrder/save' is clickable

2018-09-19 20:00:28 - [MESSAGE][PASSED] - Angular is ready.

2018-09-19 20:00:29 - [MESSAGE][PASSED] - Object: 'Object Repository/workOrder/save' is clicked on

2018-09-19 20:00:34 - [MESSAGE][PASSED] - Angular is ready.

2018-09-19 20:00:34 - [MESSAGE][PASSED] - Object: 'Object Repository/workOrder/calendar_OK' is clicked on

2018-09-19 20:00:39 - [MESSAGE][PASSED] - Delayed 5 second(s)

2018-09-19 20:00:39 - [MESSAGE][PASSED] - Object: 'Object Repository/workOrder/workOrderTabs' is clicked on

2018-09-19 20:00:39 - [MESSAGE][PASSED] - Text of object 'Object Repository/workOrder/WO_ID' is: 'WRQ-01009'

2018-09-19 20:00:40 - [MESSAGE][PASSED] - Object 'Object Repository/workOrder/WO_description' is present

2018-09-19 20:00:40 - [MESSAGE][PASSED] - maintenance_Records.MR_Creation_FormLayout.MRCreation is PASSED

2018-09-19 20:00:40 - [TEST_STEP][FAILED] - search.MA_General.searchMAForMRtoWO_New: Unable to get attribute (Root cause: java.lang.IllegalArgumentException: Object is null)

2018-09-19 20:00:40 - [MESSAGE][PASSED] - Object 'Object Repository/maintenanceRecords/converttoWO' is clickable

2018-09-19 20:00:40 - [MESSAGE][PASSED] - Wait for page load successfully

2018-09-19 20:00:40 - [MESSAGE][PASSED] - Object: 'Object Repository/maintenanceRecords/converttoWO' is clicked on

2018-09-19 20:00:40 - [MESSAGE][PASSED] - Object 'Object Repository/maintenanceRecords/confirmYes' is present

2018-09-19 20:00:45 - [MESSAGE][PASSED] - Delayed 5 second(s)

2018-09-19 20:00:45 - [MESSAGE][PASSED] - Object: 'Object Repository/maintenanceRecords/confirmYes' is clicked on

2018-09-19 20:00:53 - [MESSAGE][PASSED] - Delayed 8 second(s)

2018-09-19 20:00:54 - [MESSAGE][PASSED] - Object: 'Object Repository/maintenanceRecords/confirmYes' is clicked on

2018-09-19 20:00:54 - [MESSAGE][PASSED] - Wait for page load successfully

2018-09-19 20:01:01 - [MESSAGE][PASSED] - Angular is ready.

2018-09-19 20:01:01 - [MESSAGE][PASSED] - Object 'Object Repository/workOrder/WO_description' is present

2018-09-19 20:01:01 - [MESSAGE][WARNING] - Test object with id 'Object Repository/maintenanceRecords/MR_ID' does not exist

2018-09-19 20:01:01 - [MESSAGE][WARNING] - Test object with id 'Object Repository/' does not exist

2018-09-19 20:01:01 - [MESSAGE][FAILED] - Unable to get attribute (Root cause: java.lang.IllegalArgumentException: Object is null)
[[ATTACHMENT|D:\\Repo\\InApp-QA-Automation\\Mpulse_Automation\\Reports\\Test Suite For Smoke Run\\20180919_195545\\1537367461286.png]]

2018-09-19 20:01:01 - [MESSAGE][FAILED] - Unable to get attribute (Root cause: java.lang.IllegalArgumentException: Object is null)]]></system-out>
         <system-err><![CDATA[2018-09-19 19:57:39 - [TEST_CASE][FAILED] - Test Cases/SANT-TC-014_Search WO_Record MR to WKO: Test Cases/SANT-TC-014_Search WO_Record MR to WKO FAILED because (of) Unable to get attribute (Root cause: java.lang.IllegalArgumentException: Object is null)]]></system-err>
      </testcase>
      <testcase name="Test Cases/SANT-TC-004_MA_Search-WKO_Closed" classname="Test Cases/SANT-TC-004_MA_Search-WKO_Closed" status="FAILED">
         <failure type="FAILED" message="Unable to verify object is present (Root cause: java.lang.IllegalArgumentException: Object is null)"/>
         <system-out><![CDATA[2018-09-19 20:01:01 - [TEST_CASE][FAILED] - Test Cases/SANT-TC-004_MA_Search-WKO_Closed: Test Cases/SANT-TC-004_MA_Search-WKO_Closed FAILED because (of) Unable to verify object is present (Root cause: java.lang.IllegalArgumentException: Object is null)

2018-09-19 20:01:02 - [TEST_STEP][PASSED] - Statement - woDescription = com.kms.katalon.core.testdata.TestDataFactory.findTestData(workOrder/workOrder).getValue(1, 1): Test data is internal data, reading internal data

2018-09-19 20:01:02 - [TEST_STEP][PASSED] - Statement - taskName = com.kms.katalon.core.testdata.TestDataFactory.findTestData(workOrder/workOrder).getValue(2, 1): Test data is internal data, reading internal data

2018-09-19 20:01:02 - [TEST_STEP][PASSED] - Statement - assetName = com.kms.katalon.core.testdata.TestDataFactory.findTestData(workOrder/workOrder).getValue(3, 1): Test data is internal data, reading internal data

2018-09-19 20:01:02 - [TEST_STEP][PASSED] - Statement - inventoryName = com.kms.katalon.core.testdata.TestDataFactory.findTestData(workOrder/workOrder).getValue(4, 1): Test data is internal data, reading internal data

2018-09-19 20:01:02 - [TEST_STEP][PASSED] - Statement - woDes = woDescription + java.lang.System.currentTimeMillis(): null

2018-09-19 20:01:02 - [TEST_STEP][PASSED] - work_Order.WO_Creation_FormLayout.workOrderCreation: work_Order.WO_Creation_FormLayout.workOrderCreation is PASSED

2018-09-19 20:01:02 - [MESSAGE][WARNING] - A browser is already opened. Closing browser and opening a new one

2018-09-19 20:01:05 - [MESSAGE][PASSED] - Browser is opened with url: ''

2018-09-19 20:01:06 - [MESSAGE][PASSED] - Current window maximized

2018-09-19 20:01:18 - [MESSAGE][PASSED] - Navigate to 'https://mpulse8.com/#/' successfully

2018-09-19 20:01:18 - [MESSAGE][PASSED] - Object 'Object Repository/loginPage/username' is clickable

2018-09-19 20:01:18 - [MESSAGE][PASSED] - Text 'abhi' is set on object 'Object Repository/loginPage/username'

2018-09-19 20:01:19 - [MESSAGE][PASSED] - Text '123456' is set on object 'Object Repository/loginPage/password'

2018-09-19 20:01:19 - [MESSAGE][PASSED] - Keys 'mpulse8_inapp' sent to object: 'Object Repository/loginPage/database_name'

2018-09-19 20:01:24 - [MESSAGE][PASSED] - Object: 'Object Repository/loginPage/Login_btn' is clicked on

2018-09-19 20:01:24 - [MESSAGE][PASSED] - Wait for page load successfully

2018-09-19 20:01:29 - [MESSAGE][PASSED] - Delayed 5 second(s)

2018-09-19 20:01:48 - [MESSAGE][PASSED] - Object: 'Object Repository/workOrder/workOrders' is clicked on

2018-09-19 20:01:53 - [MESSAGE][PASSED] - Object: 'Object Repository/workOrder/WORecords' is clicked on

2018-09-19 20:01:56 - [MESSAGE][PASSED] - Delayed 3 second(s)

2018-09-19 20:02:01 - [MESSAGE][FAILED] - Unable to click on object 'Object Repository/workOrder/cancel' (Root cause: org.openqa.selenium.ElementNotVisibleException: element not visible
  (Session info: chrome=69.0.3497.100)
  (Driver info: chromedriver=2.35.528161 (5b82f2d2aae0ca24b877009200ced9065a772e73),platform=Windows NT 10.0.16299 x86_64) (WARNING: The server did not provide any stacktrace information)
Command duration or timeout: 0 milliseconds
Build info: version: '3.7.1', revision: '8a0099a', time: '2017-11-06T21:07:36.161Z'
System info: host: 'DESKTOP-IC62SMV', ip: '192.168.4.18', os.name: 'Windows 10', os.arch: 'amd64', os.version: '10.0', java.version: '1.8.0_102'
Driver info: com.kms.katalon.selenium.driver.CChromeDriver
Capabilities {acceptInsecureCerts: false, acceptSslCerts: false, applicationCacheEnabled: false, browserConnectionEnabled: false, browserName: chrome, chrome: {chromedriverVersion: 2.35.528161 (5b82f2d2aae0ca..., userDataDir: C:\Users\Braseela\AppData\L...}, cssSelectorsEnabled: true, databaseEnabled: false, handlesAlerts: true, hasTouchScreen: false, javascriptEnabled: true, locationContextEnabled: true, mobileEmulationEnabled: false, nativeEvents: true, networkConnectionEnabled: false, pageLoadStrategy: normal, platform: XP, platformName: XP, rotatable: false, setWindowRect: true, takesHeapSnapshot: true, takesScreenshot: true, unexpectedAlertBehaviour: , unhandledPromptBehavior: , version: 69.0.3497.100, webStorageEnabled: true}
Session ID: 00623e95ff7c1bb299b36d72e844f5e8)
[[ATTACHMENT|D:\\Repo\\InApp-QA-Automation\\Mpulse_Automation\\Reports\\Test Suite For Smoke Run\\20180919_195545\\1537367520772.png]]

2018-09-19 20:02:01 - [MESSAGE][PASSED] - Wait for page load successfully

2018-09-19 20:02:04 - [MESSAGE][PASSED] - Delayed 3 second(s)

2018-09-19 20:02:07 - [MESSAGE][WARNING] - Web element with id: 'Object Repository/workOrder/expandAndMinimize' located by 'By.xpath: //a[@title='Show']' not found

2018-09-19 20:02:38 - [MESSAGE][FAILED] - Unable to click on object 'Object Repository/workOrder/expandAndMinimize' (Root cause: com.kms.katalon.core.webui.exception.WebElementNotFoundException: Web element with id: 'Object Repository/workOrder/expandAndMinimize' located by 'By.xpath: //a[@title='Show']' not found)
[[ATTACHMENT|D:\\Repo\\InApp-QA-Automation\\Mpulse_Automation\\Reports\\Test Suite For Smoke Run\\20180919_195545\\1537367558481.png]]

2018-09-19 20:02:38 - [MESSAGE][PASSED] - Wait for page load successfully

2018-09-19 20:02:41 - [MESSAGE][PASSED] - Delayed 3 second(s)

2018-09-19 20:02:41 - [MESSAGE][PASSED] - Object 'Object Repository/workOrder/hideListLayout' is clickable

2018-09-19 20:02:42 - [MESSAGE][PASSED] - Object: 'Object Repository/workOrder/hideListLayout' is clicked on

2018-09-19 20:02:45 - [MESSAGE][PASSED] - Delayed 3 second(s)

2018-09-19 20:02:45 - [MESSAGE][PASSED] - Wait for page load successfully

2018-09-19 20:02:45 - [MESSAGE][PASSED] - Angular is ready.

2018-09-19 20:02:45 - [MESSAGE][PASSED] - Object 'Object Repository/workOrder/addAndEdit' is clickable

2018-09-19 20:02:45 - [MESSAGE][PASSED] - Object: 'Object Repository/workOrder/addAndEdit' is clicked on

2018-09-19 20:02:45 - [MESSAGE][PASSED] - Wait for page load successfully

2018-09-19 20:02:48 - [MESSAGE][PASSED] - Angular is ready.

2018-09-19 20:02:49 - [MESSAGE][PASSED] - Object 'Object Repository/workOrder/workOrderTabs' is clickable

2018-09-19 20:02:49 - [MESSAGE][PASSED] - Object: 'Object Repository/workOrder/workOrderTabs' is clicked on

2018-09-19 20:02:49 - [MESSAGE][PASSED] - Wait for page load successfully

2018-09-19 20:02:50 - [MESSAGE][PASSED] - Keys 'WO Sanity Test_1537367462162' sent to object: 'Object Repository/workOrder/description'

2018-09-19 20:02:53 - [MESSAGE][PASSED] - Delayed 3 second(s)

2018-09-19 20:02:53 - [MESSAGE][PASSED] - Object: 'Object Repository/workOrder/woTypeAndGroup' is clicked on

2018-09-19 20:02:56 - [MESSAGE][PASSED] - Delayed 3 second(s)

2018-09-19 20:02:57 - [MESSAGE][PASSED] - Object: 'Object Repository/workOrder/groupAndType' is clicked on

2018-09-19 20:03:00 - [MESSAGE][PASSED] - Delayed 3 second(s)

2018-09-19 20:03:00 - [MESSAGE][PASSED] - Object: 'Object Repository/workOrder/woTypeAndGroup' is clicked on

2018-09-19 20:03:03 - [MESSAGE][PASSED] - Delayed 3 second(s)

2018-09-19 20:03:03 - [MESSAGE][PASSED] - Object: 'Object Repository/workOrder/groupAndType' is clicked on

2018-09-19 20:03:03 - [MESSAGE][PASSED] - Object 'Object Repository/workOrder/workOrderTabs' is clickable

2018-09-19 20:03:05 - [MESSAGE][PASSED] - Object: 'Object Repository/workOrder/workOrderTabs' is clicked on

2018-09-19 20:03:06 - [MESSAGE][PASSED] - Wait for page load successfully

2018-09-19 20:03:06 - [MESSAGE][PASSED] - Object 'Object Repository/workOrder/link_Asset_Task_Inventory' is clickable

2018-09-19 20:03:07 - [MESSAGE][PASSED] - Object: 'Object Repository/workOrder/link_Asset_Task_Inventory' is clicked on

2018-09-19 20:03:13 - [MESSAGE][PASSED] - Delayed 6 second(s)

2018-09-19 20:03:13 - [MESSAGE][PASSED] - Keys 'PMI-023-ahk' sent to object: 'Object Repository/workOrder/infoLink_Search'

2018-09-19 20:03:19 - [MESSAGE][PASSED] - Delayed 6 second(s)

2018-09-19 20:03:20 - [MESSAGE][PASSED] - Object: 'Object Repository/workOrder/taskAndAssetID' is clicked on

2018-09-19 20:03:20 - [MESSAGE][PASSED] - Wait for page load successfully

2018-09-19 20:03:20 - [MESSAGE][PASSED] - Object: 'Object Repository/workOrder/replace' is clicked on

2018-09-19 20:03:20 - [MESSAGE][PASSED] - Wait for page load successfully

2018-09-19 20:03:22 - [MESSAGE][PASSED] - Angular is ready.

2018-09-19 20:03:23 - [MESSAGE][PASSED] - Object: 'Object Repository/workOrder/link_Asset_Task_Inventory' is clicked on

2018-09-19 20:03:29 - [MESSAGE][PASSED] - Delayed 6 second(s)

2018-09-19 20:03:29 - [MESSAGE][PASSED] - Keys 'EQU-194-2018' sent to object: 'Object Repository/workOrder/infoLink_Search'

2018-09-19 20:03:35 - [MESSAGE][PASSED] - Delayed 6 second(s)

2018-09-19 20:03:36 - [MESSAGE][PASSED] - Object: 'Object Repository/workOrder/taskAndAssetID' is clicked on

2018-09-19 20:03:36 - [MESSAGE][PASSED] - Object: 'Object Repository/workOrder/replace' is clicked on

2018-09-19 20:03:38 - [MESSAGE][PASSED] - Angular is ready.

2018-09-19 20:03:39 - [MESSAGE][PASSED] - Object: 'Object Repository/workOrder/link_Asset_Task_Inventory' is clicked on

2018-09-19 20:03:44 - [MESSAGE][PASSED] - Delayed 5 second(s)

2018-09-19 20:03:50 - [MESSAGE][PASSED] - Delayed 6 second(s)

2018-09-19 20:03:51 - [MESSAGE][PASSED] - Keys 'PRT-144' sent to object: 'Object Repository/workOrder/infoLink_Search'

2018-09-19 20:03:57 - [MESSAGE][PASSED] - Delayed 6 second(s)

2018-09-19 20:03:57 - [MESSAGE][PASSED] - Object: 'Object Repository/workOrder/inventoryID' is clicked on

2018-09-19 20:03:58 - [MESSAGE][PASSED] - Object: 'Object Repository/workOrder/replace' is clicked on

2018-09-19 20:03:59 - [MESSAGE][PASSED] - Angular is ready.

2018-09-19 20:04:01 - [MESSAGE][PASSED] - Object: 'Object Repository/workOrder/workOrderTabs' is clicked on

2018-09-19 20:04:02 - [MESSAGE][PASSED] - Angular is ready.

2018-09-19 20:04:03 - [MESSAGE][PASSED] - Object: 'Object Repository/workOrder/workOrderTabs' is clicked on

2018-09-19 20:04:06 - [MESSAGE][PASSED] - Delayed 3 second(s)

2018-09-19 20:04:06 - [MESSAGE][PASSED] - Keys 'BACK_SPACE + ' sent to object: 'Object Repository/workOrder/estAndOtherCost'

2018-09-19 20:04:06 - [MESSAGE][PASSED] - Keys '15' sent to object: 'Object Repository/workOrder/estAndOtherCost'

2018-09-19 20:04:09 - [MESSAGE][PASSED] - Delayed 3 second(s)

2018-09-19 20:04:10 - [MESSAGE][PASSED] - Keys 'BACK_SPACE + ' sent to object: 'Object Repository/workOrder/estAndOtherCost'

2018-09-19 20:04:10 - [MESSAGE][PASSED] - Keys '15' sent to object: 'Object Repository/workOrder/estAndOtherCost'

2018-09-19 20:04:10 - [MESSAGE][PASSED] - Object: 'Object Repository/workOrder/save' is clicked on

2018-09-19 20:04:18 - [MESSAGE][PASSED] - Delayed 8 second(s)

2018-09-19 20:04:18 - [MESSAGE][PASSED] - Object: 'Object Repository/workOrder/workOrderTabs' is clicked on

2018-09-19 20:04:19 - [MESSAGE][PASSED] - Text of object 'Object Repository/workOrder/WO_ID' is: 'WKO-21208-19/09'

2018-09-19 20:04:19 - [MESSAGE][PASSED] - Object 'Object Repository/workOrder/WO_description' is present

2018-09-19 20:04:19 - [MESSAGE][PASSED] - work_Order.WO_Creation_FormLayout.workOrderCreation is PASSED

2018-09-19 20:04:19 - [TEST_STEP][PASSED] - work_Order.WO_Close_FormLayout.closeWorkOrderFormLayout: work_Order.WO_Close_FormLayout.closeWorkOrderFormLayout is PASSED

2018-09-19 20:04:19 - [MESSAGE][PASSED] - Wait for page load successfully

2018-09-19 20:04:19 - [MESSAGE][PASSED] - Object 'Object Repository/workOrder/addAndEdit' is clickable

2018-09-19 20:04:19 - [MESSAGE][PASSED] - Object: 'Object Repository/workOrder/addAndEdit' is clicked on

2018-09-19 20:04:20 - [MESSAGE][PASSED] - Angular is ready.

2018-09-19 20:04:20 - [MESSAGE][PASSED] - Object: 'Object Repository/workOrder/radiobtn' is clicked on

2018-09-19 20:04:20 - [MESSAGE][PASSED] - Alert accepted

2018-09-19 20:04:20 - [MESSAGE][PASSED] - Object 'Object Repository/workOrder/save' is present

2018-09-19 20:04:21 - [MESSAGE][PASSED] - Object: 'Object Repository/workOrder/save' is clicked on

2018-09-19 20:04:22 - [MESSAGE][PASSED] - Object 'Object Repository/workOrder/calendar_icon' is clickable

2018-09-19 20:04:25 - [MESSAGE][PASSED] - Delayed 3 second(s)

2018-09-19 20:04:25 - [MESSAGE][PASSED] - Object: 'Object Repository/workOrder/calendar_icon' is clicked on

2018-09-19 20:04:25 - [MESSAGE][PASSED] - Object: 'Object Repository/workOrder/calendar_tom' is clicked on

2018-09-19 20:04:25 - [MESSAGE][PASSED] - Object 'Object Repository/workOrder/Required_OK' is present

2018-09-19 20:04:25 - [MESSAGE][PASSED] - Object: 'Object Repository/workOrder/Required_OK' is clicked on

2018-09-19 20:04:37 - [MESSAGE][PASSED] - Delayed 12 second(s)

2018-09-19 20:04:38 - [MESSAGE][PASSED] - Object 'Object Repository/workOrder/workOrder Status' is present

2018-09-19 20:04:43 - [MESSAGE][PASSED] - Delayed 5 second(s)

2018-09-19 20:04:43 - [MESSAGE][PASSED] - work_Order.WO_Close_FormLayout.closeWorkOrderFormLayout is PASSED

2018-09-19 20:04:43 - [TEST_STEP][PASSED] - Statement - RecordName = com.kms.katalon.core.webui.keyword.WebUiBuiltInKeywords.getAttribute(com.kms.katalon.core.testobject.ObjectRepository.findTestObject(search/span_WKO_open_close_search), "title"): Attribute 'title' of object 'Object Repository/search/span_WKO_open_close_search' is: 'WKO-21208-19/09'

2018-09-19 20:04:43 - [MESSAGE][PASSED] - Attribute 'title' of object 'Object Repository/search/span_WKO_open_close_search' is: 'WKO-21208-19/09'

2018-09-19 20:04:43 - [TEST_STEP][FAILED] - search.MA_General.searchMAForMAtoWO: Unable to verify object is present (Root cause: java.lang.IllegalArgumentException: Object is null)

2018-09-19 20:04:43 - [MESSAGE][PASSED] - Object 'Object Repository/search/MA_click' is clickable

2018-09-19 20:04:43 - [MESSAGE][PASSED] - Object: 'Object Repository/search/MA_click' is clicked on

2018-09-19 20:04:51 - [MESSAGE][PASSED] - Delayed 8 second(s)

2018-09-19 20:04:51 - [MESSAGE][PASSED] - Text 'WKO-21208-19/09' is set on object 'Object Repository/search/search_text_box'

2018-09-19 20:04:59 - [MESSAGE][PASSED] - Delayed 8 second(s)

2018-09-19 20:05:00 - [MESSAGE][PASSED] - Object: 'Object Repository/search/search_click' is clicked on

2018-09-19 20:05:00 - [MESSAGE][PASSED] - Wait for page load successfully

2018-09-19 20:05:02 - [MESSAGE][PASSED] - Object 'Object Repository/search/search_results' is present

2018-09-19 20:05:02 - [MESSAGE][PASSED] - Object 'Object Repository/search/search_results' is present

2018-09-19 20:05:02 - [MESSAGE][WARNING] - Test object with id 'Object Repository/search/search_id' does not exist

2018-09-19 20:05:02 - [MESSAGE][WARNING] - Test object with id 'Object Repository/' does not exist

2018-09-19 20:05:03 - [MESSAGE][FAILED] - Unable to verify object is present (Root cause: java.lang.IllegalArgumentException: Object is null)
[[ATTACHMENT|D:\\Repo\\InApp-QA-Automation\\Mpulse_Automation\\Reports\\Test Suite For Smoke Run\\20180919_195545\\1537367702477.png]]

2018-09-19 20:05:03 - [MESSAGE][FAILED] - Unable to verify object is present (Root cause: java.lang.IllegalArgumentException: Object is null)]]></system-out>
         <system-err><![CDATA[2018-09-19 20:01:01 - [TEST_CASE][FAILED] - Test Cases/SANT-TC-004_MA_Search-WKO_Closed: Test Cases/SANT-TC-004_MA_Search-WKO_Closed FAILED because (of) Unable to verify object is present (Root cause: java.lang.IllegalArgumentException: Object is null)]]></system-err>
      </testcase>
      <testcase name="Test Cases/SANT-TC-066,067_WO_Media_Upload and Verify" classname="Test Cases/SANT-TC-066,067_WO_Media_Upload and Verify" status="FAILED">
         <failure type="FAILED" message="Unable to click on object 'Object Repository/workOrder/expandAndMinimize' (Root cause: org.openqa.selenium.WebDriverException: unknown error: Element &lt;a class=&quot;icon_action collapse_icon margin_L10&quot; title=&quot;Minimize&quot; ng-click=&quot;listViewViewStatus('Normal', true)&quot;>&lt;/a> is not clickable at point (60, 88). Other element would receive the click: &lt;html lang=&quot;en&quot; class=&quot;ng-scope&quot;>...&lt;/html>
  (Session info: chrome=69.0.3497.100)
  (Driver info: chromedriver=2.35.528161 (5b82f2d2aae0ca24b877009200ced9065a772e73),platform=Windows NT 10.0.16299 x86_64) (WARNING: The server did not provide any stacktrace information)
Command duration or timeout: 0 milliseconds
Build info: version: '3.7.1', revision: '8a0099a', time: '2017-11-06T21:07:36.161Z'
System info: host: 'DESKTOP-IC62SMV', ip: '192.168.4.18', os.name: 'Windows 10', os.arch: 'amd64', os.version: '10.0', java.version: '1.8.0_102'
Driver info: com.kms.katalon.selenium.driver.CChromeDriver
Capabilities {acceptInsecureCerts: false, acceptSslCerts: false, applicationCacheEnabled: false, browserConnectionEnabled: false, browserName: chrome, chrome: {chromedriverVersion: 2.35.528161 (5b82f2d2aae0ca..., userDataDir: C:\Users\Braseela\AppData\L...}, cssSelectorsEnabled: true, databaseEnabled: false, handlesAlerts: true, hasTouchScreen: false, javascriptEnabled: true, locationContextEnabled: true, mobileEmulationEnabled: false, nativeEvents: true, networkConnectionEnabled: false, pageLoadStrategy: normal, platform: XP, platformName: XP, rotatable: false, setWindowRect: true, takesHeapSnapshot: true, takesScreenshot: true, unexpectedAlertBehaviour: , unhandledPromptBehavior: , version: 69.0.3497.100, webStorageEnabled: true}
Session ID: 5a409e240308398f4abba16dcab6cb36)"/>
         <system-out><![CDATA[2018-09-19 20:05:03 - [TEST_CASE][FAILED] - Test Cases/SANT-TC-066,067_WO_Media_Upload and Verify: Test Cases/SANT-TC-066,067_WO_Media_Upload and Verify FAILED because (of) Unable to click on object 'Object Repository/workOrder/expandAndMinimize' (Root cause: org.openqa.selenium.WebDriverException: unknown error: Element <a class="icon_action collapse_icon margin_L10" title="Minimize" ng-click="listViewViewStatus('Normal', true)"></a> is not clickable at point (60, 88). Other element would receive the click: <html lang="en" class="ng-scope">...</html>
  (Session info: chrome=69.0.3497.100)
  (Driver info: chromedriver=2.35.528161 (5b82f2d2aae0ca24b877009200ced9065a772e73),platform=Windows NT 10.0.16299 x86_64) (WARNING: The server did not provide any stacktrace information)
Command duration or timeout: 0 milliseconds
Build info: version: '3.7.1', revision: '8a0099a', time: '2017-11-06T21:07:36.161Z'
System info: host: 'DESKTOP-IC62SMV', ip: '192.168.4.18', os.name: 'Windows 10', os.arch: 'amd64', os.version: '10.0', java.version: '1.8.0_102'
Driver info: com.kms.katalon.selenium.driver.CChromeDriver
Capabilities {acceptInsecureCerts: false, acceptSslCerts: false, applicationCacheEnabled: false, browserConnectionEnabled: false, browserName: chrome, chrome: {chromedriverVersion: 2.35.528161 (5b82f2d2aae0ca..., userDataDir: C:\Users\Braseela\AppData\L...}, cssSelectorsEnabled: true, databaseEnabled: false, handlesAlerts: true, hasTouchScreen: false, javascriptEnabled: true, locationContextEnabled: true, mobileEmulationEnabled: false, nativeEvents: true, networkConnectionEnabled: false, pageLoadStrategy: normal, platform: XP, platformName: XP, rotatable: false, setWindowRect: true, takesHeapSnapshot: true, takesScreenshot: true, unexpectedAlertBehaviour: , unhandledPromptBehavior: , version: 69.0.3497.100, webStorageEnabled: true}
Session ID: 5a409e240308398f4abba16dcab6cb36)

2018-09-19 20:05:03 - [TEST_STEP][PASSED] - Statement - woDescription = com.kms.katalon.core.testdata.TestDataFactory.findTestData(workOrder/workOrder).getValue(1, 1): Test data is internal data, reading internal data

2018-09-19 20:05:03 - [TEST_STEP][PASSED] - Statement - media = com.kms.katalon.core.testdata.TestDataFactory.findTestData(workOrder/workOrder).getValue(5, 1): Test data is internal data, reading internal data

2018-09-19 20:05:03 - [TEST_STEP][PASSED] - Statement - mediaName = media + java.lang.System.currentTimeMillis(): null

2018-09-19 20:05:03 - [TEST_STEP][FAILED] - media.uploadMediatoWO.uploadMedia: Unable to click on object 'Object Repository/workOrder/expandAndMinimize' (Root cause: org.openqa.selenium.WebDriverException: unknown error: Element <a class="icon_action collapse_icon margin_L10" title="Minimize" ng-click="listViewViewStatus('Normal', true)"></a> is not clickable at point (60, 88). Other element would receive the click: <html lang="en" class="ng-scope">...</html>
  (Session info: chrome=69.0.3497.100)
  (Driver info: chromedriver=2.35.528161 (5b82f2d2aae0ca24b877009200ced9065a772e73),platform=Windows NT 10.0.16299 x86_64) (WARNING: The server did not provide any stacktrace information)
Command duration or timeout: 0 milliseconds
Build info: version: '3.7.1', revision: '8a0099a', time: '2017-11-06T21:07:36.161Z'
System info: host: 'DESKTOP-IC62SMV', ip: '192.168.4.18', os.name: 'Windows 10', os.arch: 'amd64', os.version: '10.0', java.version: '1.8.0_102'
Driver info: com.kms.katalon.selenium.driver.CChromeDriver
Capabilities {acceptInsecureCerts: false, acceptSslCerts: false, applicationCacheEnabled: false, browserConnectionEnabled: false, browserName: chrome, chrome: {chromedriverVersion: 2.35.528161 (5b82f2d2aae0ca..., userDataDir: C:\Users\Braseela\AppData\L...}, cssSelectorsEnabled: true, databaseEnabled: false, handlesAlerts: true, hasTouchScreen: false, javascriptEnabled: true, locationContextEnabled: true, mobileEmulationEnabled: false, nativeEvents: true, networkConnectionEnabled: false, pageLoadStrategy: normal, platform: XP, platformName: XP, rotatable: false, setWindowRect: true, takesHeapSnapshot: true, takesScreenshot: true, unexpectedAlertBehaviour: , unhandledPromptBehavior: , version: 69.0.3497.100, webStorageEnabled: true}
Session ID: 5a409e240308398f4abba16dcab6cb36)

2018-09-19 20:05:03 - [MESSAGE][WARNING] - A browser is already opened. Closing browser and opening a new one

2018-09-19 20:05:09 - [MESSAGE][PASSED] - Browser is opened with url: ''

2018-09-19 20:05:10 - [MESSAGE][PASSED] - Current window maximized

2018-09-19 20:05:18 - [MESSAGE][PASSED] - Navigate to 'https://mpulse8.com/#/' successfully

2018-09-19 20:05:18 - [MESSAGE][PASSED] - Object 'Object Repository/loginPage/username' is clickable

2018-09-19 20:05:18 - [MESSAGE][PASSED] - Text 'abhi' is set on object 'Object Repository/loginPage/username'

2018-09-19 20:05:18 - [MESSAGE][PASSED] - Text '123456' is set on object 'Object Repository/loginPage/password'

2018-09-19 20:05:18 - [MESSAGE][PASSED] - Keys 'mpulse8_inapp' sent to object: 'Object Repository/loginPage/database_name'

2018-09-19 20:05:19 - [MESSAGE][PASSED] - Object: 'Object Repository/loginPage/Login_btn' is clicked on

2018-09-19 20:05:19 - [MESSAGE][PASSED] - Wait for page load successfully

2018-09-19 20:05:24 - [MESSAGE][PASSED] - Delayed 5 second(s)

2018-09-19 20:05:35 - [MESSAGE][PASSED] - Object: 'Object Repository/workOrder/workOrders' is clicked on

2018-09-19 20:05:35 - [MESSAGE][PASSED] - Object: 'Object Repository/workOrder/WORecords' is clicked on

2018-09-19 20:05:36 - [MESSAGE][PASSED] - Wait for page load successfully

2018-09-19 20:05:39 - [MESSAGE][PASSED] - Delayed 3 second(s)

2018-09-19 20:05:42 - [MESSAGE][FAILED] - Unable to click on object 'Object Repository/workOrder/cancel' (Root cause: org.openqa.selenium.ElementNotVisibleException: element not visible
  (Session info: chrome=69.0.3497.100)
  (Driver info: chromedriver=2.35.528161 (5b82f2d2aae0ca24b877009200ced9065a772e73),platform=Windows NT 10.0.16299 x86_64) (WARNING: The server did not provide any stacktrace information)
Command duration or timeout: 0 milliseconds
Build info: version: '3.7.1', revision: '8a0099a', time: '2017-11-06T21:07:36.161Z'
System info: host: 'DESKTOP-IC62SMV', ip: '192.168.4.18', os.name: 'Windows 10', os.arch: 'amd64', os.version: '10.0', java.version: '1.8.0_102'
Driver info: com.kms.katalon.selenium.driver.CChromeDriver
Capabilities {acceptInsecureCerts: false, acceptSslCerts: false, applicationCacheEnabled: false, browserConnectionEnabled: false, browserName: chrome, chrome: {chromedriverVersion: 2.35.528161 (5b82f2d2aae0ca..., userDataDir: C:\Users\Braseela\AppData\L...}, cssSelectorsEnabled: true, databaseEnabled: false, handlesAlerts: true, hasTouchScreen: false, javascriptEnabled: true, locationContextEnabled: true, mobileEmulationEnabled: false, nativeEvents: true, networkConnectionEnabled: false, pageLoadStrategy: normal, platform: XP, platformName: XP, rotatable: false, setWindowRect: true, takesHeapSnapshot: true, takesScreenshot: true, unexpectedAlertBehaviour: , unhandledPromptBehavior: , version: 69.0.3497.100, webStorageEnabled: true}
Session ID: 5a409e240308398f4abba16dcab6cb36)
[[ATTACHMENT|D:\\Repo\\InApp-QA-Automation\\Mpulse_Automation\\Reports\\Test Suite For Smoke Run\\20180919_195545\\1537367742183.png]]

2018-09-19 20:05:42 - [MESSAGE][PASSED] - Wait for page load successfully

2018-09-19 20:05:45 - [MESSAGE][PASSED] - Delayed 3 second(s)

2018-09-19 20:05:45 - [MESSAGE][PASSED] - Object 'Object Repository/workOrder/hideMenu' is present

2018-09-19 20:05:46 - [MESSAGE][FAILED] - Unable to click on object 'Object Repository/workOrder/hideMenu' (Root cause: org.openqa.selenium.ElementNotVisibleException: element not visible
  (Session info: chrome=69.0.3497.100)
  (Driver info: chromedriver=2.35.528161 (5b82f2d2aae0ca24b877009200ced9065a772e73),platform=Windows NT 10.0.16299 x86_64) (WARNING: The server did not provide any stacktrace information)
Command duration or timeout: 0 milliseconds
Build info: version: '3.7.1', revision: '8a0099a', time: '2017-11-06T21:07:36.161Z'
System info: host: 'DESKTOP-IC62SMV', ip: '192.168.4.18', os.name: 'Windows 10', os.arch: 'amd64', os.version: '10.0', java.version: '1.8.0_102'
Driver info: com.kms.katalon.selenium.driver.CChromeDriver
Capabilities {acceptInsecureCerts: false, acceptSslCerts: false, applicationCacheEnabled: false, browserConnectionEnabled: false, browserName: chrome, chrome: {chromedriverVersion: 2.35.528161 (5b82f2d2aae0ca..., userDataDir: C:\Users\Braseela\AppData\L...}, cssSelectorsEnabled: true, databaseEnabled: false, handlesAlerts: true, hasTouchScreen: false, javascriptEnabled: true, locationContextEnabled: true, mobileEmulationEnabled: false, nativeEvents: true, networkConnectionEnabled: false, pageLoadStrategy: normal, platform: XP, platformName: XP, rotatable: false, setWindowRect: true, takesHeapSnapshot: true, takesScreenshot: true, unexpectedAlertBehaviour: , unhandledPromptBehavior: , version: 69.0.3497.100, webStorageEnabled: true}
Session ID: 5a409e240308398f4abba16dcab6cb36)
[[ATTACHMENT|D:\\Repo\\InApp-QA-Automation\\Mpulse_Automation\\Reports\\Test Suite For Smoke Run\\20180919_195545\\1537367745658.png]]

2018-09-19 20:05:46 - [MESSAGE][PASSED] - Wait for page load successfully

2018-09-19 20:05:49 - [MESSAGE][PASSED] - Delayed 3 second(s)

2018-09-19 20:05:49 - [MESSAGE][PASSED] - Object 'Object Repository/workOrder/expandAndMinimize' is present

2018-09-19 20:05:54 - [MESSAGE][PASSED] - Delayed 5 second(s)

2018-09-19 20:05:55 - [MESSAGE][PASSED] - Object: 'Object Repository/workOrder/expandAndMinimize' is clicked on

2018-09-19 20:05:58 - [MESSAGE][PASSED] - Delayed 3 second(s)

2018-09-19 20:05:58 - [MESSAGE][PASSED] - Wait for page load successfully

2018-09-19 20:05:58 - [MESSAGE][PASSED] - Object: 'Object Repository/workOrder/wolayout' is clicked on

2018-09-19 20:06:00 - [MESSAGE][PASSED] - Angular is ready.

2018-09-19 20:06:00 - [MESSAGE][PASSED] - Scroll to object 'Object Repository/SMR/scrollcontainer' successfully

2018-09-19 20:06:00 - [MESSAGE][PASSED] - Object: 'Object Repository/SMR/scrollcontainer' is clicked on

2018-09-19 20:06:03 - [MESSAGE][PASSED] - Angular is ready.

2018-09-19 20:06:04 - [MESSAGE][FAILED] - Unable to click on object 'Object Repository/workOrder/expandAndMinimize' (Root cause: org.openqa.selenium.WebDriverException: unknown error: Element <a class="icon_action collapse_icon margin_L10" title="Minimize" ng-click="listViewViewStatus('Normal', true)"></a> is not clickable at point (60, 88). Other element would receive the click: <html lang="en" class="ng-scope">...</html>
  (Session info: chrome=69.0.3497.100)
  (Driver info: chromedriver=2.35.528161 (5b82f2d2aae0ca24b877009200ced9065a772e73),platform=Windows NT 10.0.16299 x86_64) (WARNING: The server did not provide any stacktrace information)
Command duration or timeout: 0 milliseconds
Build info: version: '3.7.1', revision: '8a0099a', time: '2017-11-06T21:07:36.161Z'
System info: host: 'DESKTOP-IC62SMV', ip: '192.168.4.18', os.name: 'Windows 10', os.arch: 'amd64', os.version: '10.0', java.version: '1.8.0_102'
Driver info: com.kms.katalon.selenium.driver.CChromeDriver
Capabilities {acceptInsecureCerts: false, acceptSslCerts: false, applicationCacheEnabled: false, browserConnectionEnabled: false, browserName: chrome, chrome: {chromedriverVersion: 2.35.528161 (5b82f2d2aae0ca..., userDataDir: C:\Users\Braseela\AppData\L...}, cssSelectorsEnabled: true, databaseEnabled: false, handlesAlerts: true, hasTouchScreen: false, javascriptEnabled: true, locationContextEnabled: true, mobileEmulationEnabled: false, nativeEvents: true, networkConnectionEnabled: false, pageLoadStrategy: normal, platform: XP, platformName: XP, rotatable: false, setWindowRect: true, takesHeapSnapshot: true, takesScreenshot: true, unexpectedAlertBehaviour: , unhandledPromptBehavior: , version: 69.0.3497.100, webStorageEnabled: true}
Session ID: 5a409e240308398f4abba16dcab6cb36)
[[ATTACHMENT|D:\\Repo\\InApp-QA-Automation\\Mpulse_Automation\\Reports\\Test Suite For Smoke Run\\20180919_195545\\1537367764305.png]]

2018-09-19 20:06:04 - [MESSAGE][FAILED] - Unable to click on object 'Object Repository/workOrder/expandAndMinimize' (Root cause: org.openqa.selenium.WebDriverException: unknown error: Element <a class="icon_action collapse_icon margin_L10" title="Minimize" ng-click="listViewViewStatus('Normal', true)"></a> is not clickable at point (60, 88). Other element would receive the click: <html lang="en" class="ng-scope">...</html>
  (Session info: chrome=69.0.3497.100)
  (Driver info: chromedriver=2.35.528161 (5b82f2d2aae0ca24b877009200ced9065a772e73),platform=Windows NT 10.0.16299 x86_64) (WARNING: The server did not provide any stacktrace information)
Command duration or timeout: 0 milliseconds
Build info: version: '3.7.1', revision: '8a0099a', time: '2017-11-06T21:07:36.161Z'
System info: host: 'DESKTOP-IC62SMV', ip: '192.168.4.18', os.name: 'Windows 10', os.arch: 'amd64', os.version: '10.0', java.version: '1.8.0_102'
Driver info: com.kms.katalon.selenium.driver.CChromeDriver
Capabilities {acceptInsecureCerts: false, acceptSslCerts: false, applicationCacheEnabled: false, browserConnectionEnabled: false, browserName: chrome, chrome: {chromedriverVersion: 2.35.528161 (5b82f2d2aae0ca..., userDataDir: C:\Users\Braseela\AppData\L...}, cssSelectorsEnabled: true, databaseEnabled: false, handlesAlerts: true, hasTouchScreen: false, javascriptEnabled: true, locationContextEnabled: true, mobileEmulationEnabled: false, nativeEvents: true, networkConnectionEnabled: false, pageLoadStrategy: normal, platform: XP, platformName: XP, rotatable: false, setWindowRect: true, takesHeapSnapshot: true, takesScreenshot: true, unexpectedAlertBehaviour: , unhandledPromptBehavior: , version: 69.0.3497.100, webStorageEnabled: true}
Session ID: 5a409e240308398f4abba16dcab6cb36)]]></system-out>
         <system-err><![CDATA[2018-09-19 20:05:03 - [TEST_CASE][FAILED] - Test Cases/SANT-TC-066,067_WO_Media_Upload and Verify: Test Cases/SANT-TC-066,067_WO_Media_Upload and Verify FAILED because (of) Unable to click on object 'Object Repository/workOrder/expandAndMinimize' (Root cause: org.openqa.selenium.WebDriverException: unknown error: Element <a class="icon_action collapse_icon margin_L10" title="Minimize" ng-click="listViewViewStatus('Normal', true)"></a> is not clickable at point (60, 88). Other element would receive the click: <html lang="en" class="ng-scope">...</html>
  (Session info: chrome=69.0.3497.100)
  (Driver info: chromedriver=2.35.528161 (5b82f2d2aae0ca24b877009200ced9065a772e73),platform=Windows NT 10.0.16299 x86_64) (WARNING: The server did not provide any stacktrace information)
Command duration or timeout: 0 milliseconds
Build info: version: '3.7.1', revision: '8a0099a', time: '2017-11-06T21:07:36.161Z'
System info: host: 'DESKTOP-IC62SMV', ip: '192.168.4.18', os.name: 'Windows 10', os.arch: 'amd64', os.version: '10.0', java.version: '1.8.0_102'
Driver info: com.kms.katalon.selenium.driver.CChromeDriver
Capabilities {acceptInsecureCerts: false, acceptSslCerts: false, applicationCacheEnabled: false, browserConnectionEnabled: false, browserName: chrome, chrome: {chromedriverVersion: 2.35.528161 (5b82f2d2aae0ca..., userDataDir: C:\Users\Braseela\AppData\L...}, cssSelectorsEnabled: true, databaseEnabled: false, handlesAlerts: true, hasTouchScreen: false, javascriptEnabled: true, locationContextEnabled: true, mobileEmulationEnabled: false, nativeEvents: true, networkConnectionEnabled: false, pageLoadStrategy: normal, platform: XP, platformName: XP, rotatable: false, setWindowRect: true, takesHeapSnapshot: true, takesScreenshot: true, unexpectedAlertBehaviour: , unhandledPromptBehavior: , version: 69.0.3497.100, webStorageEnabled: true}
Session ID: 5a409e240308398f4abba16dcab6cb36)]]></system-err>
      </testcase>
      <system-out><![CDATA[2018-09-19 19:55:51 - [TEST_SUITE][ERROR] - Test Suite For Smoke Run: Test Cases/SANT-TC-015_Search WO_Record MR to WKO - Old FAILED because (of) java.lang.ClassNotFoundException: maintenance_Records.MR_SearchwithOld]]></system-out>
      <system-err><![CDATA[2018-09-19 19:55:51 - [TEST_SUITE][ERROR] - Test Suite For Smoke Run: Test Cases/SANT-TC-015_Search WO_Record MR to WKO - Old FAILED because (of) java.lang.ClassNotFoundException: maintenance_Records.MR_SearchwithOld]]></system-err>
   </testsuite>
</testsuites>
