<?xml version="1.0" encoding="UTF-8"?>
<testsuites name="Test Suite For Demo" time="1413" tests="8" failures="8" errors="0">
   <testsuite name="Test Suite For Demo" tests="8" failures="8" errors="0" time="1413" timestamp="2018-09-21 14:49:01" hostname="Braseela - DESKTOP-IC62SMV" id="Test Suites/Test Suite For Demo">
      <properties>
         <property name="deviceName" value=""/>
         <property name="devicePlatform" value=""/>
         <property name="logFolder" value="D:\\Repo\\InApp-QA-Automation\\Mpulse_Automation\\Reports\\Test Suite For Demo\\20180921_144859"/>
         <property name="logFiles" value="D:\\Repo\\InApp-QA-Automation\\Mpulse_Automation\\Reports\\Test Suite For Demo\\20180921_144859\\execution0.log"/>
         <property name="attachments" value="D:\\Repo\\InApp-QA-Automation\\Mpulse_Automation\\Reports\\Test Suite For Demo\\20180921_144859\\1537521598000.png, D:\\Repo\\InApp-QA-Automation\\Mpulse_Automation\\Reports\\Test Suite For Demo\\20180921_144859\\1537521635547.png, D:\\Repo\\InApp-QA-Automation\\Mpulse_Automation\\Reports\\Test Suite For Demo\\20180921_144859\\1537521804678.png, D:\\Repo\\InApp-QA-Automation\\Mpulse_Automation\\Reports\\Test Suite For Demo\\20180921_144859\\1537521842153.png, D:\\Repo\\InApp-QA-Automation\\Mpulse_Automation\\Reports\\Test Suite For Demo\\20180921_144859\\1537522013237.png, D:\\Repo\\InApp-QA-Automation\\Mpulse_Automation\\Reports\\Test Suite For Demo\\20180921_144859\\1537522047433.png, D:\\Repo\\InApp-QA-Automation\\Mpulse_Automation\\Reports\\Test Suite For Demo\\20180921_144859\\1537522090641.png, D:\\Repo\\InApp-QA-Automation\\Mpulse_Automation\\Reports\\Test Suite For Demo\\20180921_144859\\1537522094021.png, D:\\Repo\\InApp-QA-Automation\\Mpulse_Automation\\Reports\\Test Suite For Demo\\20180921_144859\\1537522117158.png, D:\\Repo\\InApp-QA-Automation\\Mpulse_Automation\\Reports\\Test Suite For Demo\\20180921_144859\\1537522160002.png, D:\\Repo\\InApp-QA-Automation\\Mpulse_Automation\\Reports\\Test Suite For Demo\\20180921_144859\\1537522198543.png, D:\\Repo\\InApp-QA-Automation\\Mpulse_Automation\\Reports\\Test Suite For Demo\\20180921_144859\\1537522237500.png, D:\\Repo\\InApp-QA-Automation\\Mpulse_Automation\\Reports\\Test Suite For Demo\\20180921_144859\\1537522276258.png, D:\\Repo\\InApp-QA-Automation\\Mpulse_Automation\\Reports\\Test Suite For Demo\\20180921_144859\\1537522314377.png, D:\\Repo\\InApp-QA-Automation\\Mpulse_Automation\\Reports\\Test Suite For Demo\\20180921_144859\\1537522353062.png, D:\\Repo\\InApp-QA-Automation\\Mpulse_Automation\\Reports\\Test Suite For Demo\\20180921_144859\\1537522484509.png, D:\\Repo\\InApp-QA-Automation\\Mpulse_Automation\\Reports\\Test Suite For Demo\\20180921_144859\\1537522499240.png, D:\\Repo\\InApp-QA-Automation\\Mpulse_Automation\\Reports\\Test Suite For Demo\\20180921_144859\\1537522502775.png, D:\\Repo\\InApp-QA-Automation\\Mpulse_Automation\\Reports\\Test Suite For Demo\\20180921_144859\\1537522604368.png, D:\\Repo\\InApp-QA-Automation\\Mpulse_Automation\\Reports\\Test Suite For Demo\\20180921_144859\\1537522637210.png, D:\\Repo\\InApp-QA-Automation\\Mpulse_Automation\\Reports\\Test Suite For Demo\\20180921_144859\\1537522640834.png, D:\\Repo\\InApp-QA-Automation\\Mpulse_Automation\\Reports\\Test Suite For Demo\\20180921_144859\\1537522720141.png, D:\\Repo\\InApp-QA-Automation\\Mpulse_Automation\\Reports\\Test Suite For Demo\\20180921_144859\\1537522723630.png, D:\\Repo\\InApp-QA-Automation\\Mpulse_Automation\\Reports\\Test Suite For Demo\\20180921_144859\\1537522820001.png, D:\\Repo\\InApp-QA-Automation\\Mpulse_Automation\\Reports\\Test Suite For Demo\\20180921_144859\\1537522831693.png, D:\\Repo\\InApp-QA-Automation\\Mpulse_Automation\\Reports\\Test Suite For Demo\\20180921_144859\\1537522835146.png, D:\\Repo\\InApp-QA-Automation\\Mpulse_Automation\\Reports\\Test Suite For Demo\\20180921_144859\\1537522920858.png, D:\\Repo\\InApp-QA-Automation\\Mpulse_Automation\\Reports\\Test Suite For Demo\\20180921_144859\\1537522924288.png"/>
         <property name="hostName" value="Braseela - DESKTOP-IC62SMV"/>
         <property name="os" value="Windows 10 64bit"/>
         <property name="katalonVersion" value="5.4.1.1"/>
         <property name="browser" value="Chrome 69.0.3497.100"/>
         <property name="hostAddress" value="192.168.4.18"/>
         <property name="sessionId" value="f4e8a39e6ab0def0abfdd602919390ef"/>
         <property name="seleniumVersion" value="3.7.1"/>
         <property name="proxyInformation" value="ProxyInformation{proxyOption=NO_PROXY, proxyServerType=HTTP, password=, proxyServerAddress=, proxyServerPort=0}"/>
         <property name="platform" value="Windows 10"/>
      </properties>
      <testcase name="Test Cases/SANT-TC-028_WO_Close_FormLayout" classname="Test Cases/SANT-TC-028_WO_Close_FormLayout" status="PASSED">
         <system-out><![CDATA[2018-09-21 14:49:02 - [TEST_CASE][PASSED] - Test Cases/SANT-TC-028_WO_Close_FormLayout: Test Cases/SANT-TC-028_WO_Close_FormLayout

2018-09-21 14:49:03 - [TEST_STEP][PASSED] - Statement - woDescription = com.kms.katalon.core.testdata.TestDataFactory.findTestData(workOrder/workOrder).getValue(1, 1): Test data is internal data, reading internal data

2018-09-21 14:49:03 - [TEST_STEP][PASSED] - Statement - taskName = com.kms.katalon.core.testdata.TestDataFactory.findTestData(workOrder/workOrder).getValue(2, 1): Test data is internal data, reading internal data

2018-09-21 14:49:03 - [TEST_STEP][PASSED] - Statement - assetName = com.kms.katalon.core.testdata.TestDataFactory.findTestData(workOrder/workOrder).getValue(3, 1): Test data is internal data, reading internal data

2018-09-21 14:49:03 - [TEST_STEP][PASSED] - Statement - inventoryName = com.kms.katalon.core.testdata.TestDataFactory.findTestData(workOrder/workOrder).getValue(4, 1): Test data is internal data, reading internal data

2018-09-21 14:49:03 - [TEST_STEP][PASSED] - Statement - woDes = woDescription + java.lang.System.currentTimeMillis(): null

2018-09-21 14:49:03 - [TEST_STEP][PASSED] - work_Order.WO_Creation_FormLayout.workOrderCreation: work_Order.WO_Creation_FormLayout.workOrderCreation is PASSED

2018-09-21 14:49:07 - [MESSAGE][PASSED] - Browser is opened with url: ''

2018-09-21 14:49:09 - [MESSAGE][PASSED] - Current window maximized

2018-09-21 14:49:23 - [MESSAGE][PASSED] - Navigate to 'https://mpulse8.com/#/' successfully

2018-09-21 14:49:23 - [MESSAGE][PASSED] - Object 'Object Repository/loginPage/username' is clickable

2018-09-21 14:49:23 - [MESSAGE][PASSED] - Text 'abhi' is set on object 'Object Repository/loginPage/username'

2018-09-21 14:49:23 - [MESSAGE][PASSED] - Text '123456' is set on object 'Object Repository/loginPage/password'

2018-09-21 14:49:24 - [MESSAGE][PASSED] - Keys 'mpulse8_inapp' sent to object: 'Object Repository/loginPage/database_name'

2018-09-21 14:49:24 - [MESSAGE][PASSED] - Object: 'Object Repository/loginPage/Login_btn' is clicked on

2018-09-21 14:49:24 - [MESSAGE][PASSED] - Wait for page load successfully

2018-09-21 14:49:29 - [MESSAGE][PASSED] - Delayed 5 second(s)

2018-09-21 14:49:50 - [MESSAGE][PASSED] - Object: 'Object Repository/workOrder/workOrders' is clicked on

2018-09-21 14:49:51 - [MESSAGE][PASSED] - Object: 'Object Repository/workOrder/WORecords' is clicked on

2018-09-21 14:49:54 - [MESSAGE][PASSED] - Delayed 3 second(s)

2018-09-21 14:49:58 - [MESSAGE][FAILED] - Unable to click on object 'Object Repository/workOrder/cancel' (Root cause: org.openqa.selenium.ElementNotVisibleException: element not visible
  (Session info: chrome=69.0.3497.100)
  (Driver info: chromedriver=2.35.528161 (5b82f2d2aae0ca24b877009200ced9065a772e73),platform=Windows NT 10.0.16299 x86_64) (WARNING: The server did not provide any stacktrace information)
Command duration or timeout: 0 milliseconds
Build info: version: '3.7.1', revision: '8a0099a', time: '2017-11-06T21:07:36.161Z'
System info: host: 'DESKTOP-IC62SMV', ip: '192.168.4.18', os.name: 'Windows 10', os.arch: 'amd64', os.version: '10.0', java.version: '1.8.0_102'
Driver info: com.kms.katalon.selenium.driver.CChromeDriver
Capabilities {acceptInsecureCerts: false, acceptSslCerts: false, applicationCacheEnabled: false, browserConnectionEnabled: false, browserName: chrome, chrome: {chromedriverVersion: 2.35.528161 (5b82f2d2aae0ca..., userDataDir: C:\Users\Braseela\AppData\L...}, cssSelectorsEnabled: true, databaseEnabled: false, handlesAlerts: true, hasTouchScreen: false, javascriptEnabled: true, locationContextEnabled: true, mobileEmulationEnabled: false, nativeEvents: true, networkConnectionEnabled: false, pageLoadStrategy: normal, platform: XP, platformName: XP, rotatable: false, setWindowRect: true, takesHeapSnapshot: true, takesScreenshot: true, unexpectedAlertBehaviour: , unhandledPromptBehavior: , version: 69.0.3497.100, webStorageEnabled: true}
Session ID: 8295f68f2bf3d9293adb4ecccf85c1fb)
[[ATTACHMENT|D:\\Repo\\InApp-QA-Automation\\Mpulse_Automation\\Reports\\Test Suite For Demo\\20180921_144859\\1537521598000.png]]

2018-09-21 14:49:58 - [MESSAGE][PASSED] - Wait for page load successfully

2018-09-21 14:50:01 - [MESSAGE][PASSED] - Delayed 3 second(s)

2018-09-21 14:50:04 - [MESSAGE][WARNING] - Web element with id: 'Object Repository/workOrder/expandAndMinimize' located by 'By.xpath: //a[@title='Show']' not found

2018-09-21 14:50:35 - [MESSAGE][FAILED] - Unable to click on object 'Object Repository/workOrder/expandAndMinimize' (Root cause: com.kms.katalon.core.webui.exception.WebElementNotFoundException: Web element with id: 'Object Repository/workOrder/expandAndMinimize' located by 'By.xpath: //a[@title='Show']' not found)
[[ATTACHMENT|D:\\Repo\\InApp-QA-Automation\\Mpulse_Automation\\Reports\\Test Suite For Demo\\20180921_144859\\1537521635547.png]]

2018-09-21 14:50:35 - [MESSAGE][PASSED] - Wait for page load successfully

2018-09-21 14:50:38 - [MESSAGE][PASSED] - Delayed 3 second(s)

2018-09-21 14:50:38 - [MESSAGE][PASSED] - Object 'Object Repository/workOrder/hideListLayout' is clickable

2018-09-21 14:50:39 - [MESSAGE][PASSED] - Object: 'Object Repository/workOrder/hideListLayout' is clicked on

2018-09-21 14:50:42 - [MESSAGE][PASSED] - Delayed 3 second(s)

2018-09-21 14:50:42 - [MESSAGE][PASSED] - Wait for page load successfully

2018-09-21 14:50:42 - [MESSAGE][PASSED] - Angular is ready.

2018-09-21 14:50:42 - [MESSAGE][PASSED] - Object 'Object Repository/workOrder/addAndEdit' is clickable

2018-09-21 14:50:42 - [MESSAGE][PASSED] - Object: 'Object Repository/workOrder/addAndEdit' is clicked on

2018-09-21 14:50:42 - [MESSAGE][PASSED] - Wait for page load successfully

2018-09-21 14:50:43 - [MESSAGE][PASSED] - Angular is ready.

2018-09-21 14:50:43 - [MESSAGE][PASSED] - Object 'Object Repository/workOrder/workOrderTabs' is clickable

2018-09-21 14:50:43 - [MESSAGE][PASSED] - Object: 'Object Repository/workOrder/workOrderTabs' is clicked on

2018-09-21 14:50:43 - [MESSAGE][PASSED] - Wait for page load successfully

2018-09-21 14:50:44 - [MESSAGE][PASSED] - Keys 'WO Sanity Test_1537521543188' sent to object: 'Object Repository/workOrder/description'

2018-09-21 14:50:47 - [MESSAGE][PASSED] - Delayed 3 second(s)

2018-09-21 14:50:47 - [MESSAGE][PASSED] - Object: 'Object Repository/workOrder/woTypeAndGroup' is clicked on

2018-09-21 14:50:50 - [MESSAGE][PASSED] - Delayed 3 second(s)

2018-09-21 14:50:51 - [MESSAGE][PASSED] - Object: 'Object Repository/workOrder/groupAndType' is clicked on

2018-09-21 14:50:54 - [MESSAGE][PASSED] - Delayed 3 second(s)

2018-09-21 14:50:54 - [MESSAGE][PASSED] - Object: 'Object Repository/workOrder/woTypeAndGroup' is clicked on

2018-09-21 14:50:57 - [MESSAGE][PASSED] - Delayed 3 second(s)

2018-09-21 14:50:57 - [MESSAGE][PASSED] - Object: 'Object Repository/workOrder/groupAndType' is clicked on

2018-09-21 14:50:57 - [MESSAGE][PASSED] - Object 'Object Repository/workOrder/workOrderTabs' is clickable

2018-09-21 14:50:59 - [MESSAGE][PASSED] - Object: 'Object Repository/workOrder/workOrderTabs' is clicked on

2018-09-21 14:51:00 - [MESSAGE][PASSED] - Wait for page load successfully

2018-09-21 14:51:00 - [MESSAGE][PASSED] - Object 'Object Repository/workOrder/link_Asset_Task_Inventory' is clickable

2018-09-21 14:51:00 - [MESSAGE][PASSED] - Object: 'Object Repository/workOrder/link_Asset_Task_Inventory' is clicked on

2018-09-21 14:51:06 - [MESSAGE][PASSED] - Delayed 6 second(s)

2018-09-21 14:51:07 - [MESSAGE][PASSED] - Keys 'PMI-023-ahk' sent to object: 'Object Repository/workOrder/infoLink_Search'

2018-09-21 14:51:13 - [MESSAGE][PASSED] - Delayed 6 second(s)

2018-09-21 14:51:13 - [MESSAGE][PASSED] - Object: 'Object Repository/workOrder/taskAndAssetID' is clicked on

2018-09-21 14:51:13 - [MESSAGE][PASSED] - Wait for page load successfully

2018-09-21 14:51:13 - [MESSAGE][PASSED] - Object: 'Object Repository/workOrder/replace' is clicked on

2018-09-21 14:51:13 - [MESSAGE][PASSED] - Wait for page load successfully

2018-09-21 14:51:15 - [MESSAGE][PASSED] - Angular is ready.

2018-09-21 14:51:16 - [MESSAGE][PASSED] - Object: 'Object Repository/workOrder/link_Asset_Task_Inventory' is clicked on

2018-09-21 14:51:22 - [MESSAGE][PASSED] - Delayed 6 second(s)

2018-09-21 14:51:22 - [MESSAGE][PASSED] - Keys 'EQU-194-2018' sent to object: 'Object Repository/workOrder/infoLink_Search'

2018-09-21 14:51:28 - [MESSAGE][PASSED] - Delayed 6 second(s)

2018-09-21 14:51:29 - [MESSAGE][PASSED] - Object: 'Object Repository/workOrder/taskAndAssetID' is clicked on

2018-09-21 14:51:29 - [MESSAGE][PASSED] - Object: 'Object Repository/workOrder/replace' is clicked on

2018-09-21 14:51:31 - [MESSAGE][PASSED] - Angular is ready.

2018-09-21 14:51:32 - [MESSAGE][PASSED] - Object: 'Object Repository/workOrder/link_Asset_Task_Inventory' is clicked on

2018-09-21 14:51:37 - [MESSAGE][PASSED] - Delayed 5 second(s)

2018-09-21 14:51:43 - [MESSAGE][PASSED] - Delayed 6 second(s)

2018-09-21 14:51:43 - [MESSAGE][PASSED] - Keys 'PRT-144' sent to object: 'Object Repository/workOrder/infoLink_Search'

2018-09-21 14:51:49 - [MESSAGE][PASSED] - Delayed 6 second(s)

2018-09-21 14:51:49 - [MESSAGE][PASSED] - Object: 'Object Repository/workOrder/inventoryID' is clicked on

2018-09-21 14:51:50 - [MESSAGE][PASSED] - Object: 'Object Repository/workOrder/replace' is clicked on

2018-09-21 14:51:51 - [MESSAGE][PASSED] - Angular is ready.

2018-09-21 14:51:52 - [MESSAGE][PASSED] - Object: 'Object Repository/workOrder/workOrderTabs' is clicked on

2018-09-21 14:51:54 - [MESSAGE][PASSED] - Angular is ready.

2018-09-21 14:51:54 - [MESSAGE][PASSED] - Object: 'Object Repository/workOrder/workOrderTabs' is clicked on

2018-09-21 14:51:57 - [MESSAGE][PASSED] - Delayed 3 second(s)

2018-09-21 14:51:57 - [MESSAGE][PASSED] - Keys 'BACK_SPACE + ' sent to object: 'Object Repository/workOrder/estAndOtherCost'

2018-09-21 14:51:57 - [MESSAGE][PASSED] - Keys '15' sent to object: 'Object Repository/workOrder/estAndOtherCost'

2018-09-21 14:52:00 - [MESSAGE][PASSED] - Delayed 3 second(s)

2018-09-21 14:52:00 - [MESSAGE][PASSED] - Keys 'BACK_SPACE + ' sent to object: 'Object Repository/workOrder/estAndOtherCost'

2018-09-21 14:52:01 - [MESSAGE][PASSED] - Keys '15' sent to object: 'Object Repository/workOrder/estAndOtherCost'

2018-09-21 14:52:01 - [MESSAGE][PASSED] - Object: 'Object Repository/workOrder/save' is clicked on

2018-09-21 14:52:11 - [MESSAGE][PASSED] - Delayed 10 second(s)

2018-09-21 14:52:11 - [MESSAGE][PASSED] - Object: 'Object Repository/workOrder/workOrderTabs' is clicked on

2018-09-21 14:52:11 - [MESSAGE][PASSED] - Text of object 'Object Repository/workOrder/WO_ID' is: 'WKO-21380-21/09'

2018-09-21 14:52:11 - [MESSAGE][PASSED] - Object 'Object Repository/workOrder/WO_description' is present

2018-09-21 14:52:11 - [MESSAGE][PASSED] - work_Order.WO_Creation_FormLayout.workOrderCreation is PASSED

2018-09-21 14:52:11 - [TEST_STEP][PASSED] - work_Order.WO_Close_FormLayout.closeWorkOrderFormLayout: work_Order.WO_Close_FormLayout.closeWorkOrderFormLayout is PASSED

2018-09-21 14:52:11 - [MESSAGE][PASSED] - Wait for page load successfully

2018-09-21 14:52:11 - [MESSAGE][PASSED] - Object 'Object Repository/workOrder/addAndEdit' is clickable

2018-09-21 14:52:12 - [MESSAGE][PASSED] - Object: 'Object Repository/workOrder/addAndEdit' is clicked on

2018-09-21 14:52:12 - [MESSAGE][PASSED] - Angular is ready.

2018-09-21 14:52:12 - [MESSAGE][PASSED] - Object: 'Object Repository/workOrder/radiobtn' is clicked on

2018-09-21 14:52:13 - [MESSAGE][PASSED] - Alert accepted

2018-09-21 14:52:13 - [MESSAGE][PASSED] - Object 'Object Repository/workOrder/save' is present

2018-09-21 14:52:13 - [MESSAGE][PASSED] - Object: 'Object Repository/workOrder/save' is clicked on

2018-09-21 14:52:16 - [MESSAGE][PASSED] - Delayed 3 second(s)

2018-09-21 14:52:16 - [MESSAGE][PASSED] - Object: 'Object Repository/workOrder/calendar_icon' is clicked on

2018-09-21 14:52:21 - [MESSAGE][PASSED] - Delayed 5 second(s)

2018-09-21 14:52:22 - [MESSAGE][PASSED] - Object: 'Object Repository/workOrder/calendar_tom' is clicked on

2018-09-21 14:52:22 - [MESSAGE][PASSED] - Object: 'Object Repository/workOrder/calendar_OK' is clicked on

2018-09-21 14:52:22 - [MESSAGE][PASSED] - Object 'Object Repository/workOrder/Required_OK' is present

2018-09-21 14:52:23 - [MESSAGE][PASSED] - Object: 'Object Repository/workOrder/Required_OK' is clicked on

2018-09-21 14:52:26 - [MESSAGE][PASSED] - Delayed 3 second(s)

2018-09-21 14:52:28 - [MESSAGE][PASSED] - Object 'Object Repository/workOrder/workOrder Status' is present

2018-09-21 14:52:28 - [MESSAGE][PASSED] - work_Order.WO_Close_FormLayout.closeWorkOrderFormLayout is PASSED

2018-09-21 14:52:28 - [TEST_STEP][PASSED] - commonUtils.Common.logoutAndCloseBrowser: commonUtils.Common.logoutAndCloseBrowser is PASSED

2018-09-21 14:52:33 - [MESSAGE][PASSED] - Delayed 5 second(s)

2018-09-21 14:52:33 - [MESSAGE][PASSED] - Object: 'Object Repository/homePage/settings' is clicked on

2018-09-21 14:52:33 - [MESSAGE][PASSED] - Object: 'Object Repository/workOrder/WORecords' is clicked on

2018-09-21 14:52:33 - [MESSAGE][PASSED] - Object 'Object Repository/loginPage/username' is present

2018-09-21 14:52:34 - [MESSAGE][PASSED] - Browser is closed

2018-09-21 14:52:34 - [MESSAGE][PASSED] - commonUtils.Common.logoutAndCloseBrowser is PASSED]]></system-out>
         <system-err><![CDATA[]]></system-err>
      </testcase>
      <testcase name="Test Cases/SANT-TC-029_WO_Cancel_FormLayout" classname="Test Cases/SANT-TC-029_WO_Cancel_FormLayout" status="PASSED">
         <system-out><![CDATA[2018-09-21 14:52:34 - [TEST_CASE][PASSED] - Test Cases/SANT-TC-029_WO_Cancel_FormLayout: Test Cases/SANT-TC-029_WO_Cancel_FormLayout

2018-09-21 14:52:34 - [TEST_STEP][PASSED] - Statement - woDescription = com.kms.katalon.core.testdata.TestDataFactory.findTestData(workOrder/workOrder).getValue(1, 1): Test data is internal data, reading internal data

2018-09-21 14:52:34 - [TEST_STEP][PASSED] - Statement - taskName = com.kms.katalon.core.testdata.TestDataFactory.findTestData(workOrder/workOrder).getValue(2, 1): Test data is internal data, reading internal data

2018-09-21 14:52:34 - [TEST_STEP][PASSED] - Statement - assetName = com.kms.katalon.core.testdata.TestDataFactory.findTestData(workOrder/workOrder).getValue(3, 1): Test data is internal data, reading internal data

2018-09-21 14:52:34 - [TEST_STEP][PASSED] - Statement - inventoryName = com.kms.katalon.core.testdata.TestDataFactory.findTestData(workOrder/workOrder).getValue(4, 1): Test data is internal data, reading internal data

2018-09-21 14:52:34 - [TEST_STEP][PASSED] - Statement - woDes = woDescription + java.lang.System.currentTimeMillis(): null

2018-09-21 14:52:34 - [TEST_STEP][PASSED] - work_Order.WO_Creation_FormLayout.workOrderCreation: work_Order.WO_Creation_FormLayout.workOrderCreation is PASSED

2018-09-21 14:52:36 - [MESSAGE][PASSED] - Browser is opened with url: ''

2018-09-21 14:52:38 - [MESSAGE][PASSED] - Current window maximized

2018-09-21 14:52:47 - [MESSAGE][PASSED] - Navigate to 'https://mpulse8.com/#/' successfully

2018-09-21 14:52:47 - [MESSAGE][PASSED] - Object 'Object Repository/loginPage/username' is clickable

2018-09-21 14:52:48 - [MESSAGE][PASSED] - Text 'abhi' is set on object 'Object Repository/loginPage/username'

2018-09-21 14:52:48 - [MESSAGE][PASSED] - Text '123456' is set on object 'Object Repository/loginPage/password'

2018-09-21 14:52:48 - [MESSAGE][PASSED] - Keys 'mpulse8_inapp' sent to object: 'Object Repository/loginPage/database_name'

2018-09-21 14:52:48 - [MESSAGE][PASSED] - Object: 'Object Repository/loginPage/Login_btn' is clicked on

2018-09-21 14:52:48 - [MESSAGE][PASSED] - Wait for page load successfully

2018-09-21 14:52:53 - [MESSAGE][PASSED] - Delayed 5 second(s)

2018-09-21 14:53:17 - [MESSAGE][PASSED] - Object: 'Object Repository/workOrder/workOrders' is clicked on

2018-09-21 14:53:17 - [MESSAGE][PASSED] - Object: 'Object Repository/workOrder/WORecords' is clicked on

2018-09-21 14:53:20 - [MESSAGE][PASSED] - Delayed 3 second(s)

2018-09-21 14:53:25 - [MESSAGE][FAILED] - Unable to click on object 'Object Repository/workOrder/cancel' (Root cause: org.openqa.selenium.ElementNotVisibleException: element not visible
  (Session info: chrome=69.0.3497.100)
  (Driver info: chromedriver=2.35.528161 (5b82f2d2aae0ca24b877009200ced9065a772e73),platform=Windows NT 10.0.16299 x86_64) (WARNING: The server did not provide any stacktrace information)
Command duration or timeout: 0 milliseconds
Build info: version: '3.7.1', revision: '8a0099a', time: '2017-11-06T21:07:36.161Z'
System info: host: 'DESKTOP-IC62SMV', ip: '192.168.4.18', os.name: 'Windows 10', os.arch: 'amd64', os.version: '10.0', java.version: '1.8.0_102'
Driver info: com.kms.katalon.selenium.driver.CChromeDriver
Capabilities {acceptInsecureCerts: false, acceptSslCerts: false, applicationCacheEnabled: false, browserConnectionEnabled: false, browserName: chrome, chrome: {chromedriverVersion: 2.35.528161 (5b82f2d2aae0ca..., userDataDir: C:\Users\Braseela\AppData\L...}, cssSelectorsEnabled: true, databaseEnabled: false, handlesAlerts: true, hasTouchScreen: false, javascriptEnabled: true, locationContextEnabled: true, mobileEmulationEnabled: false, nativeEvents: true, networkConnectionEnabled: false, pageLoadStrategy: normal, platform: XP, platformName: XP, rotatable: false, setWindowRect: true, takesHeapSnapshot: true, takesScreenshot: true, unexpectedAlertBehaviour: , unhandledPromptBehavior: , version: 69.0.3497.100, webStorageEnabled: true}
Session ID: b10cb275d274a5e1836e3d301abd0845)
[[ATTACHMENT|D:\\Repo\\InApp-QA-Automation\\Mpulse_Automation\\Reports\\Test Suite For Demo\\20180921_144859\\1537521804678.png]]

2018-09-21 14:53:25 - [MESSAGE][PASSED] - Wait for page load successfully

2018-09-21 14:53:28 - [MESSAGE][PASSED] - Delayed 3 second(s)

2018-09-21 14:53:31 - [MESSAGE][WARNING] - Web element with id: 'Object Repository/workOrder/expandAndMinimize' located by 'By.xpath: //a[@title='Show']' not found

2018-09-21 14:54:02 - [MESSAGE][FAILED] - Unable to click on object 'Object Repository/workOrder/expandAndMinimize' (Root cause: com.kms.katalon.core.webui.exception.WebElementNotFoundException: Web element with id: 'Object Repository/workOrder/expandAndMinimize' located by 'By.xpath: //a[@title='Show']' not found)
[[ATTACHMENT|D:\\Repo\\InApp-QA-Automation\\Mpulse_Automation\\Reports\\Test Suite For Demo\\20180921_144859\\1537521842153.png]]

2018-09-21 14:54:02 - [MESSAGE][PASSED] - Wait for page load successfully

2018-09-21 14:54:05 - [MESSAGE][PASSED] - Delayed 3 second(s)

2018-09-21 14:54:05 - [MESSAGE][PASSED] - Object 'Object Repository/workOrder/hideListLayout' is clickable

2018-09-21 14:54:05 - [MESSAGE][PASSED] - Object: 'Object Repository/workOrder/hideListLayout' is clicked on

2018-09-21 14:54:08 - [MESSAGE][PASSED] - Delayed 3 second(s)

2018-09-21 14:54:09 - [MESSAGE][PASSED] - Wait for page load successfully

2018-09-21 14:54:09 - [MESSAGE][PASSED] - Angular is ready.

2018-09-21 14:54:09 - [MESSAGE][PASSED] - Object 'Object Repository/workOrder/addAndEdit' is clickable

2018-09-21 14:54:09 - [MESSAGE][PASSED] - Object: 'Object Repository/workOrder/addAndEdit' is clicked on

2018-09-21 14:54:09 - [MESSAGE][PASSED] - Wait for page load successfully

2018-09-21 14:54:10 - [MESSAGE][PASSED] - Angular is ready.

2018-09-21 14:54:10 - [MESSAGE][PASSED] - Object 'Object Repository/workOrder/workOrderTabs' is clickable

2018-09-21 14:54:10 - [MESSAGE][PASSED] - Object: 'Object Repository/workOrder/workOrderTabs' is clicked on

2018-09-21 14:54:10 - [MESSAGE][PASSED] - Wait for page load successfully

2018-09-21 14:54:11 - [MESSAGE][PASSED] - Keys 'WO Sanity Test_1537521754787' sent to object: 'Object Repository/workOrder/description'

2018-09-21 14:54:14 - [MESSAGE][PASSED] - Delayed 3 second(s)

2018-09-21 14:54:14 - [MESSAGE][PASSED] - Object: 'Object Repository/workOrder/woTypeAndGroup' is clicked on

2018-09-21 14:54:17 - [MESSAGE][PASSED] - Delayed 3 second(s)

2018-09-21 14:54:18 - [MESSAGE][PASSED] - Object: 'Object Repository/workOrder/groupAndType' is clicked on

2018-09-21 14:54:21 - [MESSAGE][PASSED] - Delayed 3 second(s)

2018-09-21 14:54:21 - [MESSAGE][PASSED] - Object: 'Object Repository/workOrder/woTypeAndGroup' is clicked on

2018-09-21 14:54:24 - [MESSAGE][PASSED] - Delayed 3 second(s)

2018-09-21 14:54:24 - [MESSAGE][PASSED] - Object: 'Object Repository/workOrder/groupAndType' is clicked on

2018-09-21 14:54:24 - [MESSAGE][PASSED] - Object 'Object Repository/workOrder/workOrderTabs' is clickable

2018-09-21 14:54:26 - [MESSAGE][PASSED] - Object: 'Object Repository/workOrder/workOrderTabs' is clicked on

2018-09-21 14:54:27 - [MESSAGE][PASSED] - Wait for page load successfully

2018-09-21 14:54:27 - [MESSAGE][PASSED] - Object 'Object Repository/workOrder/link_Asset_Task_Inventory' is clickable

2018-09-21 14:54:27 - [MESSAGE][PASSED] - Object: 'Object Repository/workOrder/link_Asset_Task_Inventory' is clicked on

2018-09-21 14:54:33 - [MESSAGE][PASSED] - Delayed 6 second(s)

2018-09-21 14:54:34 - [MESSAGE][PASSED] - Keys 'PMI-023-ahk' sent to object: 'Object Repository/workOrder/infoLink_Search'

2018-09-21 14:54:40 - [MESSAGE][PASSED] - Delayed 6 second(s)

2018-09-21 14:54:40 - [MESSAGE][PASSED] - Object: 'Object Repository/workOrder/taskAndAssetID' is clicked on

2018-09-21 14:54:40 - [MESSAGE][PASSED] - Wait for page load successfully

2018-09-21 14:54:40 - [MESSAGE][PASSED] - Object: 'Object Repository/workOrder/replace' is clicked on

2018-09-21 14:54:40 - [MESSAGE][PASSED] - Wait for page load successfully

2018-09-21 14:54:43 - [MESSAGE][PASSED] - Angular is ready.

2018-09-21 14:54:44 - [MESSAGE][PASSED] - Object: 'Object Repository/workOrder/link_Asset_Task_Inventory' is clicked on

2018-09-21 14:54:50 - [MESSAGE][PASSED] - Delayed 6 second(s)

2018-09-21 14:54:50 - [MESSAGE][PASSED] - Keys 'EQU-194-2018' sent to object: 'Object Repository/workOrder/infoLink_Search'

2018-09-21 14:54:56 - [MESSAGE][PASSED] - Delayed 6 second(s)

2018-09-21 14:54:57 - [MESSAGE][PASSED] - Object: 'Object Repository/workOrder/taskAndAssetID' is clicked on

2018-09-21 14:54:57 - [MESSAGE][PASSED] - Object: 'Object Repository/workOrder/replace' is clicked on

2018-09-21 14:54:58 - [MESSAGE][PASSED] - Angular is ready.

2018-09-21 14:54:59 - [MESSAGE][PASSED] - Object: 'Object Repository/workOrder/link_Asset_Task_Inventory' is clicked on

2018-09-21 14:55:04 - [MESSAGE][PASSED] - Delayed 5 second(s)

2018-09-21 14:55:10 - [MESSAGE][PASSED] - Delayed 6 second(s)

2018-09-21 14:55:10 - [MESSAGE][PASSED] - Keys 'PRT-144' sent to object: 'Object Repository/workOrder/infoLink_Search'

2018-09-21 14:55:16 - [MESSAGE][PASSED] - Delayed 6 second(s)

2018-09-21 14:55:17 - [MESSAGE][PASSED] - Object: 'Object Repository/workOrder/inventoryID' is clicked on

2018-09-21 14:55:17 - [MESSAGE][PASSED] - Object: 'Object Repository/workOrder/replace' is clicked on

2018-09-21 14:55:18 - [MESSAGE][PASSED] - Angular is ready.

2018-09-21 14:55:20 - [MESSAGE][PASSED] - Object: 'Object Repository/workOrder/workOrderTabs' is clicked on

2018-09-21 14:55:21 - [MESSAGE][PASSED] - Angular is ready.

2018-09-21 14:55:21 - [MESSAGE][PASSED] - Object: 'Object Repository/workOrder/workOrderTabs' is clicked on

2018-09-21 14:55:24 - [MESSAGE][PASSED] - Delayed 3 second(s)

2018-09-21 14:55:24 - [MESSAGE][PASSED] - Keys 'BACK_SPACE + ' sent to object: 'Object Repository/workOrder/estAndOtherCost'

2018-09-21 14:55:25 - [MESSAGE][PASSED] - Keys '15' sent to object: 'Object Repository/workOrder/estAndOtherCost'

2018-09-21 14:55:28 - [MESSAGE][PASSED] - Delayed 3 second(s)

2018-09-21 14:55:28 - [MESSAGE][PASSED] - Keys 'BACK_SPACE + ' sent to object: 'Object Repository/workOrder/estAndOtherCost'

2018-09-21 14:55:28 - [MESSAGE][PASSED] - Keys '15' sent to object: 'Object Repository/workOrder/estAndOtherCost'

2018-09-21 14:55:28 - [MESSAGE][PASSED] - Object: 'Object Repository/workOrder/save' is clicked on

2018-09-21 14:55:38 - [MESSAGE][PASSED] - Delayed 10 second(s)

2018-09-21 14:55:38 - [MESSAGE][PASSED] - Object: 'Object Repository/workOrder/workOrderTabs' is clicked on

2018-09-21 14:55:39 - [MESSAGE][PASSED] - Text of object 'Object Repository/workOrder/WO_ID' is: 'WKO-21381-21/09'

2018-09-21 14:55:39 - [MESSAGE][PASSED] - Object 'Object Repository/workOrder/WO_description' is present

2018-09-21 14:55:39 - [MESSAGE][PASSED] - work_Order.WO_Creation_FormLayout.workOrderCreation is PASSED

2018-09-21 14:55:39 - [TEST_STEP][PASSED] - work_Order.WO_Cancel_FromLayout.cancelWorkOrderFormLayout: work_Order.WO_Cancel_FromLayout.cancelWorkOrderFormLayout is PASSED

2018-09-21 14:55:39 - [MESSAGE][PASSED] - Wait for page load successfully

2018-09-21 14:55:39 - [MESSAGE][PASSED] - Object 'Object Repository/workOrder/addAndEdit' is clickable

2018-09-21 14:55:39 - [MESSAGE][PASSED] - Object: 'Object Repository/workOrder/addAndEdit' is clicked on

2018-09-21 14:55:40 - [MESSAGE][PASSED] - Angular is ready.

2018-09-21 14:55:40 - [MESSAGE][PASSED] - Object: 'Object Repository/workOrder/radiobtn' is clicked on

2018-09-21 14:55:40 - [MESSAGE][PASSED] - Alert accepted

2018-09-21 14:55:41 - [MESSAGE][PASSED] - Object 'Object Repository/workOrder/infoLink_Search' is present

2018-09-21 14:55:41 - [MESSAGE][PASSED] - Text 'Sanity Testing' is set on object 'Object Repository/workOrder/infoLink_Search'

2018-09-21 14:55:42 - [MESSAGE][PASSED] - Object: 'Object Repository/workOrder/Reason_Save' is clicked on

2018-09-21 14:55:42 - [MESSAGE][PASSED] - Angular is ready.

2018-09-21 14:55:45 - [MESSAGE][PASSED] - Delayed 3 second(s)

2018-09-21 14:55:45 - [MESSAGE][PASSED] - Object: 'Object Repository/workOrder/calendar_icon' is clicked on

2018-09-21 14:55:45 - [MESSAGE][PASSED] - Object: 'Object Repository/workOrder/calendar_tom' is clicked on

2018-09-21 14:55:46 - [MESSAGE][PASSED] - Object: 'Object Repository/workOrder/calendar_OK' is clicked on

2018-09-21 14:55:46 - [MESSAGE][PASSED] - Object 'Object Repository/workOrder/Required_OK' is present

2018-09-21 14:55:46 - [MESSAGE][PASSED] - Object: 'Object Repository/workOrder/Required_OK' is clicked on

2018-09-21 14:55:56 - [MESSAGE][PASSED] - Delayed 10 second(s)

2018-09-21 14:55:56 - [MESSAGE][PASSED] - Wait for page load successfully

2018-09-21 14:55:56 - [MESSAGE][PASSED] - Object 'Object Repository/workOrder/workOrder Status' is present

2018-09-21 14:56:01 - [MESSAGE][PASSED] - Delayed 5 second(s)

2018-09-21 14:56:01 - [MESSAGE][PASSED] - work_Order.WO_Cancel_FromLayout.cancelWorkOrderFormLayout is PASSED

2018-09-21 14:56:01 - [TEST_STEP][PASSED] - commonUtils.Common.logoutAndCloseBrowser: commonUtils.Common.logoutAndCloseBrowser is PASSED

2018-09-21 14:56:06 - [MESSAGE][PASSED] - Delayed 5 second(s)

2018-09-21 14:56:06 - [MESSAGE][PASSED] - Object: 'Object Repository/homePage/settings' is clicked on

2018-09-21 14:56:06 - [MESSAGE][PASSED] - Object: 'Object Repository/workOrder/WORecords' is clicked on

2018-09-21 14:56:07 - [MESSAGE][PASSED] - Object 'Object Repository/loginPage/username' is present

2018-09-21 14:56:07 - [MESSAGE][PASSED] - Browser is closed

2018-09-21 14:56:07 - [MESSAGE][PASSED] - commonUtils.Common.logoutAndCloseBrowser is PASSED]]></system-out>
         <system-err><![CDATA[]]></system-err>
      </testcase>
      <testcase name="Test Cases/SANT-TC-030_WO_Hold_FormLayout" classname="Test Cases/SANT-TC-030_WO_Hold_FormLayout" status="FAILED">
         <failure type="FAILED" message="Unable to click on object 'Object Repository/workOrder/workOrders' (Root cause: com.kms.katalon.core.webui.exception.WebElementNotFoundException: Web element with id: 'Object Repository/workOrder/workOrders' located by 'By.xpath: //span[@title='Work Orders' or @class='work']' not found)"/>
         <system-out><![CDATA[2018-09-21 14:56:07 - [TEST_CASE][FAILED] - Test Cases/SANT-TC-030_WO_Hold_FormLayout: Test Cases/SANT-TC-030_WO_Hold_FormLayout FAILED because (of) Unable to click on object 'Object Repository/workOrder/workOrders' (Root cause: com.kms.katalon.core.webui.exception.WebElementNotFoundException: Web element with id: 'Object Repository/workOrder/workOrders' located by 'By.xpath: //span[@title='Work Orders' or @class='work']' not found)

2018-09-21 14:56:08 - [TEST_STEP][PASSED] - Statement - woDescription = com.kms.katalon.core.testdata.TestDataFactory.findTestData(workOrder/workOrder).getValue(1, 1): Test data is internal data, reading internal data

2018-09-21 14:56:08 - [TEST_STEP][PASSED] - Statement - taskName = com.kms.katalon.core.testdata.TestDataFactory.findTestData(workOrder/workOrder).getValue(2, 1): Test data is internal data, reading internal data

2018-09-21 14:56:08 - [TEST_STEP][PASSED] - Statement - assetName = com.kms.katalon.core.testdata.TestDataFactory.findTestData(workOrder/workOrder).getValue(3, 1): Test data is internal data, reading internal data

2018-09-21 14:56:08 - [TEST_STEP][PASSED] - Statement - inventoryName = com.kms.katalon.core.testdata.TestDataFactory.findTestData(workOrder/workOrder).getValue(4, 1): Test data is internal data, reading internal data

2018-09-21 14:56:08 - [TEST_STEP][PASSED] - Statement - woDes = woDescription + java.lang.System.currentTimeMillis(): null

2018-09-21 14:56:08 - [TEST_STEP][FAILED] - work_Order.WO_Creation_FormLayout.workOrderCreation: Unable to click on object 'Object Repository/workOrder/workOrders' (Root cause: com.kms.katalon.core.webui.exception.WebElementNotFoundException: Web element with id: 'Object Repository/workOrder/workOrders' located by 'By.xpath: //span[@title='Work Orders' or @class='work']' not found)

2018-09-21 14:56:10 - [MESSAGE][PASSED] - Browser is opened with url: ''

2018-09-21 14:56:11 - [MESSAGE][PASSED] - Current window maximized

2018-09-21 14:56:16 - [MESSAGE][PASSED] - Navigate to 'https://mpulse8.com/#/' successfully

2018-09-21 14:56:16 - [MESSAGE][PASSED] - Object 'Object Repository/loginPage/username' is clickable

2018-09-21 14:56:16 - [MESSAGE][PASSED] - Text 'abhi' is set on object 'Object Repository/loginPage/username'

2018-09-21 14:56:16 - [MESSAGE][PASSED] - Text '123456' is set on object 'Object Repository/loginPage/password'

2018-09-21 14:56:17 - [MESSAGE][PASSED] - Keys 'mpulse8_inapp' sent to object: 'Object Repository/loginPage/database_name'

2018-09-21 14:56:17 - [MESSAGE][PASSED] - Object: 'Object Repository/loginPage/Login_btn' is clicked on

2018-09-21 14:56:17 - [MESSAGE][PASSED] - Wait for page load successfully

2018-09-21 14:56:22 - [MESSAGE][PASSED] - Delayed 5 second(s)

2018-09-21 14:56:53 - [MESSAGE][FAILED] - Unable to click on object 'Object Repository/workOrder/workOrders' (Root cause: com.kms.katalon.core.webui.exception.WebElementNotFoundException: Web element with id: 'Object Repository/workOrder/workOrders' located by 'By.xpath: //span[@title='Work Orders' or @class='work']' not found)
[[ATTACHMENT|D:\\Repo\\InApp-QA-Automation\\Mpulse_Automation\\Reports\\Test Suite For Demo\\20180921_144859\\1537522013237.png]]

2018-09-21 14:56:53 - [MESSAGE][PASSED] - Wait for page load successfully

2018-09-21 14:56:56 - [MESSAGE][PASSED] - Delayed 3 second(s)

2018-09-21 14:57:27 - [MESSAGE][FAILED] - Unable to click on object 'Object Repository/workOrder/workOrders' (Root cause: com.kms.katalon.core.webui.exception.WebElementNotFoundException: Web element with id: 'Object Repository/workOrder/workOrders' located by 'By.xpath: //span[@title='Work Orders' or @class='work']' not found)
[[ATTACHMENT|D:\\Repo\\InApp-QA-Automation\\Mpulse_Automation\\Reports\\Test Suite For Demo\\20180921_144859\\1537522047433.png]]

2018-09-21 14:57:27 - [MESSAGE][FAILED] - Unable to click on object 'Object Repository/workOrder/workOrders' (Root cause: com.kms.katalon.core.webui.exception.WebElementNotFoundException: Web element with id: 'Object Repository/workOrder/workOrders' located by 'By.xpath: //span[@title='Work Orders' or @class='work']' not found)]]></system-out>
         <system-err><![CDATA[2018-09-21 14:56:07 - [TEST_CASE][FAILED] - Test Cases/SANT-TC-030_WO_Hold_FormLayout: Test Cases/SANT-TC-030_WO_Hold_FormLayout FAILED because (of) Unable to click on object 'Object Repository/workOrder/workOrders' (Root cause: com.kms.katalon.core.webui.exception.WebElementNotFoundException: Web element with id: 'Object Repository/workOrder/workOrders' located by 'By.xpath: //span[@title='Work Orders' or @class='work']' not found)]]></system-err>
      </testcase>
      <testcase name="Test Cases/SANT-TC-032_WO_Close_ListLayout" classname="Test Cases/SANT-TC-032_WO_Close_ListLayout" status="FAILED">
         <failure type="FAILED" message="Unable to click on object 'Object Repository/workOrder/CloseWO' (Root cause: org.openqa.selenium.WebDriverException: unknown error: Element &lt;button type=&quot;button&quot; class=&quot;btn btn-default btn_popup ng-binding ng-scope&quot; title=&quot;Closing the work order moves it from the active work order record set and moves it into history.    This action is similar to 'posting' in an accounting system and should only be done when you are sure all the data is complete and accurate.&quot; ng-click=&quot;closeWorkOrder(true)&quot; ng-if=&quot;SubModuleName=='WorkOrderRecords' &amp;amp;&amp;amp; WKOLayout.listviewlabels.CloseButton&quot;>...&lt;/button> is not clickable at point (669, 81). Other element would receive the click: &lt;html lang=&quot;en&quot; class=&quot;ng-scope&quot;>...&lt;/html>
  (Session info: chrome=69.0.3497.100)
  (Driver info: chromedriver=2.35.528161 (5b82f2d2aae0ca24b877009200ced9065a772e73),platform=Windows NT 10.0.16299 x86_64) (WARNING: The server did not provide any stacktrace information)
Command duration or timeout: 0 milliseconds
Build info: version: '3.7.1', revision: '8a0099a', time: '2017-11-06T21:07:36.161Z'
System info: host: 'DESKTOP-IC62SMV', ip: '192.168.4.18', os.name: 'Windows 10', os.arch: 'amd64', os.version: '10.0', java.version: '1.8.0_102'
Driver info: com.kms.katalon.selenium.driver.CChromeDriver
Capabilities {acceptInsecureCerts: false, acceptSslCerts: false, applicationCacheEnabled: false, browserConnectionEnabled: false, browserName: chrome, chrome: {chromedriverVersion: 2.35.528161 (5b82f2d2aae0ca..., userDataDir: C:\Users\Braseela\AppData\L...}, cssSelectorsEnabled: true, databaseEnabled: false, handlesAlerts: true, hasTouchScreen: false, javascriptEnabled: true, locationContextEnabled: true, mobileEmulationEnabled: false, nativeEvents: true, networkConnectionEnabled: false, pageLoadStrategy: normal, platform: XP, platformName: XP, rotatable: false, setWindowRect: true, takesHeapSnapshot: true, takesScreenshot: true, unexpectedAlertBehaviour: , unhandledPromptBehavior: , version: 69.0.3497.100, webStorageEnabled: true}
Session ID: 584fb45c36e05b50e7b5992be278614d)"/>
         <system-out><![CDATA[2018-09-21 14:57:27 - [TEST_CASE][FAILED] - Test Cases/SANT-TC-032_WO_Close_ListLayout: Test Cases/SANT-TC-032_WO_Close_ListLayout FAILED because (of) Unable to click on object 'Object Repository/workOrder/CloseWO' (Root cause: org.openqa.selenium.WebDriverException: unknown error: Element <button type="button" class="btn btn-default btn_popup ng-binding ng-scope" title="Closing the work order moves it from the active work order record set and moves it into history.    This action is similar to 'posting' in an accounting system and should only be done when you are sure all the data is complete and accurate." ng-click="closeWorkOrder(true)" ng-if="SubModuleName=='WorkOrderRecords' &amp;&amp; WKOLayout.listviewlabels.CloseButton">...</button> is not clickable at point (669, 81). Other element would receive the click: <html lang="en" class="ng-scope">...</html>
  (Session info: chrome=69.0.3497.100)
  (Driver info: chromedriver=2.35.528161 (5b82f2d2aae0ca24b877009200ced9065a772e73),platform=Windows NT 10.0.16299 x86_64) (WARNING: The server did not provide any stacktrace information)
Command duration or timeout: 0 milliseconds
Build info: version: '3.7.1', revision: '8a0099a', time: '2017-11-06T21:07:36.161Z'
System info: host: 'DESKTOP-IC62SMV', ip: '192.168.4.18', os.name: 'Windows 10', os.arch: 'amd64', os.version: '10.0', java.version: '1.8.0_102'
Driver info: com.kms.katalon.selenium.driver.CChromeDriver
Capabilities {acceptInsecureCerts: false, acceptSslCerts: false, applicationCacheEnabled: false, browserConnectionEnabled: false, browserName: chrome, chrome: {chromedriverVersion: 2.35.528161 (5b82f2d2aae0ca..., userDataDir: C:\Users\Braseela\AppData\L...}, cssSelectorsEnabled: true, databaseEnabled: false, handlesAlerts: true, hasTouchScreen: false, javascriptEnabled: true, locationContextEnabled: true, mobileEmulationEnabled: false, nativeEvents: true, networkConnectionEnabled: false, pageLoadStrategy: normal, platform: XP, platformName: XP, rotatable: false, setWindowRect: true, takesHeapSnapshot: true, takesScreenshot: true, unexpectedAlertBehaviour: , unhandledPromptBehavior: , version: 69.0.3497.100, webStorageEnabled: true}
Session ID: 584fb45c36e05b50e7b5992be278614d)

2018-09-21 14:57:27 - [TEST_STEP][PASSED] - Statement - woDescription = com.kms.katalon.core.testdata.TestDataFactory.findTestData(workOrder/workOrder).getValue(1, 1): Test data is internal data, reading internal data

2018-09-21 14:57:27 - [TEST_STEP][PASSED] - Statement - WO_name = woDescription + java.lang.System.currentTimeMillis(): null

2018-09-21 14:57:27 - [TEST_STEP][PASSED] - work_Order.WO_Creation_ListLayout.workOrderCreationList: work_Order.WO_Creation_ListLayout.workOrderCreationList is PASSED

2018-09-21 14:57:28 - [MESSAGE][WARNING] - A browser is already opened. Closing browser and opening a new one

2018-09-21 14:57:31 - [MESSAGE][PASSED] - Browser is opened with url: ''

2018-09-21 14:57:32 - [MESSAGE][PASSED] - Current window maximized

2018-09-21 14:57:41 - [MESSAGE][PASSED] - Navigate to 'https://mpulse8.com/#/' successfully

2018-09-21 14:57:41 - [MESSAGE][PASSED] - Object 'Object Repository/loginPage/username' is clickable

2018-09-21 14:57:41 - [MESSAGE][PASSED] - Text 'abhi' is set on object 'Object Repository/loginPage/username'

2018-09-21 14:57:41 - [MESSAGE][PASSED] - Text '123456' is set on object 'Object Repository/loginPage/password'

2018-09-21 14:57:42 - [MESSAGE][PASSED] - Keys 'mpulse8_inapp' sent to object: 'Object Repository/loginPage/database_name'

2018-09-21 14:57:42 - [MESSAGE][PASSED] - Object: 'Object Repository/loginPage/Login_btn' is clicked on

2018-09-21 14:57:42 - [MESSAGE][PASSED] - Wait for page load successfully

2018-09-21 14:57:47 - [MESSAGE][PASSED] - Delayed 5 second(s)

2018-09-21 14:58:00 - [MESSAGE][PASSED] - Object: 'Object Repository/workOrder/workOrders' is clicked on

2018-09-21 14:58:00 - [MESSAGE][PASSED] - Object: 'Object Repository/workOrder/WORecords' is clicked on

2018-09-21 14:58:00 - [MESSAGE][PASSED] - Wait for page load successfully

2018-09-21 14:58:07 - [MESSAGE][PASSED] - Angular is ready.

2018-09-21 14:58:10 - [MESSAGE][PASSED] - Delayed 3 second(s)

2018-09-21 14:58:10 - [MESSAGE][FAILED] - Unable to click on object 'Object Repository/workOrder/cancel' (Root cause: org.openqa.selenium.ElementNotVisibleException: element not visible
  (Session info: chrome=69.0.3497.100)
  (Driver info: chromedriver=2.35.528161 (5b82f2d2aae0ca24b877009200ced9065a772e73),platform=Windows NT 10.0.16299 x86_64) (WARNING: The server did not provide any stacktrace information)
Command duration or timeout: 0 milliseconds
Build info: version: '3.7.1', revision: '8a0099a', time: '2017-11-06T21:07:36.161Z'
System info: host: 'DESKTOP-IC62SMV', ip: '192.168.4.18', os.name: 'Windows 10', os.arch: 'amd64', os.version: '10.0', java.version: '1.8.0_102'
Driver info: com.kms.katalon.selenium.driver.CChromeDriver
Capabilities {acceptInsecureCerts: false, acceptSslCerts: false, applicationCacheEnabled: false, browserConnectionEnabled: false, browserName: chrome, chrome: {chromedriverVersion: 2.35.528161 (5b82f2d2aae0ca..., userDataDir: C:\Users\Braseela\AppData\L...}, cssSelectorsEnabled: true, databaseEnabled: false, handlesAlerts: true, hasTouchScreen: false, javascriptEnabled: true, locationContextEnabled: true, mobileEmulationEnabled: false, nativeEvents: true, networkConnectionEnabled: false, pageLoadStrategy: normal, platform: XP, platformName: XP, rotatable: false, setWindowRect: true, takesHeapSnapshot: true, takesScreenshot: true, unexpectedAlertBehaviour: , unhandledPromptBehavior: , version: 69.0.3497.100, webStorageEnabled: true}
Session ID: 584fb45c36e05b50e7b5992be278614d)
[[ATTACHMENT|D:\\Repo\\InApp-QA-Automation\\Mpulse_Automation\\Reports\\Test Suite For Demo\\20180921_144859\\1537522090641.png]]

2018-09-21 14:58:10 - [MESSAGE][PASSED] - Wait for page load successfully

2018-09-21 14:58:13 - [MESSAGE][PASSED] - Delayed 3 second(s)

2018-09-21 14:58:13 - [MESSAGE][PASSED] - Object 'Object Repository/workOrder/hideMenu' is present

2018-09-21 14:58:14 - [MESSAGE][FAILED] - Unable to click on object 'Object Repository/workOrder/hideMenu' (Root cause: org.openqa.selenium.ElementNotVisibleException: element not visible
  (Session info: chrome=69.0.3497.100)
  (Driver info: chromedriver=2.35.528161 (5b82f2d2aae0ca24b877009200ced9065a772e73),platform=Windows NT 10.0.16299 x86_64) (WARNING: The server did not provide any stacktrace information)
Command duration or timeout: 0 milliseconds
Build info: version: '3.7.1', revision: '8a0099a', time: '2017-11-06T21:07:36.161Z'
System info: host: 'DESKTOP-IC62SMV', ip: '192.168.4.18', os.name: 'Windows 10', os.arch: 'amd64', os.version: '10.0', java.version: '1.8.0_102'
Driver info: com.kms.katalon.selenium.driver.CChromeDriver
Capabilities {acceptInsecureCerts: false, acceptSslCerts: false, applicationCacheEnabled: false, browserConnectionEnabled: false, browserName: chrome, chrome: {chromedriverVersion: 2.35.528161 (5b82f2d2aae0ca..., userDataDir: C:\Users\Braseela\AppData\L...}, cssSelectorsEnabled: true, databaseEnabled: false, handlesAlerts: true, hasTouchScreen: false, javascriptEnabled: true, locationContextEnabled: true, mobileEmulationEnabled: false, nativeEvents: true, networkConnectionEnabled: false, pageLoadStrategy: normal, platform: XP, platformName: XP, rotatable: false, setWindowRect: true, takesHeapSnapshot: true, takesScreenshot: true, unexpectedAlertBehaviour: , unhandledPromptBehavior: , version: 69.0.3497.100, webStorageEnabled: true}
Session ID: 584fb45c36e05b50e7b5992be278614d)
[[ATTACHMENT|D:\\Repo\\InApp-QA-Automation\\Mpulse_Automation\\Reports\\Test Suite For Demo\\20180921_144859\\1537522094021.png]]

2018-09-21 14:58:14 - [MESSAGE][PASSED] - Wait for page load successfully

2018-09-21 14:58:17 - [MESSAGE][PASSED] - Delayed 3 second(s)

2018-09-21 14:58:17 - [MESSAGE][PASSED] - Object 'Object Repository/workOrder/expandAndMinimize' is present

2018-09-21 14:58:22 - [MESSAGE][PASSED] - Delayed 5 second(s)

2018-09-21 14:58:23 - [MESSAGE][PASSED] - Object: 'Object Repository/workOrder/expandAndMinimize' is clicked on

2018-09-21 14:58:26 - [MESSAGE][PASSED] - Delayed 3 second(s)

2018-09-21 14:58:26 - [MESSAGE][PASSED] - Wait for page load successfully

2018-09-21 14:58:26 - [MESSAGE][PASSED] - Angular is ready.

2018-09-21 14:58:26 - [MESSAGE][PASSED] - Object 'Object Repository/workOrder/addNew_ListLayout' is clickable

2018-09-21 14:58:26 - [MESSAGE][PASSED] - Object: 'Object Repository/workOrder/addNew_ListLayout' is clicked on

2018-09-21 14:58:26 - [MESSAGE][PASSED] - Wait for page load successfully

2018-09-21 14:58:31 - [MESSAGE][PASSED] - Angular is ready.

2018-09-21 14:58:32 - [MESSAGE][PASSED] - Keys 'WO Sanity Test_1537522047945' sent to object: 'Object Repository/workOrder/wo_Description_List'

2018-09-21 14:58:32 - [MESSAGE][PASSED] - Object 'Object Repository/workOrder/Save_ListLayout' is clickable

2018-09-21 14:58:33 - [MESSAGE][PASSED] - Object: 'Object Repository/workOrder/Save_ListLayout' is clicked on

2018-09-21 14:58:33 - [MESSAGE][PASSED] - Wait for page load successfully

2018-09-21 14:58:33 - [MESSAGE][PASSED] - Object 'Object Repository/workOrder/created_WO_List' is present

2018-09-21 14:58:33 - [MESSAGE][PASSED] - work_Order.WO_Creation_ListLayout.workOrderCreationList is PASSED

2018-09-21 14:58:33 - [TEST_STEP][FAILED] - work_Order.WO_Close_ListLayout.closeWorkOrderListLayout: Unable to click on object 'Object Repository/workOrder/CloseWO' (Root cause: org.openqa.selenium.WebDriverException: unknown error: Element <button type="button" class="btn btn-default btn_popup ng-binding ng-scope" title="Closing the work order moves it from the active work order record set and moves it into history.    This action is similar to 'posting' in an accounting system and should only be done when you are sure all the data is complete and accurate." ng-click="closeWorkOrder(true)" ng-if="SubModuleName=='WorkOrderRecords' &amp;&amp; WKOLayout.listviewlabels.CloseButton">...</button> is not clickable at point (669, 81). Other element would receive the click: <html lang="en" class="ng-scope">...</html>
  (Session info: chrome=69.0.3497.100)
  (Driver info: chromedriver=2.35.528161 (5b82f2d2aae0ca24b877009200ced9065a772e73),platform=Windows NT 10.0.16299 x86_64) (WARNING: The server did not provide any stacktrace information)
Command duration or timeout: 0 milliseconds
Build info: version: '3.7.1', revision: '8a0099a', time: '2017-11-06T21:07:36.161Z'
System info: host: 'DESKTOP-IC62SMV', ip: '192.168.4.18', os.name: 'Windows 10', os.arch: 'amd64', os.version: '10.0', java.version: '1.8.0_102'
Driver info: com.kms.katalon.selenium.driver.CChromeDriver
Capabilities {acceptInsecureCerts: false, acceptSslCerts: false, applicationCacheEnabled: false, browserConnectionEnabled: false, browserName: chrome, chrome: {chromedriverVersion: 2.35.528161 (5b82f2d2aae0ca..., userDataDir: C:\Users\Braseela\AppData\L...}, cssSelectorsEnabled: true, databaseEnabled: false, handlesAlerts: true, hasTouchScreen: false, javascriptEnabled: true, locationContextEnabled: true, mobileEmulationEnabled: false, nativeEvents: true, networkConnectionEnabled: false, pageLoadStrategy: normal, platform: XP, platformName: XP, rotatable: false, setWindowRect: true, takesHeapSnapshot: true, takesScreenshot: true, unexpectedAlertBehaviour: , unhandledPromptBehavior: , version: 69.0.3497.100, webStorageEnabled: true}
Session ID: 584fb45c36e05b50e7b5992be278614d)

2018-09-21 14:58:33 - [MESSAGE][PASSED] - Wait for page load successfully

2018-09-21 14:58:34 - [MESSAGE][PASSED] - Object 'Object Repository/workOrder/CloseWO' is clickable

2018-09-21 14:58:37 - [MESSAGE][PASSED] - Delayed 3 second(s)

2018-09-21 14:58:37 - [MESSAGE][FAILED] - Unable to click on object 'Object Repository/workOrder/CloseWO' (Root cause: org.openqa.selenium.WebDriverException: unknown error: Element <button type="button" class="btn btn-default btn_popup ng-binding ng-scope" title="Closing the work order moves it from the active work order record set and moves it into history.    This action is similar to 'posting' in an accounting system and should only be done when you are sure all the data is complete and accurate." ng-click="closeWorkOrder(true)" ng-if="SubModuleName=='WorkOrderRecords' &amp;&amp; WKOLayout.listviewlabels.CloseButton">...</button> is not clickable at point (669, 81). Other element would receive the click: <html lang="en" class="ng-scope">...</html>
  (Session info: chrome=69.0.3497.100)
  (Driver info: chromedriver=2.35.528161 (5b82f2d2aae0ca24b877009200ced9065a772e73),platform=Windows NT 10.0.16299 x86_64) (WARNING: The server did not provide any stacktrace information)
Command duration or timeout: 0 milliseconds
Build info: version: '3.7.1', revision: '8a0099a', time: '2017-11-06T21:07:36.161Z'
System info: host: 'DESKTOP-IC62SMV', ip: '192.168.4.18', os.name: 'Windows 10', os.arch: 'amd64', os.version: '10.0', java.version: '1.8.0_102'
Driver info: com.kms.katalon.selenium.driver.CChromeDriver
Capabilities {acceptInsecureCerts: false, acceptSslCerts: false, applicationCacheEnabled: false, browserConnectionEnabled: false, browserName: chrome, chrome: {chromedriverVersion: 2.35.528161 (5b82f2d2aae0ca..., userDataDir: C:\Users\Braseela\AppData\L...}, cssSelectorsEnabled: true, databaseEnabled: false, handlesAlerts: true, hasTouchScreen: false, javascriptEnabled: true, locationContextEnabled: true, mobileEmulationEnabled: false, nativeEvents: true, networkConnectionEnabled: false, pageLoadStrategy: normal, platform: XP, platformName: XP, rotatable: false, setWindowRect: true, takesHeapSnapshot: true, takesScreenshot: true, unexpectedAlertBehaviour: , unhandledPromptBehavior: , version: 69.0.3497.100, webStorageEnabled: true}
Session ID: 584fb45c36e05b50e7b5992be278614d)
[[ATTACHMENT|D:\\Repo\\InApp-QA-Automation\\Mpulse_Automation\\Reports\\Test Suite For Demo\\20180921_144859\\1537522117158.png]]

2018-09-21 14:58:37 - [MESSAGE][FAILED] - Unable to click on object 'Object Repository/workOrder/CloseWO' (Root cause: org.openqa.selenium.WebDriverException: unknown error: Element <button type="button" class="btn btn-default btn_popup ng-binding ng-scope" title="Closing the work order moves it from the active work order record set and moves it into history.    This action is similar to 'posting' in an accounting system and should only be done when you are sure all the data is complete and accurate." ng-click="closeWorkOrder(true)" ng-if="SubModuleName=='WorkOrderRecords' &amp;&amp; WKOLayout.listviewlabels.CloseButton">...</button> is not clickable at point (669, 81). Other element would receive the click: <html lang="en" class="ng-scope">...</html>
  (Session info: chrome=69.0.3497.100)
  (Driver info: chromedriver=2.35.528161 (5b82f2d2aae0ca24b877009200ced9065a772e73),platform=Windows NT 10.0.16299 x86_64) (WARNING: The server did not provide any stacktrace information)
Command duration or timeout: 0 milliseconds
Build info: version: '3.7.1', revision: '8a0099a', time: '2017-11-06T21:07:36.161Z'
System info: host: 'DESKTOP-IC62SMV', ip: '192.168.4.18', os.name: 'Windows 10', os.arch: 'amd64', os.version: '10.0', java.version: '1.8.0_102'
Driver info: com.kms.katalon.selenium.driver.CChromeDriver
Capabilities {acceptInsecureCerts: false, acceptSslCerts: false, applicationCacheEnabled: false, browserConnectionEnabled: false, browserName: chrome, chrome: {chromedriverVersion: 2.35.528161 (5b82f2d2aae0ca..., userDataDir: C:\Users\Braseela\AppData\L...}, cssSelectorsEnabled: true, databaseEnabled: false, handlesAlerts: true, hasTouchScreen: false, javascriptEnabled: true, locationContextEnabled: true, mobileEmulationEnabled: false, nativeEvents: true, networkConnectionEnabled: false, pageLoadStrategy: normal, platform: XP, platformName: XP, rotatable: false, setWindowRect: true, takesHeapSnapshot: true, takesScreenshot: true, unexpectedAlertBehaviour: , unhandledPromptBehavior: , version: 69.0.3497.100, webStorageEnabled: true}
Session ID: 584fb45c36e05b50e7b5992be278614d)]]></system-out>
         <system-err><![CDATA[2018-09-21 14:57:27 - [TEST_CASE][FAILED] - Test Cases/SANT-TC-032_WO_Close_ListLayout: Test Cases/SANT-TC-032_WO_Close_ListLayout FAILED because (of) Unable to click on object 'Object Repository/workOrder/CloseWO' (Root cause: org.openqa.selenium.WebDriverException: unknown error: Element <button type="button" class="btn btn-default btn_popup ng-binding ng-scope" title="Closing the work order moves it from the active work order record set and moves it into history.    This action is similar to 'posting' in an accounting system and should only be done when you are sure all the data is complete and accurate." ng-click="closeWorkOrder(true)" ng-if="SubModuleName=='WorkOrderRecords' &amp;&amp; WKOLayout.listviewlabels.CloseButton">...</button> is not clickable at point (669, 81). Other element would receive the click: <html lang="en" class="ng-scope">...</html>
  (Session info: chrome=69.0.3497.100)
  (Driver info: chromedriver=2.35.528161 (5b82f2d2aae0ca24b877009200ced9065a772e73),platform=Windows NT 10.0.16299 x86_64) (WARNING: The server did not provide any stacktrace information)
Command duration or timeout: 0 milliseconds
Build info: version: '3.7.1', revision: '8a0099a', time: '2017-11-06T21:07:36.161Z'
System info: host: 'DESKTOP-IC62SMV', ip: '192.168.4.18', os.name: 'Windows 10', os.arch: 'amd64', os.version: '10.0', java.version: '1.8.0_102'
Driver info: com.kms.katalon.selenium.driver.CChromeDriver
Capabilities {acceptInsecureCerts: false, acceptSslCerts: false, applicationCacheEnabled: false, browserConnectionEnabled: false, browserName: chrome, chrome: {chromedriverVersion: 2.35.528161 (5b82f2d2aae0ca..., userDataDir: C:\Users\Braseela\AppData\L...}, cssSelectorsEnabled: true, databaseEnabled: false, handlesAlerts: true, hasTouchScreen: false, javascriptEnabled: true, locationContextEnabled: true, mobileEmulationEnabled: false, nativeEvents: true, networkConnectionEnabled: false, pageLoadStrategy: normal, platform: XP, platformName: XP, rotatable: false, setWindowRect: true, takesHeapSnapshot: true, takesScreenshot: true, unexpectedAlertBehaviour: , unhandledPromptBehavior: , version: 69.0.3497.100, webStorageEnabled: true}
Session ID: 584fb45c36e05b50e7b5992be278614d)]]></system-err>
      </testcase>
      <testcase name="Test Cases/SANT-TC-035_MR_To_WO_FormLayout" classname="Test Cases/SANT-TC-035_MR_To_WO_FormLayout" status="FAILED">
         <failure type="FAILED" message="Unable to set text 'abhi' of object 'Object Repository/loginPage/username' (Root cause: com.kms.katalon.core.webui.exception.WebElementNotFoundException: Web element with id: 'Object Repository/loginPage/username' located by 'By.xpath: //input[@id='userName']' not found)"/>
         <system-out><![CDATA[2018-09-21 14:58:37 - [TEST_CASE][FAILED] - Test Cases/SANT-TC-035_MR_To_WO_FormLayout: Test Cases/SANT-TC-035_MR_To_WO_FormLayout FAILED because (of) Unable to set text 'abhi' of object 'Object Repository/loginPage/username' (Root cause: com.kms.katalon.core.webui.exception.WebElementNotFoundException: Web element with id: 'Object Repository/loginPage/username' located by 'By.xpath: //input[@id='userName']' not found)

2018-09-21 14:58:38 - [TEST_STEP][PASSED] - Statement - woDescription = com.kms.katalon.core.testdata.TestDataFactory.findTestData(maintenanceRecords/MR).getValue(1, 1): Test data is internal data, reading internal data

2018-09-21 14:58:38 - [TEST_STEP][PASSED] - Statement - assetName = com.kms.katalon.core.testdata.TestDataFactory.findTestData(maintenanceRecords/MR).getValue(2, 1): Test data is internal data, reading internal data

2018-09-21 14:58:38 - [TEST_STEP][PASSED] - Statement - inventoryName = com.kms.katalon.core.testdata.TestDataFactory.findTestData(maintenanceRecords/MR).getValue(3, 1): Test data is internal data, reading internal data

2018-09-21 14:58:38 - [TEST_STEP][PASSED] - Statement - woDes = woDescription + "_" + java.lang.System.currentTimeMillis(): null

2018-09-21 14:58:38 - [TEST_STEP][FAILED] - maintenance_Records.MR_Creation_FormLayout.MRCreation: Unable to set text 'abhi' of object 'Object Repository/loginPage/username' (Root cause: com.kms.katalon.core.webui.exception.WebElementNotFoundException: Web element with id: 'Object Repository/loginPage/username' located by 'By.xpath: //input[@id='userName']' not found)

2018-09-21 14:58:38 - [MESSAGE][WARNING] - A browser is already opened. Closing browser and opening a new one

2018-09-21 14:58:45 - [MESSAGE][PASSED] - Browser is opened with url: ''

2018-09-21 14:58:46 - [MESSAGE][PASSED] - Current window maximized

2018-09-21 14:58:47 - [MESSAGE][PASSED] - Navigate to 'https://mpulse8.com/#/' successfully

2018-09-21 14:58:49 - [MESSAGE][WARNING] - Web element with id: 'Object Repository/loginPage/username' located by 'By.xpath: //input[@id='userName']' not found

2018-09-21 14:59:20 - [MESSAGE][FAILED] - Unable to set text 'abhi' of object 'Object Repository/loginPage/username' (Root cause: com.kms.katalon.core.webui.exception.WebElementNotFoundException: Web element with id: 'Object Repository/loginPage/username' located by 'By.xpath: //input[@id='userName']' not found)
[[ATTACHMENT|D:\\Repo\\InApp-QA-Automation\\Mpulse_Automation\\Reports\\Test Suite For Demo\\20180921_144859\\1537522160002.png]]

2018-09-21 14:59:20 - [MESSAGE][FAILED] - Unable to set text 'abhi' of object 'Object Repository/loginPage/username' (Root cause: com.kms.katalon.core.webui.exception.WebElementNotFoundException: Web element with id: 'Object Repository/loginPage/username' located by 'By.xpath: //input[@id='userName']' not found)]]></system-out>
         <system-err><![CDATA[2018-09-21 14:58:37 - [TEST_CASE][FAILED] - Test Cases/SANT-TC-035_MR_To_WO_FormLayout: Test Cases/SANT-TC-035_MR_To_WO_FormLayout FAILED because (of) Unable to set text 'abhi' of object 'Object Repository/loginPage/username' (Root cause: com.kms.katalon.core.webui.exception.WebElementNotFoundException: Web element with id: 'Object Repository/loginPage/username' located by 'By.xpath: //input[@id='userName']' not found)]]></system-err>
      </testcase>
      <testcase name="Test Cases/SANT-TC-035_MR_To_WO_ListLayout" classname="Test Cases/SANT-TC-035_MR_To_WO_ListLayout" status="FAILED">
         <failure type="FAILED" message="Unable to set text 'abhi' of object 'Object Repository/loginPage/username' (Root cause: com.kms.katalon.core.webui.exception.WebElementNotFoundException: Web element with id: 'Object Repository/loginPage/username' located by 'By.xpath: //input[@id='userName']' not found)"/>
         <system-out><![CDATA[2018-09-21 14:59:20 - [TEST_CASE][FAILED] - Test Cases/SANT-TC-035_MR_To_WO_ListLayout: Test Cases/SANT-TC-035_MR_To_WO_ListLayout FAILED because (of) Unable to set text 'abhi' of object 'Object Repository/loginPage/username' (Root cause: com.kms.katalon.core.webui.exception.WebElementNotFoundException: Web element with id: 'Object Repository/loginPage/username' located by 'By.xpath: //input[@id='userName']' not found)

2018-09-21 14:59:20 - [TEST_STEP][PASSED] - Statement - woDescription = com.kms.katalon.core.testdata.TestDataFactory.findTestData(maintenanceRecords/MR).getValue(1, 1): Test data is internal data, reading internal data

2018-09-21 14:59:20 - [TEST_STEP][PASSED] - Statement - assetName = com.kms.katalon.core.testdata.TestDataFactory.findTestData(maintenanceRecords/MR).getValue(2, 1): Test data is internal data, reading internal data

2018-09-21 14:59:20 - [TEST_STEP][PASSED] - Statement - inventoryName = com.kms.katalon.core.testdata.TestDataFactory.findTestData(maintenanceRecords/MR).getValue(3, 1): Test data is internal data, reading internal data

2018-09-21 14:59:20 - [TEST_STEP][PASSED] - Statement - woDes = woDescription + java.lang.System.currentTimeMillis(): null

2018-09-21 14:59:20 - [TEST_STEP][FAILED] - maintenance_Records.MR_Creation_ListLayout.MR_Creation_List: Unable to set text 'abhi' of object 'Object Repository/loginPage/username' (Root cause: com.kms.katalon.core.webui.exception.WebElementNotFoundException: Web element with id: 'Object Repository/loginPage/username' located by 'By.xpath: //input[@id='userName']' not found)

2018-09-21 14:59:20 - [MESSAGE][WARNING] - A browser is already opened. Closing browser and opening a new one

2018-09-21 14:59:23 - [MESSAGE][PASSED] - Browser is opened with url: ''

2018-09-21 14:59:25 - [MESSAGE][PASSED] - Current window maximized

2018-09-21 14:59:25 - [MESSAGE][PASSED] - Navigate to 'https://mpulse8.com/#/' successfully

2018-09-21 14:59:27 - [MESSAGE][WARNING] - Web element with id: 'Object Repository/loginPage/username' located by 'By.xpath: //input[@id='userName']' not found

2018-09-21 14:59:58 - [MESSAGE][FAILED] - Unable to set text 'abhi' of object 'Object Repository/loginPage/username' (Root cause: com.kms.katalon.core.webui.exception.WebElementNotFoundException: Web element with id: 'Object Repository/loginPage/username' located by 'By.xpath: //input[@id='userName']' not found)
[[ATTACHMENT|D:\\Repo\\InApp-QA-Automation\\Mpulse_Automation\\Reports\\Test Suite For Demo\\20180921_144859\\1537522198543.png]]

2018-09-21 14:59:58 - [MESSAGE][FAILED] - Unable to set text 'abhi' of object 'Object Repository/loginPage/username' (Root cause: com.kms.katalon.core.webui.exception.WebElementNotFoundException: Web element with id: 'Object Repository/loginPage/username' located by 'By.xpath: //input[@id='userName']' not found)]]></system-out>
         <system-err><![CDATA[2018-09-21 14:59:20 - [TEST_CASE][FAILED] - Test Cases/SANT-TC-035_MR_To_WO_ListLayout: Test Cases/SANT-TC-035_MR_To_WO_ListLayout FAILED because (of) Unable to set text 'abhi' of object 'Object Repository/loginPage/username' (Root cause: com.kms.katalon.core.webui.exception.WebElementNotFoundException: Web element with id: 'Object Repository/loginPage/username' located by 'By.xpath: //input[@id='userName']' not found)]]></system-err>
      </testcase>
      <testcase name="Test Cases/SANT-TC-041_SMR_Floating Schedule" classname="Test Cases/SANT-TC-041_SMR_Floating Schedule" status="FAILED">
         <failure type="FAILED" message="Unable to set text 'abhi' of object 'Object Repository/loginPage/username' (Root cause: com.kms.katalon.core.webui.exception.WebElementNotFoundException: Web element with id: 'Object Repository/loginPage/username' located by 'By.xpath: //input[@id='userName']' not found)"/>
         <system-out><![CDATA[2018-09-21 14:59:58 - [TEST_CASE][FAILED] - Test Cases/SANT-TC-041_SMR_Floating Schedule: Test Cases/SANT-TC-041_SMR_Floating Schedule FAILED because (of) Unable to set text 'abhi' of object 'Object Repository/loginPage/username' (Root cause: com.kms.katalon.core.webui.exception.WebElementNotFoundException: Web element with id: 'Object Repository/loginPage/username' located by 'By.xpath: //input[@id='userName']' not found)

2018-09-21 14:59:59 - [TEST_STEP][PASSED] - Statement - SMRDescription = com.kms.katalon.core.testdata.TestDataFactory.findTestData(SMR/SMR).getValue(1, 1): Test data is internal data, reading internal data

2018-09-21 14:59:59 - [TEST_STEP][PASSED] - Statement - taskName = com.kms.katalon.core.testdata.TestDataFactory.findTestData(SMR/SMR).getValue(2, 1): Test data is internal data, reading internal data

2018-09-21 14:59:59 - [TEST_STEP][PASSED] - Statement - assetName = com.kms.katalon.core.testdata.TestDataFactory.findTestData(SMR/SMR).getValue(3, 1): Test data is internal data, reading internal data

2018-09-21 14:59:59 - [TEST_STEP][PASSED] - Statement - inventoryName = com.kms.katalon.core.testdata.TestDataFactory.findTestData(SMR/SMR).getValue(4, 1): Test data is internal data, reading internal data

2018-09-21 14:59:59 - [TEST_STEP][PASSED] - Statement - SMRDes = SMRDescription + "_" + java.lang.System.currentTimeMillis(): null

2018-09-21 14:59:59 - [TEST_STEP][FAILED] - scheduled_Maintenance_Records.SMR_Creation.SMRCreationFloating: Unable to set text 'abhi' of object 'Object Repository/loginPage/username' (Root cause: com.kms.katalon.core.webui.exception.WebElementNotFoundException: Web element with id: 'Object Repository/loginPage/username' located by 'By.xpath: //input[@id='userName']' not found)

2018-09-21 14:59:59 - [MESSAGE][WARNING] - A browser is already opened. Closing browser and opening a new one

2018-09-21 15:00:02 - [MESSAGE][PASSED] - Browser is opened with url: ''

2018-09-21 15:00:03 - [MESSAGE][PASSED] - Current window maximized

2018-09-21 15:00:04 - [MESSAGE][PASSED] - Navigate to 'https://mpulse8.com/#/' successfully

2018-09-21 15:00:06 - [MESSAGE][WARNING] - Web element with id: 'Object Repository/loginPage/username' located by 'By.xpath: //input[@id='userName']' not found

2018-09-21 15:00:37 - [MESSAGE][FAILED] - Unable to set text 'abhi' of object 'Object Repository/loginPage/username' (Root cause: com.kms.katalon.core.webui.exception.WebElementNotFoundException: Web element with id: 'Object Repository/loginPage/username' located by 'By.xpath: //input[@id='userName']' not found)
[[ATTACHMENT|D:\\Repo\\InApp-QA-Automation\\Mpulse_Automation\\Reports\\Test Suite For Demo\\20180921_144859\\1537522237500.png]]

2018-09-21 15:00:37 - [MESSAGE][FAILED] - Unable to set text 'abhi' of object 'Object Repository/loginPage/username' (Root cause: com.kms.katalon.core.webui.exception.WebElementNotFoundException: Web element with id: 'Object Repository/loginPage/username' located by 'By.xpath: //input[@id='userName']' not found)]]></system-out>
         <system-err><![CDATA[2018-09-21 14:59:58 - [TEST_CASE][FAILED] - Test Cases/SANT-TC-041_SMR_Floating Schedule: Test Cases/SANT-TC-041_SMR_Floating Schedule FAILED because (of) Unable to set text 'abhi' of object 'Object Repository/loginPage/username' (Root cause: com.kms.katalon.core.webui.exception.WebElementNotFoundException: Web element with id: 'Object Repository/loginPage/username' located by 'By.xpath: //input[@id='userName']' not found)]]></system-err>
      </testcase>
      <testcase name="Test Cases/SANT-TC-042_SMR_Fixed Schedule" classname="Test Cases/SANT-TC-042_SMR_Fixed Schedule" status="FAILED">
         <failure type="FAILED" message="Unable to set text 'abhi' of object 'Object Repository/loginPage/username' (Root cause: com.kms.katalon.core.webui.exception.WebElementNotFoundException: Web element with id: 'Object Repository/loginPage/username' located by 'By.xpath: //input[@id='userName']' not found)"/>
         <system-out><![CDATA[2018-09-21 15:00:37 - [TEST_CASE][FAILED] - Test Cases/SANT-TC-042_SMR_Fixed Schedule: Test Cases/SANT-TC-042_SMR_Fixed Schedule FAILED because (of) Unable to set text 'abhi' of object 'Object Repository/loginPage/username' (Root cause: com.kms.katalon.core.webui.exception.WebElementNotFoundException: Web element with id: 'Object Repository/loginPage/username' located by 'By.xpath: //input[@id='userName']' not found)

2018-09-21 15:00:38 - [TEST_STEP][PASSED] - Statement - SMRDescription = com.kms.katalon.core.testdata.TestDataFactory.findTestData(SMR/SMR).getValue(1, 1): Test data is internal data, reading internal data

2018-09-21 15:00:38 - [TEST_STEP][PASSED] - Statement - taskName = com.kms.katalon.core.testdata.TestDataFactory.findTestData(SMR/SMR).getValue(2, 1): Test data is internal data, reading internal data

2018-09-21 15:00:38 - [TEST_STEP][PASSED] - Statement - assetName = com.kms.katalon.core.testdata.TestDataFactory.findTestData(SMR/SMR).getValue(3, 1): Test data is internal data, reading internal data

2018-09-21 15:00:38 - [TEST_STEP][PASSED] - Statement - inventoryName = com.kms.katalon.core.testdata.TestDataFactory.findTestData(SMR/SMR).getValue(4, 1): Test data is internal data, reading internal data

2018-09-21 15:00:38 - [TEST_STEP][PASSED] - Statement - SMRDes = SMRDescription + "_" + java.lang.System.currentTimeMillis(): null

2018-09-21 15:00:38 - [TEST_STEP][FAILED] - scheduled_Maintenance_Records.SMR_Creation.SMRCreationFixed: Unable to set text 'abhi' of object 'Object Repository/loginPage/username' (Root cause: com.kms.katalon.core.webui.exception.WebElementNotFoundException: Web element with id: 'Object Repository/loginPage/username' located by 'By.xpath: //input[@id='userName']' not found)

2018-09-21 15:00:38 - [MESSAGE][WARNING] - A browser is already opened. Closing browser and opening a new one

2018-09-21 15:00:41 - [MESSAGE][PASSED] - Browser is opened with url: ''

2018-09-21 15:00:42 - [MESSAGE][PASSED] - Current window maximized

2018-09-21 15:00:43 - [MESSAGE][PASSED] - Navigate to 'https://mpulse8.com/#/' successfully

2018-09-21 15:00:45 - [MESSAGE][WARNING] - Web element with id: 'Object Repository/loginPage/username' located by 'By.xpath: //input[@id='userName']' not found

2018-09-21 15:01:16 - [MESSAGE][FAILED] - Unable to set text 'abhi' of object 'Object Repository/loginPage/username' (Root cause: com.kms.katalon.core.webui.exception.WebElementNotFoundException: Web element with id: 'Object Repository/loginPage/username' located by 'By.xpath: //input[@id='userName']' not found)
[[ATTACHMENT|D:\\Repo\\InApp-QA-Automation\\Mpulse_Automation\\Reports\\Test Suite For Demo\\20180921_144859\\1537522276258.png]]

2018-09-21 15:01:16 - [MESSAGE][FAILED] - Unable to set text 'abhi' of object 'Object Repository/loginPage/username' (Root cause: com.kms.katalon.core.webui.exception.WebElementNotFoundException: Web element with id: 'Object Repository/loginPage/username' located by 'By.xpath: //input[@id='userName']' not found)]]></system-out>
         <system-err><![CDATA[2018-09-21 15:00:37 - [TEST_CASE][FAILED] - Test Cases/SANT-TC-042_SMR_Fixed Schedule: Test Cases/SANT-TC-042_SMR_Fixed Schedule FAILED because (of) Unable to set text 'abhi' of object 'Object Repository/loginPage/username' (Root cause: com.kms.katalon.core.webui.exception.WebElementNotFoundException: Web element with id: 'Object Repository/loginPage/username' located by 'By.xpath: //input[@id='userName']' not found)]]></system-err>
      </testcase>
      <testcase name="Test Cases/SANT-TC-043_SMR_Meter Based Schedule" classname="Test Cases/SANT-TC-043_SMR_Meter Based Schedule" status="FAILED">
         <failure type="FAILED" message="Unable to set text 'abhi' of object 'Object Repository/loginPage/username' (Root cause: com.kms.katalon.core.webui.exception.WebElementNotFoundException: Web element with id: 'Object Repository/loginPage/username' located by 'By.xpath: //input[@id='userName']' not found)"/>
         <system-out><![CDATA[2018-09-21 15:01:16 - [TEST_CASE][FAILED] - Test Cases/SANT-TC-043_SMR_Meter Based Schedule: Test Cases/SANT-TC-043_SMR_Meter Based Schedule FAILED because (of) Unable to set text 'abhi' of object 'Object Repository/loginPage/username' (Root cause: com.kms.katalon.core.webui.exception.WebElementNotFoundException: Web element with id: 'Object Repository/loginPage/username' located by 'By.xpath: //input[@id='userName']' not found)

2018-09-21 15:01:16 - [TEST_STEP][PASSED] - Statement - SMRDescription = com.kms.katalon.core.testdata.TestDataFactory.findTestData(SMR/SMR).getValue(1, 1): Test data is internal data, reading internal data

2018-09-21 15:01:16 - [TEST_STEP][PASSED] - Statement - taskName = com.kms.katalon.core.testdata.TestDataFactory.findTestData(SMR/SMR).getValue(2, 1): Test data is internal data, reading internal data

2018-09-21 15:01:16 - [TEST_STEP][PASSED] - Statement - assetName = com.kms.katalon.core.testdata.TestDataFactory.findTestData(SMR/SMR).getValue(3, 1): Test data is internal data, reading internal data

2018-09-21 15:01:16 - [TEST_STEP][PASSED] - Statement - inventoryName = com.kms.katalon.core.testdata.TestDataFactory.findTestData(SMR/SMR).getValue(4, 1): Test data is internal data, reading internal data

2018-09-21 15:01:16 - [TEST_STEP][PASSED] - Statement - SMRDes = SMRDescription + "_" + java.lang.System.currentTimeMillis(): null

2018-09-21 15:01:16 - [TEST_STEP][FAILED] - scheduled_Maintenance_Records.SMR_Creation.SMRCreationMeterBased: Unable to set text 'abhi' of object 'Object Repository/loginPage/username' (Root cause: com.kms.katalon.core.webui.exception.WebElementNotFoundException: Web element with id: 'Object Repository/loginPage/username' located by 'By.xpath: //input[@id='userName']' not found)

2018-09-21 15:01:16 - [MESSAGE][WARNING] - A browser is already opened. Closing browser and opening a new one

2018-09-21 15:01:19 - [MESSAGE][PASSED] - Browser is opened with url: ''

2018-09-21 15:01:20 - [MESSAGE][PASSED] - Current window maximized

2018-09-21 15:01:21 - [MESSAGE][PASSED] - Navigate to 'https://mpulse8.com/#/' successfully

2018-09-21 15:01:23 - [MESSAGE][WARNING] - Web element with id: 'Object Repository/loginPage/username' located by 'By.xpath: //input[@id='userName']' not found

2018-09-21 15:01:54 - [MESSAGE][FAILED] - Unable to set text 'abhi' of object 'Object Repository/loginPage/username' (Root cause: com.kms.katalon.core.webui.exception.WebElementNotFoundException: Web element with id: 'Object Repository/loginPage/username' located by 'By.xpath: //input[@id='userName']' not found)
[[ATTACHMENT|D:\\Repo\\InApp-QA-Automation\\Mpulse_Automation\\Reports\\Test Suite For Demo\\20180921_144859\\1537522314377.png]]

2018-09-21 15:01:54 - [MESSAGE][FAILED] - Unable to set text 'abhi' of object 'Object Repository/loginPage/username' (Root cause: com.kms.katalon.core.webui.exception.WebElementNotFoundException: Web element with id: 'Object Repository/loginPage/username' located by 'By.xpath: //input[@id='userName']' not found)]]></system-out>
         <system-err><![CDATA[2018-09-21 15:01:16 - [TEST_CASE][FAILED] - Test Cases/SANT-TC-043_SMR_Meter Based Schedule: Test Cases/SANT-TC-043_SMR_Meter Based Schedule FAILED because (of) Unable to set text 'abhi' of object 'Object Repository/loginPage/username' (Root cause: com.kms.katalon.core.webui.exception.WebElementNotFoundException: Web element with id: 'Object Repository/loginPage/username' located by 'By.xpath: //input[@id='userName']' not found)]]></system-err>
      </testcase>
      <testcase name="Test Cases/SANT-TC-044_Reports_Form view_Current Record_New WO" classname="Test Cases/SANT-TC-044_Reports_Form view_Current Record_New WO" status="FAILED">
         <failure type="FAILED" message="Unable to set text 'abhi' of object 'Object Repository/loginPage/username' (Root cause: com.kms.katalon.core.webui.exception.WebElementNotFoundException: Web element with id: 'Object Repository/loginPage/username' located by 'By.xpath: //input[@id='userName']' not found)"/>
         <system-out><![CDATA[2018-09-21 15:01:54 - [TEST_CASE][FAILED] - Test Cases/SANT-TC-044_Reports_Form view_Current Record_New WO: Test Cases/SANT-TC-044_Reports_Form view_Current Record_New WO FAILED because (of) Unable to set text 'abhi' of object 'Object Repository/loginPage/username' (Root cause: com.kms.katalon.core.webui.exception.WebElementNotFoundException: Web element with id: 'Object Repository/loginPage/username' located by 'By.xpath: //input[@id='userName']' not found)

2018-09-21 15:01:54 - [TEST_STEP][PASSED] - Statement - woDescription = com.kms.katalon.core.testdata.TestDataFactory.findTestData(workOrder/workOrder).getValue(1, 1): Test data is internal data, reading internal data

2018-09-21 15:01:54 - [TEST_STEP][PASSED] - Statement - taskName = com.kms.katalon.core.testdata.TestDataFactory.findTestData(workOrder/workOrder).getValue(2, 1): Test data is internal data, reading internal data

2018-09-21 15:01:54 - [TEST_STEP][PASSED] - Statement - assetName = com.kms.katalon.core.testdata.TestDataFactory.findTestData(workOrder/workOrder).getValue(3, 1): Test data is internal data, reading internal data

2018-09-21 15:01:54 - [TEST_STEP][PASSED] - Statement - inventoryName = com.kms.katalon.core.testdata.TestDataFactory.findTestData(workOrder/workOrder).getValue(4, 1): Test data is internal data, reading internal data

2018-09-21 15:01:54 - [TEST_STEP][PASSED] - Statement - WODes = woDescription + "_" + java.lang.System.currentTimeMillis(): null

2018-09-21 15:01:54 - [TEST_STEP][FAILED] - work_Order.WO_Creation_FormLayout.workOrderCreation: Unable to set text 'abhi' of object 'Object Repository/loginPage/username' (Root cause: com.kms.katalon.core.webui.exception.WebElementNotFoundException: Web element with id: 'Object Repository/loginPage/username' located by 'By.xpath: //input[@id='userName']' not found)

2018-09-21 15:01:54 - [MESSAGE][WARNING] - A browser is already opened. Closing browser and opening a new one

2018-09-21 15:01:58 - [MESSAGE][PASSED] - Browser is opened with url: ''

2018-09-21 15:01:59 - [MESSAGE][PASSED] - Current window maximized

2018-09-21 15:02:00 - [MESSAGE][PASSED] - Navigate to 'https://mpulse8.com/#/' successfully

2018-09-21 15:02:02 - [MESSAGE][WARNING] - Web element with id: 'Object Repository/loginPage/username' located by 'By.xpath: //input[@id='userName']' not found

2018-09-21 15:02:33 - [MESSAGE][FAILED] - Unable to set text 'abhi' of object 'Object Repository/loginPage/username' (Root cause: com.kms.katalon.core.webui.exception.WebElementNotFoundException: Web element with id: 'Object Repository/loginPage/username' located by 'By.xpath: //input[@id='userName']' not found)
[[ATTACHMENT|D:\\Repo\\InApp-QA-Automation\\Mpulse_Automation\\Reports\\Test Suite For Demo\\20180921_144859\\1537522353062.png]]

2018-09-21 15:02:33 - [MESSAGE][FAILED] - Unable to set text 'abhi' of object 'Object Repository/loginPage/username' (Root cause: com.kms.katalon.core.webui.exception.WebElementNotFoundException: Web element with id: 'Object Repository/loginPage/username' located by 'By.xpath: //input[@id='userName']' not found)]]></system-out>
         <system-err><![CDATA[2018-09-21 15:01:54 - [TEST_CASE][FAILED] - Test Cases/SANT-TC-044_Reports_Form view_Current Record_New WO: Test Cases/SANT-TC-044_Reports_Form view_Current Record_New WO FAILED because (of) Unable to set text 'abhi' of object 'Object Repository/loginPage/username' (Root cause: com.kms.katalon.core.webui.exception.WebElementNotFoundException: Web element with id: 'Object Repository/loginPage/username' located by 'By.xpath: //input[@id='userName']' not found)]]></system-err>
      </testcase>
      <testcase name="Test Cases/SANT-TC-044_Reports_Form view_Current Record_Old WO" classname="Test Cases/SANT-TC-044_Reports_Form view_Current Record_Old WO" status="PASSED">
         <system-out><![CDATA[2018-09-21 15:02:33 - [TEST_CASE][PASSED] - Test Cases/SANT-TC-044_Reports_Form view_Current Record_Old WO: Test Cases/SANT-TC-044_Reports_Form view_Current Record_Old WO

2018-09-21 15:02:33 - [TEST_STEP][PASSED] - reports.Form_View.formView_CurrentRecord_Old: reports.Form_View.formView_CurrentRecord_Old is PASSED

2018-09-21 15:02:33 - [MESSAGE][WARNING] - A browser is already opened. Closing browser and opening a new one

2018-09-21 15:02:37 - [MESSAGE][PASSED] - Browser is opened with url: ''

2018-09-21 15:02:38 - [MESSAGE][PASSED] - Current window maximized

2018-09-21 15:02:46 - [MESSAGE][PASSED] - Navigate to 'https://mpulse8.com/#/' successfully

2018-09-21 15:02:46 - [MESSAGE][PASSED] - Object 'Object Repository/loginPage/username' is clickable

2018-09-21 15:02:47 - [MESSAGE][PASSED] - Text 'abhi' is set on object 'Object Repository/loginPage/username'

2018-09-21 15:02:47 - [MESSAGE][PASSED] - Text '123456' is set on object 'Object Repository/loginPage/password'

2018-09-21 15:02:47 - [MESSAGE][PASSED] - Keys 'mpulse8_inapp' sent to object: 'Object Repository/loginPage/database_name'

2018-09-21 15:02:47 - [MESSAGE][PASSED] - Object: 'Object Repository/loginPage/Login_btn' is clicked on

2018-09-21 15:02:47 - [MESSAGE][PASSED] - Wait for page load successfully

2018-09-21 15:02:52 - [MESSAGE][PASSED] - Delayed 5 second(s)

2018-09-21 15:03:06 - [MESSAGE][PASSED] - Object: 'Object Repository/workOrder/workOrders' is clicked on

2018-09-21 15:03:06 - [MESSAGE][PASSED] - Object: 'Object Repository/workOrder/WORecords' is clicked on

2018-09-21 15:03:13 - [MESSAGE][PASSED] - Text of object 'Object Repository/Reports/desc_wo' is: ''

2018-09-21 15:03:13 - [MESSAGE][PASSED] - Object 'Object Repository/workOrder/WO_description' is present

2018-09-21 15:03:13 - [MESSAGE][PASSED] - Object 'Object Repository/Reports/print_btn' is present

2018-09-21 15:03:13 - [MESSAGE][PASSED] - Object: 'Object Repository/Reports/print_btn' is clicked on

2018-09-21 15:03:14 - [MESSAGE][PASSED] - Angular is ready.

2018-09-21 15:03:14 - [MESSAGE][PASSED] - Wait for page load successfully

2018-09-21 15:03:14 - [MESSAGE][PASSED] - Switched to window with index: '1'

2018-09-21 15:03:22 - [MESSAGE][PASSED] - Object 'Object Repository/Reports/settings_icon' is clickable

2018-09-21 15:03:28 - [MESSAGE][PASSED] - Object: 'Object Repository/Reports/settings_icon' is clicked on

2018-09-21 15:03:33 - [MESSAGE][PASSED] - Delayed 5 second(s)

2018-09-21 15:03:33 - [MESSAGE][PASSED] - Object: 'Object Repository/Reports/report_radio' is clicked on

2018-09-21 15:03:33 - [MESSAGE][PASSED] - Object: 'Object Repository/Reports/wo_form' is clicked on

2018-09-21 15:03:33 - [MESSAGE][PASSED] - Object: 'Object Repository/Reports/report_radio' is clicked on

2018-09-21 15:03:39 - [MESSAGE][PASSED] - Object: 'Object Repository/Reports/ok_btn' is clicked on

2018-09-21 15:03:39 - [MESSAGE][WARNING] - This page doesn't use Angular.

2018-09-21 15:03:39 - [MESSAGE][PASSED] - Wait for page load successfully

2018-09-21 15:03:44 - [MESSAGE][PASSED] - Delayed 5 second(s)

2018-09-21 15:03:44 - [MESSAGE][PASSED] - Object 'Object Repository/Reports/wo_name' is present

2018-09-21 15:03:44 - [MESSAGE][PASSED] - Window with index 1 is closed

2018-09-21 15:03:44 - [MESSAGE][PASSED] - Switched to window with index: '0'

2018-09-21 15:03:44 - [MESSAGE][PASSED] - reports.Form_View.formView_CurrentRecord_Old is PASSED

2018-09-21 15:03:44 - [TEST_STEP][PASSED] - commonUtils.Common.logoutAndCloseBrowser: commonUtils.Common.logoutAndCloseBrowser is PASSED

2018-09-21 15:03:49 - [MESSAGE][PASSED] - Delayed 5 second(s)

2018-09-21 15:03:49 - [MESSAGE][PASSED] - Object: 'Object Repository/homePage/settings' is clicked on

2018-09-21 15:03:50 - [MESSAGE][PASSED] - Object: 'Object Repository/workOrder/WORecords' is clicked on

2018-09-21 15:03:50 - [MESSAGE][PASSED] - Object 'Object Repository/loginPage/username' is present

2018-09-21 15:03:51 - [MESSAGE][PASSED] - Browser is closed

2018-09-21 15:03:51 - [MESSAGE][PASSED] - commonUtils.Common.logoutAndCloseBrowser is PASSED]]></system-out>
         <system-err><![CDATA[]]></system-err>
      </testcase>
      <testcase name="Test Cases/SANT-TC-054_List View_Column Filter" classname="Test Cases/SANT-TC-054_List View_Column Filter" status="PASSED">
         <system-out><![CDATA[2018-09-21 15:03:51 - [TEST_CASE][PASSED] - Test Cases/SANT-TC-054_List View_Column Filter: Test Cases/SANT-TC-054_List View_Column Filter

2018-09-21 15:03:51 - [TEST_STEP][PASSED] - search.List_View_Search.listViewSearch_Column: search.List_View_Search.listViewSearch_Column is PASSED

2018-09-21 15:03:53 - [MESSAGE][PASSED] - Browser is opened with url: ''

2018-09-21 15:03:55 - [MESSAGE][PASSED] - Current window maximized

2018-09-21 15:04:07 - [MESSAGE][PASSED] - Navigate to 'https://mpulse8.com/#/' successfully

2018-09-21 15:04:07 - [MESSAGE][PASSED] - Object 'Object Repository/loginPage/username' is clickable

2018-09-21 15:04:07 - [MESSAGE][PASSED] - Text 'abhi' is set on object 'Object Repository/loginPage/username'

2018-09-21 15:04:08 - [MESSAGE][PASSED] - Text '123456' is set on object 'Object Repository/loginPage/password'

2018-09-21 15:04:08 - [MESSAGE][PASSED] - Keys 'mpulse8_inapp' sent to object: 'Object Repository/loginPage/database_name'

2018-09-21 15:04:08 - [MESSAGE][PASSED] - Object: 'Object Repository/loginPage/Login_btn' is clicked on

2018-09-21 15:04:08 - [MESSAGE][PASSED] - Wait for page load successfully

2018-09-21 15:04:13 - [MESSAGE][PASSED] - Delayed 5 second(s)

2018-09-21 15:04:44 - [MESSAGE][FAILED] - Unable to click on object 'Object Repository/workOrder/workOrders' (Root cause: com.kms.katalon.core.webui.exception.WebElementNotFoundException: Web element with id: 'Object Repository/workOrder/workOrders' located by 'By.xpath: //span[@title='Work Orders' or @class='work']' not found)
[[ATTACHMENT|D:\\Repo\\InApp-QA-Automation\\Mpulse_Automation\\Reports\\Test Suite For Demo\\20180921_144859\\1537522484509.png]]

2018-09-21 15:04:44 - [MESSAGE][PASSED] - Wait for page load successfully

2018-09-21 15:04:47 - [MESSAGE][PASSED] - Delayed 3 second(s)

2018-09-21 15:04:48 - [MESSAGE][PASSED] - Object: 'Object Repository/workOrder/workOrders' is clicked on

2018-09-21 15:04:49 - [MESSAGE][PASSED] - Object: 'Object Repository/workOrder/WORecords' is clicked on

2018-09-21 15:04:56 - [MESSAGE][PASSED] - Delayed 7 second(s)

2018-09-21 15:04:59 - [MESSAGE][PASSED] - Delayed 3 second(s)

2018-09-21 15:04:59 - [MESSAGE][FAILED] - Unable to click on object 'Object Repository/workOrder/cancel' (Root cause: org.openqa.selenium.ElementNotVisibleException: element not visible
  (Session info: chrome=69.0.3497.100)
  (Driver info: chromedriver=2.35.528161 (5b82f2d2aae0ca24b877009200ced9065a772e73),platform=Windows NT 10.0.16299 x86_64) (WARNING: The server did not provide any stacktrace information)
Command duration or timeout: 0 milliseconds
Build info: version: '3.7.1', revision: '8a0099a', time: '2017-11-06T21:07:36.161Z'
System info: host: 'DESKTOP-IC62SMV', ip: '192.168.4.18', os.name: 'Windows 10', os.arch: 'amd64', os.version: '10.0', java.version: '1.8.0_102'
Driver info: com.kms.katalon.selenium.driver.CChromeDriver
Capabilities {acceptInsecureCerts: false, acceptSslCerts: false, applicationCacheEnabled: false, browserConnectionEnabled: false, browserName: chrome, chrome: {chromedriverVersion: 2.35.528161 (5b82f2d2aae0ca..., userDataDir: C:\Users\Braseela\AppData\L...}, cssSelectorsEnabled: true, databaseEnabled: false, handlesAlerts: true, hasTouchScreen: false, javascriptEnabled: true, locationContextEnabled: true, mobileEmulationEnabled: false, nativeEvents: true, networkConnectionEnabled: false, pageLoadStrategy: normal, platform: XP, platformName: XP, rotatable: false, setWindowRect: true, takesHeapSnapshot: true, takesScreenshot: true, unexpectedAlertBehaviour: , unhandledPromptBehavior: , version: 69.0.3497.100, webStorageEnabled: true}
Session ID: e80f37e99de8e6638d9ebfd608aa5e17)
[[ATTACHMENT|D:\\Repo\\InApp-QA-Automation\\Mpulse_Automation\\Reports\\Test Suite For Demo\\20180921_144859\\1537522499240.png]]

2018-09-21 15:04:59 - [MESSAGE][PASSED] - Wait for page load successfully

2018-09-21 15:05:02 - [MESSAGE][PASSED] - Delayed 3 second(s)

2018-09-21 15:05:02 - [MESSAGE][PASSED] - Object 'Object Repository/workOrder/hideMenu' is present

2018-09-21 15:05:03 - [MESSAGE][FAILED] - Unable to click on object 'Object Repository/workOrder/hideMenu' (Root cause: org.openqa.selenium.ElementNotVisibleException: element not visible
  (Session info: chrome=69.0.3497.100)
  (Driver info: chromedriver=2.35.528161 (5b82f2d2aae0ca24b877009200ced9065a772e73),platform=Windows NT 10.0.16299 x86_64) (WARNING: The server did not provide any stacktrace information)
Command duration or timeout: 0 milliseconds
Build info: version: '3.7.1', revision: '8a0099a', time: '2017-11-06T21:07:36.161Z'
System info: host: 'DESKTOP-IC62SMV', ip: '192.168.4.18', os.name: 'Windows 10', os.arch: 'amd64', os.version: '10.0', java.version: '1.8.0_102'
Driver info: com.kms.katalon.selenium.driver.CChromeDriver
Capabilities {acceptInsecureCerts: false, acceptSslCerts: false, applicationCacheEnabled: false, browserConnectionEnabled: false, browserName: chrome, chrome: {chromedriverVersion: 2.35.528161 (5b82f2d2aae0ca..., userDataDir: C:\Users\Braseela\AppData\L...}, cssSelectorsEnabled: true, databaseEnabled: false, handlesAlerts: true, hasTouchScreen: false, javascriptEnabled: true, locationContextEnabled: true, mobileEmulationEnabled: false, nativeEvents: true, networkConnectionEnabled: false, pageLoadStrategy: normal, platform: XP, platformName: XP, rotatable: false, setWindowRect: true, takesHeapSnapshot: true, takesScreenshot: true, unexpectedAlertBehaviour: , unhandledPromptBehavior: , version: 69.0.3497.100, webStorageEnabled: true}
Session ID: e80f37e99de8e6638d9ebfd608aa5e17)
[[ATTACHMENT|D:\\Repo\\InApp-QA-Automation\\Mpulse_Automation\\Reports\\Test Suite For Demo\\20180921_144859\\1537522502775.png]]

2018-09-21 15:05:03 - [MESSAGE][PASSED] - Wait for page load successfully

2018-09-21 15:05:06 - [MESSAGE][PASSED] - Delayed 3 second(s)

2018-09-21 15:05:06 - [MESSAGE][PASSED] - Object 'Object Repository/workOrder/expandAndMinimize' is present

2018-09-21 15:05:11 - [MESSAGE][PASSED] - Delayed 5 second(s)

2018-09-21 15:05:11 - [MESSAGE][PASSED] - Object: 'Object Repository/workOrder/expandAndMinimize' is clicked on

2018-09-21 15:05:14 - [MESSAGE][PASSED] - Delayed 3 second(s)

2018-09-21 15:05:14 - [MESSAGE][PASSED] - Angular is ready.

2018-09-21 15:05:14 - [MESSAGE][PASSED] - Text of object 'Object Repository/workOrder/listsearch' is cleared

2018-09-21 15:05:14 - [MESSAGE][PASSED] - Angular is ready.

2018-09-21 15:05:19 - [MESSAGE][PASSED] - Delayed 5 second(s)

2018-09-21 15:05:20 - [MESSAGE][PASSED] - Object: 'Object Repository/workOrder/layoutlist' is clicked on

2018-09-21 15:05:25 - [MESSAGE][PASSED] - Delayed 5 second(s)

2018-09-21 15:05:26 - [MESSAGE][PASSED] - Angular is ready.

2018-09-21 15:05:26 - [MESSAGE][PASSED] - Scroll to object 'Object Repository/workOrder/sellay' successfully

2018-09-21 15:05:26 - [MESSAGE][PASSED] - Object: 'Object Repository/workOrder/sellay' is clicked on

2018-09-21 15:05:29 - [MESSAGE][PASSED] - Delayed 3 second(s)

2018-09-21 15:05:30 - [MESSAGE][PASSED] - Object: 'Object Repository/workOrder/filter_icon' is clicked on

2018-09-21 15:05:35 - [MESSAGE][PASSED] - Delayed 5 second(s)

2018-09-21 15:05:35 - [MESSAGE][PASSED] - Text of object 'Object Repository/workOrder/column_sel' is: 'WKO-01952'

2018-09-21 15:05:38 - [MESSAGE][PASSED] - Delayed 3 second(s)

2018-09-21 15:05:38 - [MESSAGE][PASSED] - Object: 'Object Repository/workOrder/column_sel' is clicked on

2018-09-21 15:05:41 - [MESSAGE][PASSED] - Delayed 3 second(s)

2018-09-21 15:05:41 - [MESSAGE][PASSED] - Object: 'Object Repository/workOrder/calendar_OK' is clicked on

2018-09-21 15:05:46 - [MESSAGE][PASSED] - Delayed 5 second(s)

2018-09-21 15:05:46 - [MESSAGE][PASSED] - Wait for page load successfully

2018-09-21 15:05:46 - [MESSAGE][PASSED] - Object 'Object Repository/workOrder/groupAndType' is present

2018-09-21 15:05:46 - [MESSAGE][PASSED] - search.List_View_Search.listViewSearch_Column is PASSED

2018-09-21 15:05:46 - [TEST_STEP][PASSED] - commonUtils.Common.logoutAndCloseBrowser: commonUtils.Common.logoutAndCloseBrowser is PASSED

2018-09-21 15:05:51 - [MESSAGE][PASSED] - Delayed 5 second(s)

2018-09-21 15:05:51 - [MESSAGE][PASSED] - Object: 'Object Repository/homePage/settings' is clicked on

2018-09-21 15:05:52 - [MESSAGE][PASSED] - Object: 'Object Repository/workOrder/WORecords' is clicked on

2018-09-21 15:05:52 - [MESSAGE][PASSED] - Object 'Object Repository/loginPage/username' is present

2018-09-21 15:05:53 - [MESSAGE][PASSED] - Browser is closed

2018-09-21 15:05:53 - [MESSAGE][PASSED] - commonUtils.Common.logoutAndCloseBrowser is PASSED]]></system-out>
         <system-err><![CDATA[]]></system-err>
      </testcase>
      <testcase name="Test Cases/SANT-TC-055_List View_Row Filter" classname="Test Cases/SANT-TC-055_List View_Row Filter" status="PASSED">
         <system-out><![CDATA[2018-09-21 15:05:53 - [TEST_CASE][PASSED] - Test Cases/SANT-TC-055_List View_Row Filter: Test Cases/SANT-TC-055_List View_Row Filter

2018-09-21 15:05:53 - [TEST_STEP][PASSED] - search.List_View_Search.listViewSearch_Row: search.List_View_Search.listViewSearch_Row is PASSED

2018-09-21 15:05:56 - [MESSAGE][PASSED] - Browser is opened with url: ''

2018-09-21 15:05:57 - [MESSAGE][PASSED] - Current window maximized

2018-09-21 15:06:07 - [MESSAGE][PASSED] - Navigate to 'https://mpulse8.com/#/' successfully

2018-09-21 15:06:07 - [MESSAGE][PASSED] - Object 'Object Repository/loginPage/username' is clickable

2018-09-21 15:06:07 - [MESSAGE][PASSED] - Text 'abhi' is set on object 'Object Repository/loginPage/username'

2018-09-21 15:06:07 - [MESSAGE][PASSED] - Text '123456' is set on object 'Object Repository/loginPage/password'

2018-09-21 15:06:08 - [MESSAGE][PASSED] - Keys 'mpulse8_inapp' sent to object: 'Object Repository/loginPage/database_name'

2018-09-21 15:06:08 - [MESSAGE][PASSED] - Object: 'Object Repository/loginPage/Login_btn' is clicked on

2018-09-21 15:06:08 - [MESSAGE][PASSED] - Wait for page load successfully

2018-09-21 15:06:13 - [MESSAGE][PASSED] - Delayed 5 second(s)

2018-09-21 15:06:44 - [MESSAGE][FAILED] - Unable to click on object 'Object Repository/workOrder/workOrders' (Root cause: com.kms.katalon.core.webui.exception.WebElementNotFoundException: Web element with id: 'Object Repository/workOrder/workOrders' located by 'By.xpath: //span[@title='Work Orders' or @class='work']' not found)
[[ATTACHMENT|D:\\Repo\\InApp-QA-Automation\\Mpulse_Automation\\Reports\\Test Suite For Demo\\20180921_144859\\1537522604368.png]]

2018-09-21 15:06:44 - [MESSAGE][PASSED] - Wait for page load successfully

2018-09-21 15:06:47 - [MESSAGE][PASSED] - Delayed 3 second(s)

2018-09-21 15:07:02 - [MESSAGE][PASSED] - Object: 'Object Repository/workOrder/workOrders' is clicked on

2018-09-21 15:07:03 - [MESSAGE][PASSED] - Object: 'Object Repository/workOrder/WORecords' is clicked on

2018-09-21 15:07:06 - [MESSAGE][PASSED] - Delayed 3 second(s)

2018-09-21 15:07:09 - [MESSAGE][PASSED] - Delayed 3 second(s)

2018-09-21 15:07:17 - [MESSAGE][FAILED] - Unable to click on object 'Object Repository/workOrder/cancel' (Root cause: org.openqa.selenium.ElementNotVisibleException: element not visible
  (Session info: chrome=69.0.3497.100)
  (Driver info: chromedriver=2.35.528161 (5b82f2d2aae0ca24b877009200ced9065a772e73),platform=Windows NT 10.0.16299 x86_64) (WARNING: The server did not provide any stacktrace information)
Command duration or timeout: 0 milliseconds
Build info: version: '3.7.1', revision: '8a0099a', time: '2017-11-06T21:07:36.161Z'
System info: host: 'DESKTOP-IC62SMV', ip: '192.168.4.18', os.name: 'Windows 10', os.arch: 'amd64', os.version: '10.0', java.version: '1.8.0_102'
Driver info: com.kms.katalon.selenium.driver.CChromeDriver
Capabilities {acceptInsecureCerts: false, acceptSslCerts: false, applicationCacheEnabled: false, browserConnectionEnabled: false, browserName: chrome, chrome: {chromedriverVersion: 2.35.528161 (5b82f2d2aae0ca..., userDataDir: C:\Users\Braseela\AppData\L...}, cssSelectorsEnabled: true, databaseEnabled: false, handlesAlerts: true, hasTouchScreen: false, javascriptEnabled: true, locationContextEnabled: true, mobileEmulationEnabled: false, nativeEvents: true, networkConnectionEnabled: false, pageLoadStrategy: normal, platform: XP, platformName: XP, rotatable: false, setWindowRect: true, takesHeapSnapshot: true, takesScreenshot: true, unexpectedAlertBehaviour: , unhandledPromptBehavior: , version: 69.0.3497.100, webStorageEnabled: true}
Session ID: 9fdb8a4e9435dfa50f38a51f2547c1fe)
[[ATTACHMENT|D:\\Repo\\InApp-QA-Automation\\Mpulse_Automation\\Reports\\Test Suite For Demo\\20180921_144859\\1537522637210.png]]

2018-09-21 15:07:17 - [MESSAGE][PASSED] - Wait for page load successfully

2018-09-21 15:07:20 - [MESSAGE][PASSED] - Delayed 3 second(s)

2018-09-21 15:07:20 - [MESSAGE][PASSED] - Object 'Object Repository/workOrder/hideMenu' is present

2018-09-21 15:07:21 - [MESSAGE][FAILED] - Unable to click on object 'Object Repository/workOrder/hideMenu' (Root cause: org.openqa.selenium.ElementNotVisibleException: element not visible
  (Session info: chrome=69.0.3497.100)
  (Driver info: chromedriver=2.35.528161 (5b82f2d2aae0ca24b877009200ced9065a772e73),platform=Windows NT 10.0.16299 x86_64) (WARNING: The server did not provide any stacktrace information)
Command duration or timeout: 0 milliseconds
Build info: version: '3.7.1', revision: '8a0099a', time: '2017-11-06T21:07:36.161Z'
System info: host: 'DESKTOP-IC62SMV', ip: '192.168.4.18', os.name: 'Windows 10', os.arch: 'amd64', os.version: '10.0', java.version: '1.8.0_102'
Driver info: com.kms.katalon.selenium.driver.CChromeDriver
Capabilities {acceptInsecureCerts: false, acceptSslCerts: false, applicationCacheEnabled: false, browserConnectionEnabled: false, browserName: chrome, chrome: {chromedriverVersion: 2.35.528161 (5b82f2d2aae0ca..., userDataDir: C:\Users\Braseela\AppData\L...}, cssSelectorsEnabled: true, databaseEnabled: false, handlesAlerts: true, hasTouchScreen: false, javascriptEnabled: true, locationContextEnabled: true, mobileEmulationEnabled: false, nativeEvents: true, networkConnectionEnabled: false, pageLoadStrategy: normal, platform: XP, platformName: XP, rotatable: false, setWindowRect: true, takesHeapSnapshot: true, takesScreenshot: true, unexpectedAlertBehaviour: , unhandledPromptBehavior: , version: 69.0.3497.100, webStorageEnabled: true}
Session ID: 9fdb8a4e9435dfa50f38a51f2547c1fe)
[[ATTACHMENT|D:\\Repo\\InApp-QA-Automation\\Mpulse_Automation\\Reports\\Test Suite For Demo\\20180921_144859\\1537522640834.png]]

2018-09-21 15:07:21 - [MESSAGE][PASSED] - Wait for page load successfully

2018-09-21 15:07:24 - [MESSAGE][PASSED] - Delayed 3 second(s)

2018-09-21 15:07:24 - [MESSAGE][PASSED] - Object 'Object Repository/workOrder/expandAndMinimize' is present

2018-09-21 15:07:29 - [MESSAGE][PASSED] - Delayed 5 second(s)

2018-09-21 15:07:29 - [MESSAGE][PASSED] - Object: 'Object Repository/workOrder/expandAndMinimize' is clicked on

2018-09-21 15:07:32 - [MESSAGE][PASSED] - Delayed 3 second(s)

2018-09-21 15:07:32 - [MESSAGE][PASSED] - Angular is ready.

2018-09-21 15:07:37 - [MESSAGE][PASSED] - Delayed 5 second(s)

2018-09-21 15:07:38 - [MESSAGE][PASSED] - Object: 'Object Repository/workOrder/layoutlist' is clicked on

2018-09-21 15:07:43 - [MESSAGE][PASSED] - Delayed 5 second(s)

2018-09-21 15:07:44 - [MESSAGE][PASSED] - Angular is ready.

2018-09-21 15:07:44 - [MESSAGE][PASSED] - Scroll to object 'Object Repository/workOrder/sellay' successfully

2018-09-21 15:07:44 - [MESSAGE][PASSED] - Object: 'Object Repository/workOrder/sellay' is clicked on

2018-09-21 15:07:44 - [MESSAGE][PASSED] - Attribute 'title' of object 'Object Repository/workOrder/wo_fromlist' is: 'WKO-01952'

2018-09-21 15:07:47 - [MESSAGE][PASSED] - Delayed 3 second(s)

2018-09-21 15:07:48 - [MESSAGE][PASSED] - Text 'WKO-01952' is set on object 'Object Repository/workOrder/listsearch'

2018-09-21 15:07:53 - [MESSAGE][PASSED] - Delayed 5 second(s)

2018-09-21 15:07:53 - [MESSAGE][PASSED] - Object 'Object Repository/workOrder/groupAndType' is present

2018-09-21 15:07:53 - [MESSAGE][PASSED] - search.List_View_Search.listViewSearch_Row is PASSED

2018-09-21 15:07:53 - [TEST_STEP][PASSED] - commonUtils.Common.logoutAndCloseBrowser: commonUtils.Common.logoutAndCloseBrowser is PASSED

2018-09-21 15:07:58 - [MESSAGE][PASSED] - Delayed 5 second(s)

2018-09-21 15:07:58 - [MESSAGE][PASSED] - Object: 'Object Repository/homePage/settings' is clicked on

2018-09-21 15:07:58 - [MESSAGE][PASSED] - Object: 'Object Repository/workOrder/WORecords' is clicked on

2018-09-21 15:07:58 - [MESSAGE][PASSED] - Object 'Object Repository/loginPage/username' is present

2018-09-21 15:07:59 - [MESSAGE][PASSED] - Browser is closed

2018-09-21 15:07:59 - [MESSAGE][PASSED] - commonUtils.Common.logoutAndCloseBrowser is PASSED]]></system-out>
         <system-err><![CDATA[]]></system-err>
      </testcase>
      <testcase name="Test Cases/SANT-TC-058_List View_EditAndSave" classname="Test Cases/SANT-TC-058_List View_EditAndSave" status="PASSED">
         <system-out><![CDATA[2018-09-21 15:07:59 - [TEST_CASE][PASSED] - Test Cases/SANT-TC-058_List View_EditAndSave: Test Cases/SANT-TC-058_List View_EditAndSave

2018-09-21 15:07:59 - [TEST_STEP][PASSED] - Statement - woDescription = com.kms.katalon.core.testdata.TestDataFactory.findTestData(workOrder/workOrder).getValue(1, 1): Test data is internal data, reading internal data

2018-09-21 15:07:59 - [TEST_STEP][PASSED] - Statement - WO_name = woDescription + java.lang.System.currentTimeMillis(): null

2018-09-21 15:07:59 - [TEST_STEP][PASSED] - work_Order.WO_EditAndSave_ListLayout.editAndSave: work_Order.WO_EditAndSave_ListLayout.editAndSave is PASSED

2018-09-21 15:08:03 - [MESSAGE][PASSED] - Browser is opened with url: ''

2018-09-21 15:08:04 - [MESSAGE][PASSED] - Current window maximized

2018-09-21 15:08:12 - [MESSAGE][PASSED] - Navigate to 'https://mpulse8.com/#/' successfully

2018-09-21 15:08:12 - [MESSAGE][PASSED] - Object 'Object Repository/loginPage/username' is clickable

2018-09-21 15:08:13 - [MESSAGE][PASSED] - Text 'abhi' is set on object 'Object Repository/loginPage/username'

2018-09-21 15:08:13 - [MESSAGE][PASSED] - Text '123456' is set on object 'Object Repository/loginPage/password'

2018-09-21 15:08:14 - [MESSAGE][PASSED] - Keys 'mpulse8_inapp' sent to object: 'Object Repository/loginPage/database_name'

2018-09-21 15:08:14 - [MESSAGE][PASSED] - Object: 'Object Repository/loginPage/Login_btn' is clicked on

2018-09-21 15:08:14 - [MESSAGE][PASSED] - Wait for page load successfully

2018-09-21 15:08:19 - [MESSAGE][PASSED] - Delayed 5 second(s)

2018-09-21 15:08:31 - [MESSAGE][PASSED] - Object: 'Object Repository/workOrder/workOrders' is clicked on

2018-09-21 15:08:32 - [MESSAGE][PASSED] - Object: 'Object Repository/workOrder/WORecords' is clicked on

2018-09-21 15:08:32 - [MESSAGE][PASSED] - Wait for page load successfully

2018-09-21 15:08:35 - [MESSAGE][PASSED] - Delayed 3 second(s)

2018-09-21 15:08:40 - [MESSAGE][FAILED] - Unable to click on object 'Object Repository/workOrder/cancel' (Root cause: org.openqa.selenium.ElementNotVisibleException: element not visible
  (Session info: chrome=69.0.3497.100)
  (Driver info: chromedriver=2.35.528161 (5b82f2d2aae0ca24b877009200ced9065a772e73),platform=Windows NT 10.0.16299 x86_64) (WARNING: The server did not provide any stacktrace information)
Command duration or timeout: 0 milliseconds
Build info: version: '3.7.1', revision: '8a0099a', time: '2017-11-06T21:07:36.161Z'
System info: host: 'DESKTOP-IC62SMV', ip: '192.168.4.18', os.name: 'Windows 10', os.arch: 'amd64', os.version: '10.0', java.version: '1.8.0_102'
Driver info: com.kms.katalon.selenium.driver.CChromeDriver
Capabilities {acceptInsecureCerts: false, acceptSslCerts: false, applicationCacheEnabled: false, browserConnectionEnabled: false, browserName: chrome, chrome: {chromedriverVersion: 2.35.528161 (5b82f2d2aae0ca..., userDataDir: C:\Users\Braseela\AppData\L...}, cssSelectorsEnabled: true, databaseEnabled: false, handlesAlerts: true, hasTouchScreen: false, javascriptEnabled: true, locationContextEnabled: true, mobileEmulationEnabled: false, nativeEvents: true, networkConnectionEnabled: false, pageLoadStrategy: normal, platform: XP, platformName: XP, rotatable: false, setWindowRect: true, takesHeapSnapshot: true, takesScreenshot: true, unexpectedAlertBehaviour: , unhandledPromptBehavior: , version: 69.0.3497.100, webStorageEnabled: true}
Session ID: 320e35d6567f69e82de2cbd0a22f7678)
[[ATTACHMENT|D:\\Repo\\InApp-QA-Automation\\Mpulse_Automation\\Reports\\Test Suite For Demo\\20180921_144859\\1537522720141.png]]

2018-09-21 15:08:40 - [MESSAGE][PASSED] - Wait for page load successfully

2018-09-21 15:08:43 - [MESSAGE][PASSED] - Delayed 3 second(s)

2018-09-21 15:08:43 - [MESSAGE][PASSED] - Object 'Object Repository/workOrder/hideMenu' is present

2018-09-21 15:08:44 - [MESSAGE][FAILED] - Unable to click on object 'Object Repository/workOrder/hideMenu' (Root cause: org.openqa.selenium.ElementNotVisibleException: element not visible
  (Session info: chrome=69.0.3497.100)
  (Driver info: chromedriver=2.35.528161 (5b82f2d2aae0ca24b877009200ced9065a772e73),platform=Windows NT 10.0.16299 x86_64) (WARNING: The server did not provide any stacktrace information)
Command duration or timeout: 0 milliseconds
Build info: version: '3.7.1', revision: '8a0099a', time: '2017-11-06T21:07:36.161Z'
System info: host: 'DESKTOP-IC62SMV', ip: '192.168.4.18', os.name: 'Windows 10', os.arch: 'amd64', os.version: '10.0', java.version: '1.8.0_102'
Driver info: com.kms.katalon.selenium.driver.CChromeDriver
Capabilities {acceptInsecureCerts: false, acceptSslCerts: false, applicationCacheEnabled: false, browserConnectionEnabled: false, browserName: chrome, chrome: {chromedriverVersion: 2.35.528161 (5b82f2d2aae0ca..., userDataDir: C:\Users\Braseela\AppData\L...}, cssSelectorsEnabled: true, databaseEnabled: false, handlesAlerts: true, hasTouchScreen: false, javascriptEnabled: true, locationContextEnabled: true, mobileEmulationEnabled: false, nativeEvents: true, networkConnectionEnabled: false, pageLoadStrategy: normal, platform: XP, platformName: XP, rotatable: false, setWindowRect: true, takesHeapSnapshot: true, takesScreenshot: true, unexpectedAlertBehaviour: , unhandledPromptBehavior: , version: 69.0.3497.100, webStorageEnabled: true}
Session ID: 320e35d6567f69e82de2cbd0a22f7678)
[[ATTACHMENT|D:\\Repo\\InApp-QA-Automation\\Mpulse_Automation\\Reports\\Test Suite For Demo\\20180921_144859\\1537522723630.png]]

2018-09-21 15:08:44 - [MESSAGE][PASSED] - Wait for page load successfully

2018-09-21 15:08:47 - [MESSAGE][PASSED] - Delayed 3 second(s)

2018-09-21 15:08:47 - [MESSAGE][PASSED] - Object 'Object Repository/workOrder/expandAndMinimize' is present

2018-09-21 15:08:52 - [MESSAGE][PASSED] - Delayed 5 second(s)

2018-09-21 15:08:52 - [MESSAGE][PASSED] - Object: 'Object Repository/workOrder/expandAndMinimize' is clicked on

2018-09-21 15:08:55 - [MESSAGE][PASSED] - Delayed 3 second(s)

2018-09-21 15:08:55 - [MESSAGE][PASSED] - Angular is ready.

2018-09-21 15:09:00 - [MESSAGE][PASSED] - Delayed 5 second(s)

2018-09-21 15:09:01 - [MESSAGE][PASSED] - Object: 'Object Repository/workOrder/layoutlist' is clicked on

2018-09-21 15:09:06 - [MESSAGE][PASSED] - Delayed 5 second(s)

2018-09-21 15:09:07 - [MESSAGE][PASSED] - Angular is ready.

2018-09-21 15:09:07 - [MESSAGE][PASSED] - Scroll to object 'Object Repository/workOrder/sellay' successfully

2018-09-21 15:09:08 - [MESSAGE][PASSED] - Object: 'Object Repository/workOrder/sellay' is clicked on

2018-09-21 15:09:08 - [MESSAGE][PASSED] - Attribute 'title' of object 'Object Repository/workOrder/wo_fromlist' is: 'WKO-01952'

2018-09-21 15:09:13 - [MESSAGE][PASSED] - Delayed 5 second(s)

2018-09-21 15:09:13 - [MESSAGE][PASSED] - Object: 'Object Repository/workOrder/wo_fromlist' is clicked on

2018-09-21 15:09:18 - [MESSAGE][PASSED] - Delayed 5 second(s)

2018-09-21 15:09:18 - [MESSAGE][PASSED] - Object: 'Object Repository/workOrder/edit_list' is clicked on

2018-09-21 15:09:21 - [MESSAGE][PASSED] - Angular is ready.

2018-09-21 15:09:23 - [MESSAGE][PASSED] - Text 'WO Sanity Test_1537522679943' is set on object 'Object Repository/workOrder/edit_wo'

2018-09-21 15:09:23 - [MESSAGE][PASSED] - Angular is ready.

2018-09-21 15:09:23 - [MESSAGE][PASSED] - Object: 'Object Repository/workOrder/Save_ListLayout' is clicked on

2018-09-21 15:09:23 - [MESSAGE][PASSED] - Wait for page load successfully

2018-09-21 15:09:23 - [MESSAGE][PASSED] - Object 'Object Repository/workOrder/created_WO_List' is present

2018-09-21 15:09:23 - [MESSAGE][PASSED] - work_Order.WO_EditAndSave_ListLayout.editAndSave is PASSED

2018-09-21 15:09:23 - [TEST_STEP][PASSED] - commonUtils.Common.logoutAndCloseBrowser: commonUtils.Common.logoutAndCloseBrowser is PASSED

2018-09-21 15:09:28 - [MESSAGE][PASSED] - Delayed 5 second(s)

2018-09-21 15:09:28 - [MESSAGE][PASSED] - Object: 'Object Repository/homePage/settings' is clicked on

2018-09-21 15:09:28 - [MESSAGE][PASSED] - Object: 'Object Repository/workOrder/WORecords' is clicked on

2018-09-21 15:09:28 - [MESSAGE][PASSED] - Object 'Object Repository/loginPage/username' is present

2018-09-21 15:09:29 - [MESSAGE][PASSED] - Browser is closed

2018-09-21 15:09:29 - [MESSAGE][PASSED] - commonUtils.Common.logoutAndCloseBrowser is PASSED]]></system-out>
         <system-err><![CDATA[]]></system-err>
      </testcase>
      <testcase name="Test Cases/SANT-TC-066,067_WO_Media_Upload and Verify" classname="Test Cases/SANT-TC-066,067_WO_Media_Upload and Verify" status="PASSED">
         <system-out><![CDATA[2018-09-21 15:09:29 - [TEST_CASE][PASSED] - Test Cases/SANT-TC-066,067_WO_Media_Upload and Verify: Test Cases/SANT-TC-066,067_WO_Media_Upload and Verify

2018-09-21 15:09:30 - [TEST_STEP][PASSED] - Statement - woDescription = com.kms.katalon.core.testdata.TestDataFactory.findTestData(workOrder/workOrder).getValue(1, 1): Test data is internal data, reading internal data

2018-09-21 15:09:30 - [TEST_STEP][PASSED] - Statement - media = com.kms.katalon.core.testdata.TestDataFactory.findTestData(workOrder/workOrder).getValue(5, 1): Test data is internal data, reading internal data

2018-09-21 15:09:30 - [TEST_STEP][PASSED] - Statement - mediaName = media + java.lang.System.currentTimeMillis(): null

2018-09-21 15:09:30 - [TEST_STEP][PASSED] - media.uploadMediatoWO.uploadMedia: media.uploadMediatoWO.uploadMedia is PASSED

2018-09-21 15:09:32 - [MESSAGE][PASSED] - Browser is opened with url: ''

2018-09-21 15:09:33 - [MESSAGE][PASSED] - Current window maximized

2018-09-21 15:09:42 - [MESSAGE][PASSED] - Navigate to 'https://mpulse8.com/#/' successfully

2018-09-21 15:09:42 - [MESSAGE][PASSED] - Object 'Object Repository/loginPage/username' is clickable

2018-09-21 15:09:43 - [MESSAGE][PASSED] - Text 'abhi' is set on object 'Object Repository/loginPage/username'

2018-09-21 15:09:43 - [MESSAGE][PASSED] - Text '123456' is set on object 'Object Repository/loginPage/password'

2018-09-21 15:09:43 - [MESSAGE][PASSED] - Keys 'mpulse8_inapp' sent to object: 'Object Repository/loginPage/database_name'

2018-09-21 15:09:44 - [MESSAGE][PASSED] - Object: 'Object Repository/loginPage/Login_btn' is clicked on

2018-09-21 15:09:44 - [MESSAGE][PASSED] - Wait for page load successfully

2018-09-21 15:09:49 - [MESSAGE][PASSED] - Delayed 5 second(s)

2018-09-21 15:10:20 - [MESSAGE][FAILED] - Unable to click on object 'Object Repository/workOrder/workOrders' (Root cause: com.kms.katalon.core.webui.exception.WebElementNotFoundException: Web element with id: 'Object Repository/workOrder/workOrders' located by 'By.xpath: //span[@title='Work Orders' or @class='work']' not found)
[[ATTACHMENT|D:\\Repo\\InApp-QA-Automation\\Mpulse_Automation\\Reports\\Test Suite For Demo\\20180921_144859\\1537522820001.png]]

2018-09-21 15:10:20 - [MESSAGE][PASSED] - Wait for page load successfully

2018-09-21 15:10:23 - [MESSAGE][PASSED] - Delayed 3 second(s)

2018-09-21 15:10:23 - [MESSAGE][PASSED] - Object: 'Object Repository/workOrder/workOrders' is clicked on

2018-09-21 15:10:23 - [MESSAGE][PASSED] - Object: 'Object Repository/workOrder/WORecords' is clicked on

2018-09-21 15:10:23 - [MESSAGE][PASSED] - Wait for page load successfully

2018-09-21 15:10:26 - [MESSAGE][PASSED] - Delayed 3 second(s)

2018-09-21 15:10:32 - [MESSAGE][FAILED] - Unable to click on object 'Object Repository/workOrder/cancel' (Root cause: org.openqa.selenium.ElementNotVisibleException: element not visible
  (Session info: chrome=69.0.3497.100)
  (Driver info: chromedriver=2.35.528161 (5b82f2d2aae0ca24b877009200ced9065a772e73),platform=Windows NT 10.0.16299 x86_64) (WARNING: The server did not provide any stacktrace information)
Command duration or timeout: 0 milliseconds
Build info: version: '3.7.1', revision: '8a0099a', time: '2017-11-06T21:07:36.161Z'
System info: host: 'DESKTOP-IC62SMV', ip: '192.168.4.18', os.name: 'Windows 10', os.arch: 'amd64', os.version: '10.0', java.version: '1.8.0_102'
Driver info: com.kms.katalon.selenium.driver.CChromeDriver
Capabilities {acceptInsecureCerts: false, acceptSslCerts: false, applicationCacheEnabled: false, browserConnectionEnabled: false, browserName: chrome, chrome: {chromedriverVersion: 2.35.528161 (5b82f2d2aae0ca..., userDataDir: C:\Users\Braseela\AppData\L...}, cssSelectorsEnabled: true, databaseEnabled: false, handlesAlerts: true, hasTouchScreen: false, javascriptEnabled: true, locationContextEnabled: true, mobileEmulationEnabled: false, nativeEvents: true, networkConnectionEnabled: false, pageLoadStrategy: normal, platform: XP, platformName: XP, rotatable: false, setWindowRect: true, takesHeapSnapshot: true, takesScreenshot: true, unexpectedAlertBehaviour: , unhandledPromptBehavior: , version: 69.0.3497.100, webStorageEnabled: true}
Session ID: 17ff91e1720a73835e0a5d3bd58c2551)
[[ATTACHMENT|D:\\Repo\\InApp-QA-Automation\\Mpulse_Automation\\Reports\\Test Suite For Demo\\20180921_144859\\1537522831693.png]]

2018-09-21 15:10:32 - [MESSAGE][PASSED] - Wait for page load successfully

2018-09-21 15:10:35 - [MESSAGE][PASSED] - Delayed 3 second(s)

2018-09-21 15:10:35 - [MESSAGE][PASSED] - Object 'Object Repository/workOrder/hideMenu' is present

2018-09-21 15:10:35 - [MESSAGE][FAILED] - Unable to click on object 'Object Repository/workOrder/hideMenu' (Root cause: org.openqa.selenium.ElementNotVisibleException: element not visible
  (Session info: chrome=69.0.3497.100)
  (Driver info: chromedriver=2.35.528161 (5b82f2d2aae0ca24b877009200ced9065a772e73),platform=Windows NT 10.0.16299 x86_64) (WARNING: The server did not provide any stacktrace information)
Command duration or timeout: 0 milliseconds
Build info: version: '3.7.1', revision: '8a0099a', time: '2017-11-06T21:07:36.161Z'
System info: host: 'DESKTOP-IC62SMV', ip: '192.168.4.18', os.name: 'Windows 10', os.arch: 'amd64', os.version: '10.0', java.version: '1.8.0_102'
Driver info: com.kms.katalon.selenium.driver.CChromeDriver
Capabilities {acceptInsecureCerts: false, acceptSslCerts: false, applicationCacheEnabled: false, browserConnectionEnabled: false, browserName: chrome, chrome: {chromedriverVersion: 2.35.528161 (5b82f2d2aae0ca..., userDataDir: C:\Users\Braseela\AppData\L...}, cssSelectorsEnabled: true, databaseEnabled: false, handlesAlerts: true, hasTouchScreen: false, javascriptEnabled: true, locationContextEnabled: true, mobileEmulationEnabled: false, nativeEvents: true, networkConnectionEnabled: false, pageLoadStrategy: normal, platform: XP, platformName: XP, rotatable: false, setWindowRect: true, takesHeapSnapshot: true, takesScreenshot: true, unexpectedAlertBehaviour: , unhandledPromptBehavior: , version: 69.0.3497.100, webStorageEnabled: true}
Session ID: 17ff91e1720a73835e0a5d3bd58c2551)
[[ATTACHMENT|D:\\Repo\\InApp-QA-Automation\\Mpulse_Automation\\Reports\\Test Suite For Demo\\20180921_144859\\1537522835146.png]]

2018-09-21 15:10:35 - [MESSAGE][PASSED] - Wait for page load successfully

2018-09-21 15:10:38 - [MESSAGE][PASSED] - Delayed 3 second(s)

2018-09-21 15:10:38 - [MESSAGE][PASSED] - Object 'Object Repository/workOrder/expandAndMinimize' is present

2018-09-21 15:10:43 - [MESSAGE][PASSED] - Delayed 5 second(s)

2018-09-21 15:10:44 - [MESSAGE][PASSED] - Object: 'Object Repository/workOrder/expandAndMinimize' is clicked on

2018-09-21 15:10:47 - [MESSAGE][PASSED] - Delayed 3 second(s)

2018-09-21 15:10:47 - [MESSAGE][PASSED] - Wait for page load successfully

2018-09-21 15:10:47 - [MESSAGE][PASSED] - Object: 'Object Repository/workOrder/wolayout' is clicked on

2018-09-21 15:10:50 - [MESSAGE][PASSED] - Angular is ready.

2018-09-21 15:10:50 - [MESSAGE][PASSED] - Scroll to object 'Object Repository/SMR/scrollcontainer' successfully

2018-09-21 15:10:50 - [MESSAGE][PASSED] - Object: 'Object Repository/SMR/scrollcontainer' is clicked on

2018-09-21 15:10:52 - [MESSAGE][PASSED] - Angular is ready.

2018-09-21 15:10:55 - [MESSAGE][PASSED] - Delayed 3 second(s)

2018-09-21 15:10:56 - [MESSAGE][PASSED] - Object: 'Object Repository/workOrder/expandAndMinimize' is clicked on

2018-09-21 15:10:57 - [MESSAGE][PASSED] - Wait for page load successfully

2018-09-21 15:10:59 - [MESSAGE][PASSED] - Angular is ready.

2018-09-21 15:11:00 - [MESSAGE][PASSED] - Object: 'Object Repository/workOrder/workOrderTabs' is clicked on

2018-09-21 15:11:00 - [MESSAGE][PASSED] - Object 'Object Repository/workOrder/link_Asset_Task_Inventory' is clickable

2018-09-21 15:11:00 - [MESSAGE][PASSED] - Wait for page load successfully

2018-09-21 15:11:00 - [MESSAGE][PASSED] - Object: 'Object Repository/workOrder/link_Asset_Task_Inventory' is clicked on

2018-09-21 15:11:00 - [MESSAGE][PASSED] - Wait for page load successfully

2018-09-21 15:11:01 - [MESSAGE][PASSED] - File 'C:\Users\Braseela\\Documents\\sample.pdf' sent to object: 'Object Repository/SMR/choosefile'

2018-09-21 15:11:01 - [MESSAGE][PASSED] - Angular is ready.

2018-09-21 15:11:01 - [MESSAGE][PASSED] - Wait for page load successfully

2018-09-21 15:11:01 - [MESSAGE][PASSED] - Object 'Object Repository/workOrder/media_desc' is present

2018-09-21 15:11:01 - [MESSAGE][PASSED] - Text of object 'Object Repository/workOrder/media_desc' is cleared

2018-09-21 15:11:02 - [MESSAGE][PASSED] - Text 'Test Sanity Media1537522770057' is set on object 'Object Repository/workOrder/media_desc'

2018-09-21 15:11:03 - [MESSAGE][PASSED] - Object: 'Object Repository/SMR/upload' is clicked on

2018-09-21 15:11:04 - [MESSAGE][PASSED] - Object 'Object Repository/workOrder/media_verify' is present

2018-09-21 15:11:04 - [MESSAGE][PASSED] - Object 'Object Repository/workOrder/media_verify' is present

2018-09-21 15:11:04 - [MESSAGE][PASSED] - Object 'Object Repository/workOrder/media_verify' is clickable

2018-09-21 15:11:05 - [MESSAGE][PASSED] - Object: 'Object Repository/workOrder/media_verify' is clicked on

2018-09-21 15:11:05 - [MESSAGE][PASSED] - Object: 'Object Repository/workOrder/media_lens' is clicked on

2018-09-21 15:11:06 - [MESSAGE][PASSED] - Angular is ready.

2018-09-21 15:11:16 - [MESSAGE][PASSED] - Delayed 10 second(s)

2018-09-21 15:11:16 - [MESSAGE][PASSED] - Object 'Object Repository/workOrder/media_container' is present

2018-09-21 15:11:16 - [MESSAGE][PASSED] - Object: 'Object Repository/workOrder/mediaclose' is clicked on

2018-09-21 15:11:16 - [MESSAGE][PASSED] - Angular is ready.

2018-09-21 15:11:16 - [MESSAGE][PASSED] - media.uploadMediatoWO.uploadMedia is PASSED

2018-09-21 15:11:16 - [TEST_STEP][PASSED] - commonUtils.Common.logoutAndCloseBrowser: commonUtils.Common.logoutAndCloseBrowser is PASSED

2018-09-21 15:11:21 - [MESSAGE][PASSED] - Delayed 5 second(s)

2018-09-21 15:11:22 - [MESSAGE][PASSED] - Object: 'Object Repository/homePage/settings' is clicked on

2018-09-21 15:11:22 - [MESSAGE][PASSED] - Object: 'Object Repository/workOrder/WORecords' is clicked on

2018-09-21 15:11:22 - [MESSAGE][PASSED] - Object 'Object Repository/loginPage/username' is present

2018-09-21 15:11:23 - [MESSAGE][PASSED] - Browser is closed

2018-09-21 15:11:23 - [MESSAGE][PASSED] - commonUtils.Common.logoutAndCloseBrowser is PASSED]]></system-out>
         <system-err><![CDATA[]]></system-err>
      </testcase>
      <testcase name="Test Cases/Layout_selection" classname="Test Cases/Layout_selection" status="PASSED">
         <system-out><![CDATA[2018-09-21 15:11:23 - [TEST_CASE][PASSED] - Test Cases/Layout_selection: Test Cases/Layout_selection

2018-09-21 15:11:23 - [TEST_STEP][PASSED] - commonUtils.layout_select.layout_selection: commonUtils.layout_select.layout_selection is PASSED

2018-09-21 15:11:25 - [MESSAGE][PASSED] - Browser is opened with url: ''

2018-09-21 15:11:26 - [MESSAGE][PASSED] - Current window maximized

2018-09-21 15:11:34 - [MESSAGE][PASSED] - Navigate to 'https://mpulse8.com/#/' successfully

2018-09-21 15:11:34 - [MESSAGE][PASSED] - Object 'Object Repository/loginPage/username' is clickable

2018-09-21 15:11:35 - [MESSAGE][PASSED] - Text 'abhi' is set on object 'Object Repository/loginPage/username'

2018-09-21 15:11:35 - [MESSAGE][PASSED] - Text '123456' is set on object 'Object Repository/loginPage/password'

2018-09-21 15:11:36 - [MESSAGE][PASSED] - Keys 'mpulse8_inapp' sent to object: 'Object Repository/loginPage/database_name'

2018-09-21 15:11:36 - [MESSAGE][PASSED] - Object: 'Object Repository/loginPage/Login_btn' is clicked on

2018-09-21 15:11:36 - [MESSAGE][PASSED] - Wait for page load successfully

2018-09-21 15:11:41 - [MESSAGE][PASSED] - Delayed 5 second(s)

2018-09-21 15:11:54 - [MESSAGE][PASSED] - Object: 'Object Repository/workOrder/workOrders' is clicked on

2018-09-21 15:11:54 - [MESSAGE][PASSED] - Object: 'Object Repository/workOrder/WORecords' is clicked on

2018-09-21 15:11:54 - [MESSAGE][PASSED] - Wait for page load successfully

2018-09-21 15:11:57 - [MESSAGE][PASSED] - Delayed 3 second(s)

2018-09-21 15:12:01 - [MESSAGE][FAILED] - Unable to click on object 'Object Repository/workOrder/cancel' (Root cause: org.openqa.selenium.ElementNotVisibleException: element not visible
  (Session info: chrome=69.0.3497.100)
  (Driver info: chromedriver=2.35.528161 (5b82f2d2aae0ca24b877009200ced9065a772e73),platform=Windows NT 10.0.16299 x86_64) (WARNING: The server did not provide any stacktrace information)
Command duration or timeout: 0 milliseconds
Build info: version: '3.7.1', revision: '8a0099a', time: '2017-11-06T21:07:36.161Z'
System info: host: 'DESKTOP-IC62SMV', ip: '192.168.4.18', os.name: 'Windows 10', os.arch: 'amd64', os.version: '10.0', java.version: '1.8.0_102'
Driver info: com.kms.katalon.selenium.driver.CChromeDriver
Capabilities {acceptInsecureCerts: false, acceptSslCerts: false, applicationCacheEnabled: false, browserConnectionEnabled: false, browserName: chrome, chrome: {chromedriverVersion: 2.35.528161 (5b82f2d2aae0ca..., userDataDir: C:\Users\Braseela\AppData\L...}, cssSelectorsEnabled: true, databaseEnabled: false, handlesAlerts: true, hasTouchScreen: false, javascriptEnabled: true, locationContextEnabled: true, mobileEmulationEnabled: false, nativeEvents: true, networkConnectionEnabled: false, pageLoadStrategy: normal, platform: XP, platformName: XP, rotatable: false, setWindowRect: true, takesHeapSnapshot: true, takesScreenshot: true, unexpectedAlertBehaviour: , unhandledPromptBehavior: , version: 69.0.3497.100, webStorageEnabled: true}
Session ID: f4e8a39e6ab0def0abfdd602919390ef)
[[ATTACHMENT|D:\\Repo\\InApp-QA-Automation\\Mpulse_Automation\\Reports\\Test Suite For Demo\\20180921_144859\\1537522920858.png]]

2018-09-21 15:12:01 - [MESSAGE][PASSED] - Wait for page load successfully

2018-09-21 15:12:04 - [MESSAGE][PASSED] - Delayed 3 second(s)

2018-09-21 15:12:04 - [MESSAGE][PASSED] - Object 'Object Repository/workOrder/hideMenu' is present

2018-09-21 15:12:04 - [MESSAGE][FAILED] - Unable to click on object 'Object Repository/workOrder/hideMenu' (Root cause: org.openqa.selenium.ElementNotVisibleException: element not visible
  (Session info: chrome=69.0.3497.100)
  (Driver info: chromedriver=2.35.528161 (5b82f2d2aae0ca24b877009200ced9065a772e73),platform=Windows NT 10.0.16299 x86_64) (WARNING: The server did not provide any stacktrace information)
Command duration or timeout: 0 milliseconds
Build info: version: '3.7.1', revision: '8a0099a', time: '2017-11-06T21:07:36.161Z'
System info: host: 'DESKTOP-IC62SMV', ip: '192.168.4.18', os.name: 'Windows 10', os.arch: 'amd64', os.version: '10.0', java.version: '1.8.0_102'
Driver info: com.kms.katalon.selenium.driver.CChromeDriver
Capabilities {acceptInsecureCerts: false, acceptSslCerts: false, applicationCacheEnabled: false, browserConnectionEnabled: false, browserName: chrome, chrome: {chromedriverVersion: 2.35.528161 (5b82f2d2aae0ca..., userDataDir: C:\Users\Braseela\AppData\L...}, cssSelectorsEnabled: true, databaseEnabled: false, handlesAlerts: true, hasTouchScreen: false, javascriptEnabled: true, locationContextEnabled: true, mobileEmulationEnabled: false, nativeEvents: true, networkConnectionEnabled: false, pageLoadStrategy: normal, platform: XP, platformName: XP, rotatable: false, setWindowRect: true, takesHeapSnapshot: true, takesScreenshot: true, unexpectedAlertBehaviour: , unhandledPromptBehavior: , version: 69.0.3497.100, webStorageEnabled: true}
Session ID: f4e8a39e6ab0def0abfdd602919390ef)
[[ATTACHMENT|D:\\Repo\\InApp-QA-Automation\\Mpulse_Automation\\Reports\\Test Suite For Demo\\20180921_144859\\1537522924288.png]]

2018-09-21 15:12:04 - [MESSAGE][PASSED] - Wait for page load successfully

2018-09-21 15:12:07 - [MESSAGE][PASSED] - Delayed 3 second(s)

2018-09-21 15:12:07 - [MESSAGE][PASSED] - Object 'Object Repository/workOrder/expandAndMinimize' is present

2018-09-21 15:12:12 - [MESSAGE][PASSED] - Delayed 5 second(s)

2018-09-21 15:12:13 - [MESSAGE][PASSED] - Object: 'Object Repository/workOrder/expandAndMinimize' is clicked on

2018-09-21 15:12:16 - [MESSAGE][PASSED] - Delayed 3 second(s)

2018-09-21 15:12:16 - [MESSAGE][PASSED] - Angular is ready.

2018-09-21 15:12:21 - [MESSAGE][PASSED] - Delayed 5 second(s)

2018-09-21 15:12:22 - [MESSAGE][PASSED] - Object: 'Object Repository/workOrder/layoutlist' is clicked on

2018-09-21 15:12:27 - [MESSAGE][PASSED] - Delayed 5 second(s)

2018-09-21 15:12:28 - [MESSAGE][PASSED] - Angular is ready.

2018-09-21 15:12:28 - [MESSAGE][PASSED] - Scroll to object 'Object Repository/workOrder/sellay' successfully

2018-09-21 15:12:28 - [MESSAGE][PASSED] - Object: 'Object Repository/workOrder/sellay' is clicked on

2018-09-21 15:12:33 - [MESSAGE][PASSED] - Delayed 5 second(s)

2018-09-21 15:12:33 - [MESSAGE][PASSED] - Object: 'Object Repository/homePage/settings' is clicked on

2018-09-21 15:12:34 - [MESSAGE][PASSED] - Object: 'Object Repository/workOrder/WORecords' is clicked on

2018-09-21 15:12:34 - [MESSAGE][PASSED] - Object 'Object Repository/loginPage/username' is present

2018-09-21 15:12:35 - [MESSAGE][PASSED] - Browser is closed

2018-09-21 15:12:35 - [MESSAGE][PASSED] - commonUtils.layout_select.layout_selection is PASSED]]></system-out>
         <system-err><![CDATA[]]></system-err>
      </testcase>
      <system-out><![CDATA[2018-09-21 14:49:01 - [TEST_SUITE][FAILED] - Test Suite For Demo: Test Cases/SANT-TC-030_WO_Hold_FormLayout FAILED because (of) Unable to click on object 'Object Repository/workOrder/workOrders' (Root cause: com.kms.katalon.core.webui.exception.WebElementNotFoundException: Web element with id: 'Object Repository/workOrder/workOrders' located by 'By.xpath: //span[@title='Work Orders' or @class='work']' not found)]]></system-out>
      <system-err><![CDATA[2018-09-21 14:49:01 - [TEST_SUITE][FAILED] - Test Suite For Demo: Test Cases/SANT-TC-030_WO_Hold_FormLayout FAILED because (of) Unable to click on object 'Object Repository/workOrder/workOrders' (Root cause: com.kms.katalon.core.webui.exception.WebElementNotFoundException: Web element with id: 'Object Repository/workOrder/workOrders' located by 'By.xpath: //span[@title='Work Orders' or @class='work']' not found)]]></system-err>
   </testsuite>
</testsuites>
